#! /usr/bin/vvp
:ivl_version "11.0 (stable)";
:ivl_delay_selection "TYPICAL";
:vpi_time_precision + 0;
:vpi_module "/usr/lib/x86_64-linux-gnu/ivl/system.vpi";
:vpi_module "/usr/lib/x86_64-linux-gnu/ivl/vhdl_sys.vpi";
:vpi_module "/usr/lib/x86_64-linux-gnu/ivl/vhdl_textio.vpi";
:vpi_module "/usr/lib/x86_64-linux-gnu/ivl/v2005_math.vpi";
:vpi_module "/usr/lib/x86_64-linux-gnu/ivl/va_math.vpi";
S_0x560e4fa0e240 .scope module, "control_unit" "control_unit" 2 1;
 .timescale 0 0;
    .port_info 0 /INPUT 32 "INSTRUCTION";
    .port_info 1 /OUTPUT 1 "OP1_SEL";
    .port_info 2 /OUTPUT 1 "OP2_SEL";
    .port_info 3 /OUTPUT 1 "REG_WRITE_EN";
    .port_info 4 /OUTPUT 3 "IMM_SEL";
    .port_info 5 /OUTPUT 4 "BR_SEL";
    .port_info 6 /OUTPUT 5 "ALU_OP";
    .port_info 7 /OUTPUT 3 "MEM_WRITE";
    .port_info 8 /OUTPUT 4 "MEM_READ";
    .port_info 9 /OUTPUT 2 "REG_WRITE_SEL";
L_0x560e4fa901d0 .functor OR 1, L_0x560e4fa8ff70, L_0x560e4fa900e0, C4<0>, C4<0>;
L_0x560e4fa903f0/d .functor OR 1, L_0x560e4fa901d0, L_0x560e4fa902e0, C4<0>, C4<0>;
L_0x560e4fa903f0 .delay 1 (3,3,3) L_0x560e4fa903f0/d;
L_0x560e4fa90820 .functor OR 1, L_0x560e4fa905a0, L_0x560e4fa906e0, C4<0>, C4<0>;
L_0x560e4fa90a20 .functor OR 1, L_0x560e4fa90820, L_0x560e4fa90930, C4<0>, C4<0>;
L_0x560e4fa90cb0 .functor OR 1, L_0x560e4fa90a20, L_0x560e4fa90b60, C4<0>, C4<0>;
L_0x560e4fa90e60 .functor OR 1, L_0x560e4fa90cb0, L_0x560e4fa90d70, C4<0>, C4<0>;
L_0x560e4fa910c0 .functor OR 1, L_0x560e4fa90e60, L_0x560e4fa90fb0, C4<0>, C4<0>;
L_0x560e4fa912c0 .functor OR 1, L_0x560e4fa910c0, L_0x560e4fa911d0, C4<0>, C4<0>;
L_0x560e4fa91050/d .functor OR 1, L_0x560e4fa912c0, L_0x560e4fa91420, C4<0>, C4<0>;
L_0x560e4fa91050 .delay 1 (3,3,3) L_0x560e4fa91050/d;
L_0x560e4fa91a50 .functor OR 1, L_0x560e4fa917e0, L_0x560e4fa918d0, C4<0>, C4<0>;
L_0x560e4fa91bc0/d .functor NOT 1, L_0x560e4fa91a50, C4<0>, C4<0>, C4<0>;
L_0x560e4fa91bc0 .delay 1 (3,3,3) L_0x560e4fa91bc0/d;
L_0x560e4fa93d30 .functor OR 1, L_0x560e4fa93a30, L_0x560e4fa93b20, C4<0>, C4<0>;
L_0x560e4fa941b0/d .functor OR 1, L_0x560e4fa93d30, L_0x560e4fa940c0, C4<0>, C4<0>;
L_0x560e4fa941b0 .delay 1 (3,3,3) L_0x560e4fa941b0/d;
L_0x560e4fa947b0 .functor OR 1, L_0x560e4fa93c10, L_0x560e4fa94580, C4<0>, C4<0>;
L_0x560e4fa93e40/d .functor BUFZ 3, L_0x560e4fa8fe30, C4<000>, C4<000>, C4<000>;
L_0x560e4fa93e40 .delay 3 (3,3,3) L_0x560e4fa93e40/d;
L_0x560e4fab51d0/d .functor NOT 1, L_0x560e4fab50e0, C4<0>, C4<0>, C4<0>;
L_0x560e4fab51d0 .delay 1 (3,3,3) L_0x560e4fab51d0/d;
L_0x560e4fab5700 .functor OR 1, L_0x560e4fab5520, L_0x560e4fab5610, C4<0>, C4<0>;
L_0x560e4fab5900/d .functor OR 1, L_0x560e4fab5700, L_0x560e4fab5810, C4<0>, C4<0>;
L_0x560e4fab5900 .delay 1 (3,3,3) L_0x560e4fab5900/d;
v0x560e4fa055f0_0 .net "ALU_OP", 4 0, L_0x560e4fab4590;  1 drivers
v0x560e4fa7f730_0 .net "BR_SEL", 3 0, L_0x560e4fa94360;  1 drivers
v0x560e4fa7f810_0 .net "IMM_SEL", 2 0, L_0x560e4fa936f0;  1 drivers
o0x7f97a3c1d0a8 .functor BUFZ 32, C4<zzzzzzzzzzzzzzzzzzzzzzzzzzzzzzzz>; HiZ drive
v0x560e4fa7f8d0_0 .net "INSTRUCTION", 31 0, o0x7f97a3c1d0a8;  0 drivers
v0x560e4fa7f9b0_0 .net "MEM_READ", 3 0, L_0x560e4fab5480;  1 drivers
v0x560e4fa7fa90_0 .net "MEM_WRITE", 2 0, L_0x560e4fab4b30;  1 drivers
v0x560e4fa7fb70_0 .net "OP1_SEL", 0 0, L_0x560e4fa903f0;  1 drivers
v0x560e4fa7fc30_0 .net "OP2_SEL", 0 0, L_0x560e4fa91050;  1 drivers
v0x560e4fa7fcf0_0 .net "REG_WRITE_EN", 0 0, L_0x560e4fa91bc0;  1 drivers
v0x560e4fa7fe40_0 .net "REG_WRITE_SEL", 1 0, L_0x560e4fab53c0;  1 drivers
o0x7f97a3c1d1f8 .functor BUFZ 1, C4<z>; HiZ drive
v0x560e4fa7ff20_0 .net "RESET", 0 0, o0x7f97a3c1d1f8;  0 drivers
L_0x7f97a36f7060 .functor BUFT 1, C4<1101111>, C4<0>, C4<0>, C4<0>;
v0x560e4fa7ffe0_0 .net/2u *"_ivl_10", 6 0, L_0x7f97a36f7060;  1 drivers
v0x560e4fa800c0_0 .net *"_ivl_100", 0 0, L_0x560e4fa920d0;  1 drivers
L_0x7f97a36f75b8 .functor BUFT 1, C4<001>, C4<0>, C4<0>, C4<0>;
v0x560e4fa80180_0 .net/2u *"_ivl_102", 2 0, L_0x7f97a36f75b8;  1 drivers
L_0x7f97a36f7600 .functor BUFT 1, C4<1100011>, C4<0>, C4<0>, C4<0>;
v0x560e4fa80260_0 .net/2u *"_ivl_104", 6 0, L_0x7f97a36f7600;  1 drivers
v0x560e4fa80340_0 .net *"_ivl_106", 0 0, L_0x560e4fa91eb0;  1 drivers
L_0x7f97a36f7648 .functor BUFT 1, C4<010>, C4<0>, C4<0>, C4<0>;
v0x560e4fa80400_0 .net/2u *"_ivl_108", 2 0, L_0x7f97a36f7648;  1 drivers
L_0x7f97a36f7690 .functor BUFT 1, C4<0110111>, C4<0>, C4<0>, C4<0>;
v0x560e4fa805f0_0 .net/2u *"_ivl_110", 6 0, L_0x7f97a36f7690;  1 drivers
v0x560e4fa806d0_0 .net *"_ivl_112", 0 0, L_0x560e4fa92380;  1 drivers
L_0x7f97a36f76d8 .functor BUFT 1, C4<011>, C4<0>, C4<0>, C4<0>;
v0x560e4fa80790_0 .net/2u *"_ivl_114", 2 0, L_0x7f97a36f76d8;  1 drivers
L_0x7f97a36f7720 .functor BUFT 1, C4<0010111>, C4<0>, C4<0>, C4<0>;
v0x560e4fa80870_0 .net/2u *"_ivl_116", 6 0, L_0x7f97a36f7720;  1 drivers
v0x560e4fa80950_0 .net *"_ivl_118", 0 0, L_0x560e4fa92590;  1 drivers
v0x560e4fa80a10_0 .net *"_ivl_12", 0 0, L_0x560e4fa900e0;  1 drivers
L_0x7f97a36f7768 .functor BUFT 1, C4<011>, C4<0>, C4<0>, C4<0>;
v0x560e4fa80ad0_0 .net/2u *"_ivl_120", 2 0, L_0x7f97a36f7768;  1 drivers
L_0x7f97a36f77b0 .functor BUFT 1, C4<1101111>, C4<0>, C4<0>, C4<0>;
v0x560e4fa80bb0_0 .net/2u *"_ivl_122", 6 0, L_0x7f97a36f77b0;  1 drivers
v0x560e4fa80c90_0 .net *"_ivl_124", 0 0, L_0x560e4fa926e0;  1 drivers
L_0x7f97a36f77f8 .functor BUFT 1, C4<100>, C4<0>, C4<0>, C4<0>;
v0x560e4fa80d50_0 .net/2u *"_ivl_126", 2 0, L_0x7f97a36f77f8;  1 drivers
L_0x7f97a36f7840 .functor BUFT 1, C4<xxx>, C4<0>, C4<0>, C4<0>;
v0x560e4fa80e30_0 .net *"_ivl_128", 2 0, L_0x7f97a36f7840;  1 drivers
v0x560e4fa80f10_0 .net *"_ivl_130", 2 0, L_0x560e4fa92900;  1 drivers
v0x560e4fa80ff0_0 .net *"_ivl_132", 2 0, L_0x560e4fa92ac0;  1 drivers
v0x560e4fa810d0_0 .net *"_ivl_134", 2 0, L_0x560e4fa92d30;  1 drivers
v0x560e4fa811b0_0 .net *"_ivl_136", 2 0, L_0x560e4fa92ec0;  1 drivers
v0x560e4fa81290_0 .net *"_ivl_138", 2 0, L_0x560e4fa93140;  1 drivers
v0x560e4fa81580_0 .net *"_ivl_14", 0 0, L_0x560e4fa901d0;  1 drivers
v0x560e4fa81660_0 .net *"_ivl_140", 2 0, L_0x560e4fa932d0;  1 drivers
v0x560e4fa81740_0 .net *"_ivl_142", 2 0, L_0x560e4fa93560;  1 drivers
L_0x7f97a36f7888 .functor BUFT 1, C4<1100111>, C4<0>, C4<0>, C4<0>;
v0x560e4fa81820_0 .net/2u *"_ivl_148", 6 0, L_0x7f97a36f7888;  1 drivers
v0x560e4fa81900_0 .net *"_ivl_150", 0 0, L_0x560e4fa93a30;  1 drivers
L_0x7f97a36f78d0 .functor BUFT 1, C4<1101111>, C4<0>, C4<0>, C4<0>;
v0x560e4fa819c0_0 .net/2u *"_ivl_152", 6 0, L_0x7f97a36f78d0;  1 drivers
v0x560e4fa81aa0_0 .net *"_ivl_154", 0 0, L_0x560e4fa93b20;  1 drivers
v0x560e4fa81b60_0 .net *"_ivl_156", 0 0, L_0x560e4fa93d30;  1 drivers
L_0x7f97a36f7918 .functor BUFT 1, C4<1100011>, C4<0>, C4<0>, C4<0>;
v0x560e4fa81c40_0 .net/2u *"_ivl_158", 6 0, L_0x7f97a36f7918;  1 drivers
L_0x7f97a36f70a8 .functor BUFT 1, C4<1100011>, C4<0>, C4<0>, C4<0>;
v0x560e4fa81d20_0 .net/2u *"_ivl_16", 6 0, L_0x7f97a36f70a8;  1 drivers
v0x560e4fa81e00_0 .net *"_ivl_160", 0 0, L_0x560e4fa940c0;  1 drivers
v0x560e4fa81ec0_0 .net *"_ivl_162", 0 0, L_0x560e4fa941b0;  1 drivers
L_0x7f97a36f7960 .functor BUFT 1, C4<1100111>, C4<0>, C4<0>, C4<0>;
v0x560e4fa81fa0_0 .net/2u *"_ivl_167", 6 0, L_0x7f97a36f7960;  1 drivers
v0x560e4fa82080_0 .net *"_ivl_169", 0 0, L_0x560e4fa93c10;  1 drivers
L_0x7f97a36f79a8 .functor BUFT 1, C4<1101111>, C4<0>, C4<0>, C4<0>;
v0x560e4fa82140_0 .net/2u *"_ivl_171", 6 0, L_0x7f97a36f79a8;  1 drivers
v0x560e4fa82220_0 .net *"_ivl_173", 0 0, L_0x560e4fa94580;  1 drivers
v0x560e4fa822e0_0 .net *"_ivl_176", 0 0, L_0x560e4fa947b0;  1 drivers
L_0x7f97a36f79f0 .functor BUFT 1, C4<010>, C4<0>, C4<0>, C4<0>;
v0x560e4fa823a0_0 .net/2u *"_ivl_177", 2 0, L_0x7f97a36f79f0;  1 drivers
v0x560e4fa82480_0 .net *"_ivl_179", 2 0, L_0x560e4fa94940;  1 drivers
v0x560e4fa82560_0 .net *"_ivl_18", 0 0, L_0x560e4fa902e0;  1 drivers
v0x560e4fa82620_0 .net *"_ivl_181", 16 0, L_0x560e4fa94bc0;  1 drivers
L_0x7f97a36f7a38 .functor BUFT 1, C4<01100110000000000>, C4<0>, C4<0>, C4<0>;
v0x560e4fa82700_0 .net/2u *"_ivl_183", 16 0, L_0x7f97a36f7a38;  1 drivers
v0x560e4fa827e0_0 .net *"_ivl_185", 0 0, L_0x560e4faa4e10;  1 drivers
L_0x7f97a36f7a80 .functor BUFT 1, C4<00000>, C4<0>, C4<0>, C4<0>;
v0x560e4fa828a0_0 .net/2u *"_ivl_187", 4 0, L_0x7f97a36f7a80;  1 drivers
v0x560e4fa82980_0 .net *"_ivl_189", 16 0, L_0x560e4faa4f00;  1 drivers
L_0x7f97a36f7ac8 .functor BUFT 1, C4<01100110000100000>, C4<0>, C4<0>, C4<0>;
v0x560e4fa82a60_0 .net/2u *"_ivl_191", 16 0, L_0x7f97a36f7ac8;  1 drivers
v0x560e4fa82b40_0 .net *"_ivl_193", 0 0, L_0x560e4faa5100;  1 drivers
L_0x7f97a36f7b10 .functor BUFT 1, C4<00010>, C4<0>, C4<0>, C4<0>;
v0x560e4fa82c00_0 .net/2u *"_ivl_195", 4 0, L_0x7f97a36f7b10;  1 drivers
v0x560e4fa82ce0_0 .net *"_ivl_197", 16 0, L_0x560e4faa51f0;  1 drivers
L_0x7f97a36f7b58 .functor BUFT 1, C4<01100110010000000>, C4<0>, C4<0>, C4<0>;
v0x560e4fa82dc0_0 .net/2u *"_ivl_199", 16 0, L_0x7f97a36f7b58;  1 drivers
v0x560e4fa82ea0_0 .net *"_ivl_201", 0 0, L_0x560e4faa5400;  1 drivers
L_0x7f97a36f7ba0 .functor BUFT 1, C4<00100>, C4<0>, C4<0>, C4<0>;
v0x560e4fa82f60_0 .net/2u *"_ivl_203", 4 0, L_0x7f97a36f7ba0;  1 drivers
v0x560e4fa83450_0 .net *"_ivl_205", 16 0, L_0x560e4faa54f0;  1 drivers
L_0x7f97a36f7be8 .functor BUFT 1, C4<01100110100000000>, C4<0>, C4<0>, C4<0>;
v0x560e4fa83530_0 .net/2u *"_ivl_207", 16 0, L_0x7f97a36f7be8;  1 drivers
v0x560e4fa83610_0 .net *"_ivl_209", 0 0, L_0x560e4faa5710;  1 drivers
L_0x7f97a36f7c30 .functor BUFT 1, C4<01000>, C4<0>, C4<0>, C4<0>;
v0x560e4fa836d0_0 .net/2u *"_ivl_211", 4 0, L_0x7f97a36f7c30;  1 drivers
v0x560e4fa837b0_0 .net *"_ivl_213", 16 0, L_0x560e4faa5850;  1 drivers
L_0x7f97a36f7c78 .functor BUFT 1, C4<01100110110000000>, C4<0>, C4<0>, C4<0>;
v0x560e4fa83890_0 .net/2u *"_ivl_215", 16 0, L_0x7f97a36f7c78;  1 drivers
v0x560e4fa83970_0 .net *"_ivl_217", 0 0, L_0x560e4faa5a80;  1 drivers
L_0x7f97a36f7cc0 .functor BUFT 1, C4<01100>, C4<0>, C4<0>, C4<0>;
v0x560e4fa83a30_0 .net/2u *"_ivl_219", 4 0, L_0x7f97a36f7cc0;  1 drivers
L_0x7f97a36f70f0 .functor BUFT 1, C4<0000011>, C4<0>, C4<0>, C4<0>;
v0x560e4fa83b10_0 .net/2u *"_ivl_22", 6 0, L_0x7f97a36f70f0;  1 drivers
v0x560e4fa83bf0_0 .net *"_ivl_221", 16 0, L_0x560e4faa5bc0;  1 drivers
L_0x7f97a36f7d08 .functor BUFT 1, C4<01100111000000000>, C4<0>, C4<0>, C4<0>;
v0x560e4fa83cd0_0 .net/2u *"_ivl_223", 16 0, L_0x7f97a36f7d08;  1 drivers
v0x560e4fa83db0_0 .net *"_ivl_225", 0 0, L_0x560e4faa5e00;  1 drivers
L_0x7f97a36f7d50 .functor BUFT 1, C4<10000>, C4<0>, C4<0>, C4<0>;
v0x560e4fa83e70_0 .net/2u *"_ivl_227", 4 0, L_0x7f97a36f7d50;  1 drivers
v0x560e4fa83f50_0 .net *"_ivl_229", 16 0, L_0x560e4faa5f40;  1 drivers
L_0x7f97a36f7d98 .functor BUFT 1, C4<01100111010000000>, C4<0>, C4<0>, C4<0>;
v0x560e4fa84030_0 .net/2u *"_ivl_231", 16 0, L_0x7f97a36f7d98;  1 drivers
v0x560e4fa84110_0 .net *"_ivl_233", 0 0, L_0x560e4faa6220;  1 drivers
L_0x7f97a36f7de0 .functor BUFT 1, C4<10100>, C4<0>, C4<0>, C4<0>;
v0x560e4fa841d0_0 .net/2u *"_ivl_235", 4 0, L_0x7f97a36f7de0;  1 drivers
v0x560e4fa842b0_0 .net *"_ivl_237", 16 0, L_0x560e4faa6390;  1 drivers
L_0x7f97a36f7e28 .functor BUFT 1, C4<01100111010100000>, C4<0>, C4<0>, C4<0>;
v0x560e4fa84390_0 .net/2u *"_ivl_239", 16 0, L_0x7f97a36f7e28;  1 drivers
v0x560e4fa84470_0 .net *"_ivl_24", 0 0, L_0x560e4fa905a0;  1 drivers
v0x560e4fa84530_0 .net *"_ivl_241", 0 0, L_0x560e4faa6650;  1 drivers
L_0x7f97a36f7e70 .functor BUFT 1, C4<10110>, C4<0>, C4<0>, C4<0>;
v0x560e4fa845f0_0 .net/2u *"_ivl_243", 4 0, L_0x7f97a36f7e70;  1 drivers
v0x560e4fa846d0_0 .net *"_ivl_245", 16 0, L_0x560e4faa67c0;  1 drivers
L_0x7f97a36f7eb8 .functor BUFT 1, C4<01100111100000000>, C4<0>, C4<0>, C4<0>;
v0x560e4fa847b0_0 .net/2u *"_ivl_247", 16 0, L_0x7f97a36f7eb8;  1 drivers
v0x560e4fa84890_0 .net *"_ivl_249", 0 0, L_0x560e4faa6a90;  1 drivers
L_0x7f97a36f7f00 .functor BUFT 1, C4<11000>, C4<0>, C4<0>, C4<0>;
v0x560e4fa84950_0 .net/2u *"_ivl_251", 4 0, L_0x7f97a36f7f00;  1 drivers
v0x560e4fa84a30_0 .net *"_ivl_253", 16 0, L_0x560e4faa6c00;  1 drivers
L_0x7f97a36f7f48 .functor BUFT 1, C4<01100111110000000>, C4<0>, C4<0>, C4<0>;
v0x560e4fa84b10_0 .net/2u *"_ivl_255", 16 0, L_0x7f97a36f7f48;  1 drivers
v0x560e4fa84bf0_0 .net *"_ivl_257", 0 0, L_0x560e4faa6ee0;  1 drivers
L_0x7f97a36f7f90 .functor BUFT 1, C4<11100>, C4<0>, C4<0>, C4<0>;
v0x560e4fa84cb0_0 .net/2u *"_ivl_259", 4 0, L_0x7f97a36f7f90;  1 drivers
L_0x7f97a36f7138 .functor BUFT 1, C4<0010011>, C4<0>, C4<0>, C4<0>;
v0x560e4fa84d90_0 .net/2u *"_ivl_26", 6 0, L_0x7f97a36f7138;  1 drivers
v0x560e4fa84e70_0 .net *"_ivl_261", 9 0, L_0x560e4faa7050;  1 drivers
L_0x7f97a36f7fd8 .functor BUFT 1, C4<0110011000>, C4<0>, C4<0>, C4<0>;
v0x560e4fa84f50_0 .net/2u *"_ivl_263", 9 0, L_0x7f97a36f7fd8;  1 drivers
v0x560e4fa85030_0 .net *"_ivl_265", 0 0, L_0x560e4faa7310;  1 drivers
L_0x7f97a36f8020 .functor BUFT 1, C4<00001>, C4<0>, C4<0>, C4<0>;
v0x560e4fa850f0_0 .net/2u *"_ivl_267", 4 0, L_0x7f97a36f8020;  1 drivers
v0x560e4fa851d0_0 .net *"_ivl_269", 9 0, L_0x560e4faa7480;  1 drivers
L_0x7f97a36f8068 .functor BUFT 1, C4<0110011001>, C4<0>, C4<0>, C4<0>;
v0x560e4fa852b0_0 .net/2u *"_ivl_271", 9 0, L_0x7f97a36f8068;  1 drivers
v0x560e4fa85390_0 .net *"_ivl_273", 0 0, L_0x560e4faa7750;  1 drivers
L_0x7f97a36f80b0 .functor BUFT 1, C4<00101>, C4<0>, C4<0>, C4<0>;
v0x560e4fa85450_0 .net/2u *"_ivl_275", 4 0, L_0x7f97a36f80b0;  1 drivers
v0x560e4fa85530_0 .net *"_ivl_277", 9 0, L_0x560e4faa78c0;  1 drivers
L_0x7f97a36f80f8 .functor BUFT 1, C4<0110011010>, C4<0>, C4<0>, C4<0>;
v0x560e4fa85610_0 .net/2u *"_ivl_279", 9 0, L_0x7f97a36f80f8;  1 drivers
v0x560e4fa856f0_0 .net *"_ivl_28", 0 0, L_0x560e4fa906e0;  1 drivers
v0x560e4fa857b0_0 .net *"_ivl_281", 0 0, L_0x560e4faa7ba0;  1 drivers
L_0x7f97a36f8140 .functor BUFT 1, C4<01101>, C4<0>, C4<0>, C4<0>;
v0x560e4fa85870_0 .net/2u *"_ivl_283", 4 0, L_0x7f97a36f8140;  1 drivers
v0x560e4fa85950_0 .net *"_ivl_285", 9 0, L_0x560e4faa7d10;  1 drivers
L_0x7f97a36f8188 .functor BUFT 1, C4<0110011011>, C4<0>, C4<0>, C4<0>;
v0x560e4fa85a30_0 .net/2u *"_ivl_287", 9 0, L_0x7f97a36f8188;  1 drivers
v0x560e4fa85b10_0 .net *"_ivl_289", 0 0, L_0x560e4faa8000;  1 drivers
L_0x7f97a36f81d0 .functor BUFT 1, C4<01001>, C4<0>, C4<0>, C4<0>;
v0x560e4fa85bd0_0 .net/2u *"_ivl_291", 4 0, L_0x7f97a36f81d0;  1 drivers
v0x560e4fa85cb0_0 .net *"_ivl_293", 9 0, L_0x560e4faa8170;  1 drivers
L_0x7f97a36f8218 .functor BUFT 1, C4<0110011100>, C4<0>, C4<0>, C4<0>;
v0x560e4fa85d90_0 .net/2u *"_ivl_295", 9 0, L_0x7f97a36f8218;  1 drivers
v0x560e4fa85e70_0 .net *"_ivl_297", 0 0, L_0x560e4faa8880;  1 drivers
L_0x7f97a36f8260 .functor BUFT 1, C4<10001>, C4<0>, C4<0>, C4<0>;
v0x560e4fa85f30_0 .net/2u *"_ivl_299", 4 0, L_0x7f97a36f8260;  1 drivers
v0x560e4fa86010_0 .net *"_ivl_30", 0 0, L_0x560e4fa90820;  1 drivers
v0x560e4fa860f0_0 .net *"_ivl_301", 9 0, L_0x560e4faa89c0;  1 drivers
L_0x7f97a36f82a8 .functor BUFT 1, C4<0110011101>, C4<0>, C4<0>, C4<0>;
v0x560e4fa861d0_0 .net/2u *"_ivl_303", 9 0, L_0x7f97a36f82a8;  1 drivers
v0x560e4fa862b0_0 .net *"_ivl_305", 0 0, L_0x560e4faa8cd0;  1 drivers
L_0x7f97a36f82f0 .functor BUFT 1, C4<10101>, C4<0>, C4<0>, C4<0>;
v0x560e4fa86370_0 .net/2u *"_ivl_307", 4 0, L_0x7f97a36f82f0;  1 drivers
v0x560e4fa86450_0 .net *"_ivl_309", 9 0, L_0x560e4faa8e40;  1 drivers
L_0x7f97a36f8338 .functor BUFT 1, C4<0110011110>, C4<0>, C4<0>, C4<0>;
v0x560e4fa86530_0 .net/2u *"_ivl_311", 9 0, L_0x7f97a36f8338;  1 drivers
v0x560e4fa86610_0 .net *"_ivl_313", 0 0, L_0x560e4faa9160;  1 drivers
L_0x7f97a36f8380 .functor BUFT 1, C4<11001>, C4<0>, C4<0>, C4<0>;
v0x560e4fa866d0_0 .net/2u *"_ivl_315", 4 0, L_0x7f97a36f8380;  1 drivers
v0x560e4fa867b0_0 .net *"_ivl_317", 9 0, L_0x560e4faa92d0;  1 drivers
L_0x7f97a36f83c8 .functor BUFT 1, C4<0110011111>, C4<0>, C4<0>, C4<0>;
v0x560e4fa86890_0 .net/2u *"_ivl_319", 9 0, L_0x7f97a36f83c8;  1 drivers
L_0x7f97a36f7180 .functor BUFT 1, C4<0010111>, C4<0>, C4<0>, C4<0>;
v0x560e4fa86970_0 .net/2u *"_ivl_32", 6 0, L_0x7f97a36f7180;  1 drivers
v0x560e4fa87260_0 .net *"_ivl_321", 0 0, L_0x560e4faa9600;  1 drivers
L_0x7f97a36f8410 .functor BUFT 1, C4<11101>, C4<0>, C4<0>, C4<0>;
v0x560e4fa87320_0 .net/2u *"_ivl_323", 4 0, L_0x7f97a36f8410;  1 drivers
v0x560e4fa87400_0 .net *"_ivl_325", 6 0, L_0x560e4faa9770;  1 drivers
L_0x7f97a36f8458 .functor BUFT 1, C4<0000011>, C4<0>, C4<0>, C4<0>;
v0x560e4fa874e0_0 .net/2u *"_ivl_327", 6 0, L_0x7f97a36f8458;  1 drivers
v0x560e4fa875c0_0 .net *"_ivl_329", 0 0, L_0x560e4faa9ab0;  1 drivers
L_0x7f97a36f84a0 .functor BUFT 1, C4<00000>, C4<0>, C4<0>, C4<0>;
v0x560e4fa87680_0 .net/2u *"_ivl_331", 4 0, L_0x7f97a36f84a0;  1 drivers
v0x560e4fa87760_0 .net *"_ivl_333", 6 0, L_0x560e4faa9c20;  1 drivers
L_0x7f97a36f84e8 .functor BUFT 1, C4<0100011>, C4<0>, C4<0>, C4<0>;
v0x560e4fa87840_0 .net/2u *"_ivl_335", 6 0, L_0x7f97a36f84e8;  1 drivers
v0x560e4fa87920_0 .net *"_ivl_337", 0 0, L_0x560e4faa9f70;  1 drivers
L_0x7f97a36f8530 .functor BUFT 1, C4<00000>, C4<0>, C4<0>, C4<0>;
v0x560e4fa879e0_0 .net/2u *"_ivl_339", 4 0, L_0x7f97a36f8530;  1 drivers
v0x560e4fa87ac0_0 .net *"_ivl_34", 0 0, L_0x560e4fa90930;  1 drivers
v0x560e4fa87b80_0 .net *"_ivl_341", 6 0, L_0x560e4faaa0e0;  1 drivers
L_0x7f97a36f8578 .functor BUFT 1, C4<1100011>, C4<0>, C4<0>, C4<0>;
v0x560e4fa87c60_0 .net/2u *"_ivl_343", 6 0, L_0x7f97a36f8578;  1 drivers
v0x560e4fa87d40_0 .net *"_ivl_345", 0 0, L_0x560e4faaa440;  1 drivers
L_0x7f97a36f85c0 .functor BUFT 1, C4<00000>, C4<0>, C4<0>, C4<0>;
v0x560e4fa87e00_0 .net/2u *"_ivl_347", 4 0, L_0x7f97a36f85c0;  1 drivers
v0x560e4fa87ee0_0 .net *"_ivl_349", 6 0, L_0x560e4faaa5b0;  1 drivers
L_0x7f97a36f8608 .functor BUFT 1, C4<0010111>, C4<0>, C4<0>, C4<0>;
v0x560e4fa87fc0_0 .net/2u *"_ivl_351", 6 0, L_0x7f97a36f8608;  1 drivers
v0x560e4fa880a0_0 .net *"_ivl_353", 0 0, L_0x560e4faaa920;  1 drivers
L_0x7f97a36f8650 .functor BUFT 1, C4<00000>, C4<0>, C4<0>, C4<0>;
v0x560e4fa88160_0 .net/2u *"_ivl_355", 4 0, L_0x7f97a36f8650;  1 drivers
v0x560e4fa88240_0 .net *"_ivl_357", 6 0, L_0x560e4faaaa90;  1 drivers
L_0x7f97a36f8698 .functor BUFT 1, C4<1101111>, C4<0>, C4<0>, C4<0>;
v0x560e4fa88320_0 .net/2u *"_ivl_359", 6 0, L_0x7f97a36f8698;  1 drivers
v0x560e4fa88400_0 .net *"_ivl_36", 0 0, L_0x560e4fa90a20;  1 drivers
v0x560e4fa884e0_0 .net *"_ivl_361", 0 0, L_0x560e4faaae10;  1 drivers
L_0x7f97a36f86e0 .functor BUFT 1, C4<00000>, C4<0>, C4<0>, C4<0>;
v0x560e4fa885a0_0 .net/2u *"_ivl_363", 4 0, L_0x7f97a36f86e0;  1 drivers
v0x560e4fa88680_0 .net *"_ivl_365", 6 0, L_0x560e4faaaf80;  1 drivers
L_0x7f97a36f8728 .functor BUFT 1, C4<1100111>, C4<0>, C4<0>, C4<0>;
v0x560e4fa88760_0 .net/2u *"_ivl_367", 6 0, L_0x7f97a36f8728;  1 drivers
v0x560e4fa88840_0 .net *"_ivl_369", 0 0, L_0x560e4faab310;  1 drivers
L_0x7f97a36f8770 .functor BUFT 1, C4<00000>, C4<0>, C4<0>, C4<0>;
v0x560e4fa88900_0 .net/2u *"_ivl_371", 4 0, L_0x7f97a36f8770;  1 drivers
v0x560e4fa889e0_0 .net *"_ivl_373", 6 0, L_0x560e4faab480;  1 drivers
L_0x7f97a36f87b8 .functor BUFT 1, C4<0110111>, C4<0>, C4<0>, C4<0>;
v0x560e4fa88ac0_0 .net/2u *"_ivl_375", 6 0, L_0x7f97a36f87b8;  1 drivers
v0x560e4fa88ba0_0 .net *"_ivl_377", 0 0, L_0x560e4faab820;  1 drivers
L_0x7f97a36f8800 .functor BUFT 1, C4<11111>, C4<0>, C4<0>, C4<0>;
v0x560e4fa88c60_0 .net/2u *"_ivl_379", 4 0, L_0x7f97a36f8800;  1 drivers
L_0x7f97a36f71c8 .functor BUFT 1, C4<0100011>, C4<0>, C4<0>, C4<0>;
v0x560e4fa88d40_0 .net/2u *"_ivl_38", 6 0, L_0x7f97a36f71c8;  1 drivers
v0x560e4fa88e20_0 .net *"_ivl_381", 9 0, L_0x560e4faab990;  1 drivers
L_0x7f97a36f8848 .functor BUFT 1, C4<0010011000>, C4<0>, C4<0>, C4<0>;
v0x560e4fa88f00_0 .net/2u *"_ivl_383", 9 0, L_0x7f97a36f8848;  1 drivers
v0x560e4fa88fe0_0 .net *"_ivl_385", 0 0, L_0x560e4faabd40;  1 drivers
L_0x7f97a36f8890 .functor BUFT 1, C4<00000>, C4<0>, C4<0>, C4<0>;
v0x560e4fa890a0_0 .net/2u *"_ivl_387", 4 0, L_0x7f97a36f8890;  1 drivers
v0x560e4fa89180_0 .net *"_ivl_389", 9 0, L_0x560e4faabeb0;  1 drivers
L_0x7f97a36f88d8 .functor BUFT 1, C4<0010011010>, C4<0>, C4<0>, C4<0>;
v0x560e4fa89260_0 .net/2u *"_ivl_391", 9 0, L_0x7f97a36f88d8;  1 drivers
v0x560e4fa89340_0 .net *"_ivl_393", 0 0, L_0x560e4faac270;  1 drivers
L_0x7f97a36f8920 .functor BUFT 1, C4<01000>, C4<0>, C4<0>, C4<0>;
v0x560e4fa89400_0 .net/2u *"_ivl_395", 4 0, L_0x7f97a36f8920;  1 drivers
v0x560e4fa894e0_0 .net *"_ivl_397", 9 0, L_0x560e4faac3e0;  1 drivers
L_0x7f97a36f8968 .functor BUFT 1, C4<0010011011>, C4<0>, C4<0>, C4<0>;
v0x560e4fa895c0_0 .net/2u *"_ivl_399", 9 0, L_0x7f97a36f8968;  1 drivers
v0x560e4fa896a0_0 .net *"_ivl_40", 0 0, L_0x560e4fa90b60;  1 drivers
v0x560e4fa89760_0 .net *"_ivl_401", 0 0, L_0x560e4faac7b0;  1 drivers
L_0x7f97a36f89b0 .functor BUFT 1, C4<01100>, C4<0>, C4<0>, C4<0>;
v0x560e4fa89820_0 .net/2u *"_ivl_403", 4 0, L_0x7f97a36f89b0;  1 drivers
v0x560e4fa89900_0 .net *"_ivl_405", 9 0, L_0x560e4faac920;  1 drivers
L_0x7f97a36f89f8 .functor BUFT 1, C4<0010011100>, C4<0>, C4<0>, C4<0>;
v0x560e4fa899e0_0 .net/2u *"_ivl_407", 9 0, L_0x7f97a36f89f8;  1 drivers
v0x560e4fa89ac0_0 .net *"_ivl_409", 0 0, L_0x560e4faacd00;  1 drivers
L_0x7f97a36f8a40 .functor BUFT 1, C4<10000>, C4<0>, C4<0>, C4<0>;
v0x560e4fa89b80_0 .net/2u *"_ivl_411", 4 0, L_0x7f97a36f8a40;  1 drivers
v0x560e4fa89c60_0 .net *"_ivl_413", 9 0, L_0x560e4faace70;  1 drivers
L_0x7f97a36f8a88 .functor BUFT 1, C4<0010011110>, C4<0>, C4<0>, C4<0>;
v0x560e4fa89d40_0 .net/2u *"_ivl_415", 9 0, L_0x7f97a36f8a88;  1 drivers
v0x560e4fa89e20_0 .net *"_ivl_417", 0 0, L_0x560e4faad260;  1 drivers
L_0x7f97a36f8ad0 .functor BUFT 1, C4<11000>, C4<0>, C4<0>, C4<0>;
v0x560e4fa89ee0_0 .net/2u *"_ivl_419", 4 0, L_0x7f97a36f8ad0;  1 drivers
v0x560e4fa89fc0_0 .net *"_ivl_42", 0 0, L_0x560e4fa90cb0;  1 drivers
v0x560e4fa8a0a0_0 .net *"_ivl_421", 9 0, L_0x560e4faad3d0;  1 drivers
L_0x7f97a36f8b18 .functor BUFT 1, C4<0010011111>, C4<0>, C4<0>, C4<0>;
v0x560e4fa8a180_0 .net/2u *"_ivl_423", 9 0, L_0x7f97a36f8b18;  1 drivers
v0x560e4fa8a260_0 .net *"_ivl_425", 0 0, L_0x560e4faad7d0;  1 drivers
L_0x7f97a36f8b60 .functor BUFT 1, C4<11100>, C4<0>, C4<0>, C4<0>;
v0x560e4fa8a320_0 .net/2u *"_ivl_427", 4 0, L_0x7f97a36f8b60;  1 drivers
v0x560e4fa8a400_0 .net *"_ivl_429", 16 0, L_0x560e4faad940;  1 drivers
L_0x7f97a36f8ba8 .functor BUFT 1, C4<00100110010000000>, C4<0>, C4<0>, C4<0>;
v0x560e4fa8a4e0_0 .net/2u *"_ivl_431", 16 0, L_0x7f97a36f8ba8;  1 drivers
v0x560e4fa8a5c0_0 .net *"_ivl_433", 0 0, L_0x560e4faadd80;  1 drivers
L_0x7f97a36f8bf0 .functor BUFT 1, C4<00100>, C4<0>, C4<0>, C4<0>;
v0x560e4fa8a680_0 .net/2u *"_ivl_435", 4 0, L_0x7f97a36f8bf0;  1 drivers
v0x560e4fa8a760_0 .net *"_ivl_437", 16 0, L_0x560e4faadef0;  1 drivers
L_0x7f97a36f8c38 .functor BUFT 1, C4<00100111010000000>, C4<0>, C4<0>, C4<0>;
v0x560e4fa8a840_0 .net/2u *"_ivl_439", 16 0, L_0x7f97a36f8c38;  1 drivers
L_0x7f97a36f7210 .functor BUFT 1, C4<0110111>, C4<0>, C4<0>, C4<0>;
v0x560e4fa8a920_0 .net/2u *"_ivl_44", 6 0, L_0x7f97a36f7210;  1 drivers
v0x560e4fa8aa00_0 .net *"_ivl_441", 0 0, L_0x560e4faae340;  1 drivers
L_0x7f97a36f8c80 .functor BUFT 1, C4<10100>, C4<0>, C4<0>, C4<0>;
v0x560e4fa8aac0_0 .net/2u *"_ivl_443", 4 0, L_0x7f97a36f8c80;  1 drivers
v0x560e4fa8aba0_0 .net *"_ivl_445", 16 0, L_0x560e4faae4b0;  1 drivers
L_0x7f97a36f8cc8 .functor BUFT 1, C4<00100111010100000>, C4<0>, C4<0>, C4<0>;
v0x560e4fa8ac80_0 .net/2u *"_ivl_447", 16 0, L_0x7f97a36f8cc8;  1 drivers
v0x560e4fa8ad60_0 .net *"_ivl_449", 0 0, L_0x560e4faae910;  1 drivers
L_0x7f97a36f8d10 .functor BUFT 1, C4<10110>, C4<0>, C4<0>, C4<0>;
v0x560e4fa8ae20_0 .net/2u *"_ivl_451", 4 0, L_0x7f97a36f8d10;  1 drivers
L_0x7f97a36f8d58 .functor BUFT 1, C4<xxxxx>, C4<0>, C4<0>, C4<0>;
v0x560e4fa8af00_0 .net *"_ivl_453", 4 0, L_0x7f97a36f8d58;  1 drivers
v0x560e4fa8afe0_0 .net *"_ivl_455", 4 0, L_0x560e4faaea80;  1 drivers
v0x560e4fa8b0c0_0 .net *"_ivl_457", 4 0, L_0x560e4faaefb0;  1 drivers
v0x560e4fa8b1a0_0 .net *"_ivl_459", 4 0, L_0x560e4faaf140;  1 drivers
v0x560e4fa8b280_0 .net *"_ivl_46", 0 0, L_0x560e4fa90d70;  1 drivers
v0x560e4fa8b340_0 .net *"_ivl_461", 4 0, L_0x560e4faaf650;  1 drivers
v0x560e4fa8b420_0 .net *"_ivl_463", 4 0, L_0x560e4faaf7e0;  1 drivers
v0x560e4fa8b500_0 .net *"_ivl_465", 4 0, L_0x560e4faafd00;  1 drivers
v0x560e4fa8b5e0_0 .net *"_ivl_467", 4 0, L_0x560e4faafe90;  1 drivers
v0x560e4fa8b6c0_0 .net *"_ivl_469", 4 0, L_0x560e4fab03c0;  1 drivers
v0x560e4fa8b7a0_0 .net *"_ivl_471", 4 0, L_0x560e4fab0550;  1 drivers
v0x560e4fa8b880_0 .net *"_ivl_473", 4 0, L_0x560e4fab0a90;  1 drivers
v0x560e4fa8b960_0 .net *"_ivl_475", 4 0, L_0x560e4fab0c20;  1 drivers
v0x560e4fa8ba40_0 .net *"_ivl_477", 4 0, L_0x560e4fab1170;  1 drivers
v0x560e4fa8bb20_0 .net *"_ivl_479", 4 0, L_0x560e4fab1300;  1 drivers
v0x560e4fa8bc00_0 .net *"_ivl_48", 0 0, L_0x560e4fa90e60;  1 drivers
v0x560e4fa8bce0_0 .net *"_ivl_481", 4 0, L_0x560e4fab1860;  1 drivers
v0x560e4fa8bdc0_0 .net *"_ivl_483", 4 0, L_0x560e4fab19f0;  1 drivers
v0x560e4fa8bea0_0 .net *"_ivl_485", 4 0, L_0x560e4fab1f60;  1 drivers
v0x560e4fa8bf80_0 .net *"_ivl_487", 4 0, L_0x560e4fab20f0;  1 drivers
v0x560e4fa8c060_0 .net *"_ivl_489", 4 0, L_0x560e4fab2670;  1 drivers
v0x560e4fa8c140_0 .net *"_ivl_491", 4 0, L_0x560e4fab2800;  1 drivers
v0x560e4fa8c220_0 .net *"_ivl_493", 4 0, L_0x560e4fab2d90;  1 drivers
v0x560e4fa8c300_0 .net *"_ivl_495", 4 0, L_0x560e4fab2f20;  1 drivers
v0x560e4fa8c3e0_0 .net *"_ivl_497", 4 0, L_0x560e4fab34c0;  1 drivers
v0x560e4fa8c4c0_0 .net *"_ivl_499", 4 0, L_0x560e4fab3650;  1 drivers
L_0x7f97a36f7258 .functor BUFT 1, C4<1100111>, C4<0>, C4<0>, C4<0>;
v0x560e4fa8c5a0_0 .net/2u *"_ivl_50", 6 0, L_0x7f97a36f7258;  1 drivers
v0x560e4fa8c680_0 .net *"_ivl_501", 4 0, L_0x560e4fab3c00;  1 drivers
v0x560e4fa8c760_0 .net *"_ivl_503", 4 0, L_0x560e4fab3d90;  1 drivers
v0x560e4fa8c840_0 .net *"_ivl_505", 4 0, L_0x560e4fab37e0;  1 drivers
v0x560e4fa8c920_0 .net *"_ivl_507", 4 0, L_0x560e4fab3970;  1 drivers
v0x560e4fa8ca00_0 .net *"_ivl_509", 4 0, L_0x560e4fab4270;  1 drivers
v0x560e4fa8cae0_0 .net *"_ivl_511", 4 0, L_0x560e4fab4400;  1 drivers
v0x560e4fa8cbc0_0 .net *"_ivl_513", 4 0, L_0x560e4fab3f20;  1 drivers
v0x560e4fa8cca0_0 .net *"_ivl_515", 4 0, L_0x560e4fab40b0;  1 drivers
v0x560e4fa8cd80_0 .net *"_ivl_517", 4 0, L_0x560e4fab4900;  1 drivers
v0x560e4fa8ce60_0 .net *"_ivl_519", 4 0, L_0x560e4fab4a90;  1 drivers
v0x560e4fa8cf40_0 .net *"_ivl_52", 0 0, L_0x560e4fa90fb0;  1 drivers
L_0x7f97a36f8da0 .functor BUFT 1, C4<0100011>, C4<0>, C4<0>, C4<0>;
v0x560e4fa8d000_0 .net/2u *"_ivl_525", 6 0, L_0x7f97a36f8da0;  1 drivers
v0x560e4fa8d0e0_0 .net *"_ivl_527", 0 0, L_0x560e4fab47c0;  1 drivers
v0x560e4fa8d1a0_0 .net *"_ivl_533", 1 0, L_0x560e4fab4c20;  1 drivers
L_0x7f97a36f8de8 .functor BUFT 1, C4<0000011>, C4<0>, C4<0>, C4<0>;
v0x560e4fa8d280_0 .net/2u *"_ivl_536", 6 0, L_0x7f97a36f8de8;  1 drivers
v0x560e4fa8d360_0 .net *"_ivl_538", 0 0, L_0x560e4fab4db0;  1 drivers
v0x560e4fa8d420_0 .net *"_ivl_54", 0 0, L_0x560e4fa910c0;  1 drivers
v0x560e4fa8d500_0 .net *"_ivl_544", 2 0, L_0x560e4fa93e40;  1 drivers
L_0x7f97a36f8e30 .functor BUFT 1, C4<0000011>, C4<0>, C4<0>, C4<0>;
v0x560e4fa8d5e0_0 .net/2u *"_ivl_547", 6 0, L_0x7f97a36f8e30;  1 drivers
v0x560e4fa8d6c0_0 .net *"_ivl_549", 0 0, L_0x560e4fab50e0;  1 drivers
v0x560e4fa8d780_0 .net *"_ivl_551", 0 0, L_0x560e4fab51d0;  1 drivers
L_0x7f97a36f8e78 .functor BUFT 1, C4<0010111>, C4<0>, C4<0>, C4<0>;
v0x560e4fa8d860_0 .net/2u *"_ivl_556", 6 0, L_0x7f97a36f8e78;  1 drivers
v0x560e4fa8d940_0 .net *"_ivl_558", 0 0, L_0x560e4fab5520;  1 drivers
L_0x7f97a36f72a0 .functor BUFT 1, C4<1101111>, C4<0>, C4<0>, C4<0>;
v0x560e4fa8da00_0 .net/2u *"_ivl_56", 6 0, L_0x7f97a36f72a0;  1 drivers
L_0x7f97a36f8ec0 .functor BUFT 1, C4<1101111>, C4<0>, C4<0>, C4<0>;
v0x560e4fa8dae0_0 .net/2u *"_ivl_560", 6 0, L_0x7f97a36f8ec0;  1 drivers
v0x560e4fa8dbc0_0 .net *"_ivl_562", 0 0, L_0x560e4fab5610;  1 drivers
v0x560e4fa8dc80_0 .net *"_ivl_564", 0 0, L_0x560e4fab5700;  1 drivers
L_0x7f97a36f8f08 .functor BUFT 1, C4<1100111>, C4<0>, C4<0>, C4<0>;
v0x560e4fa8dd60_0 .net/2u *"_ivl_566", 6 0, L_0x7f97a36f8f08;  1 drivers
v0x560e4fa8de40_0 .net *"_ivl_568", 0 0, L_0x560e4fab5810;  1 drivers
v0x560e4fa86a30_0 .net *"_ivl_570", 0 0, L_0x560e4fab5900;  1 drivers
v0x560e4fa86b10_0 .net *"_ivl_58", 0 0, L_0x560e4fa911d0;  1 drivers
L_0x7f97a36f7018 .functor BUFT 1, C4<0010111>, C4<0>, C4<0>, C4<0>;
v0x560e4fa86bd0_0 .net/2u *"_ivl_6", 6 0, L_0x7f97a36f7018;  1 drivers
v0x560e4fa86cb0_0 .net *"_ivl_60", 0 0, L_0x560e4fa912c0;  1 drivers
L_0x7f97a36f72e8 .functor BUFT 1, C4<1100011>, C4<0>, C4<0>, C4<0>;
v0x560e4fa86d90_0 .net/2u *"_ivl_62", 6 0, L_0x7f97a36f72e8;  1 drivers
v0x560e4fa86e70_0 .net *"_ivl_64", 0 0, L_0x560e4fa91420;  1 drivers
L_0x7f97a36f7330 .functor BUFT 1, C4<0100011>, C4<0>, C4<0>, C4<0>;
v0x560e4fa86f30_0 .net/2u *"_ivl_68", 6 0, L_0x7f97a36f7330;  1 drivers
v0x560e4fa87010_0 .net *"_ivl_70", 0 0, L_0x560e4fa917e0;  1 drivers
L_0x7f97a36f7378 .functor BUFT 1, C4<1100011>, C4<0>, C4<0>, C4<0>;
v0x560e4fa870d0_0 .net/2u *"_ivl_72", 6 0, L_0x7f97a36f7378;  1 drivers
v0x560e4fa8eef0_0 .net *"_ivl_74", 0 0, L_0x560e4fa918d0;  1 drivers
v0x560e4fa8ef90_0 .net *"_ivl_76", 0 0, L_0x560e4fa91a50;  1 drivers
v0x560e4fa8f030_0 .net *"_ivl_8", 0 0, L_0x560e4fa8ff70;  1 drivers
L_0x7f97a36f73c0 .functor BUFT 1, C4<0010011>, C4<0>, C4<0>, C4<0>;
v0x560e4fa8f0f0_0 .net/2u *"_ivl_80", 6 0, L_0x7f97a36f73c0;  1 drivers
v0x560e4fa8f1d0_0 .net *"_ivl_82", 0 0, L_0x560e4fa91cd0;  1 drivers
L_0x7f97a36f7408 .functor BUFT 1, C4<000>, C4<0>, C4<0>, C4<0>;
v0x560e4fa8f290_0 .net/2u *"_ivl_84", 2 0, L_0x7f97a36f7408;  1 drivers
L_0x7f97a36f7450 .functor BUFT 1, C4<0000011>, C4<0>, C4<0>, C4<0>;
v0x560e4fa8f370_0 .net/2u *"_ivl_86", 6 0, L_0x7f97a36f7450;  1 drivers
v0x560e4fa8f450_0 .net *"_ivl_88", 0 0, L_0x560e4fa91dc0;  1 drivers
L_0x7f97a36f7498 .functor BUFT 1, C4<000>, C4<0>, C4<0>, C4<0>;
v0x560e4fa8f510_0 .net/2u *"_ivl_90", 2 0, L_0x7f97a36f7498;  1 drivers
L_0x7f97a36f74e0 .functor BUFT 1, C4<1100111>, C4<0>, C4<0>, C4<0>;
v0x560e4fa8f5f0_0 .net/2u *"_ivl_92", 6 0, L_0x7f97a36f74e0;  1 drivers
v0x560e4fa8f6d0_0 .net *"_ivl_94", 0 0, L_0x560e4fa91f80;  1 drivers
L_0x7f97a36f7528 .functor BUFT 1, C4<000>, C4<0>, C4<0>, C4<0>;
v0x560e4fa8f790_0 .net/2u *"_ivl_96", 2 0, L_0x7f97a36f7528;  1 drivers
L_0x7f97a36f7570 .functor BUFT 1, C4<0100011>, C4<0>, C4<0>, C4<0>;
v0x560e4fa8f870_0 .net/2u *"_ivl_98", 6 0, L_0x7f97a36f7570;  1 drivers
v0x560e4fa8f950_0 .net "funct3", 2 0, L_0x560e4fa8fe30;  1 drivers
v0x560e4fa8fa30_0 .net "funct7", 6 0, L_0x560e4fa8fed0;  1 drivers
v0x560e4fa8fb10_0 .net "opcode", 6 0, L_0x560e4fa8fd90;  1 drivers
L_0x560e4fa8fd90 .part o0x7f97a3c1d0a8, 0, 7;
L_0x560e4fa8fe30 .part o0x7f97a3c1d0a8, 12, 3;
L_0x560e4fa8fed0 .part o0x7f97a3c1d0a8, 25, 7;
L_0x560e4fa8ff70 .cmp/eq 7, L_0x560e4fa8fd90, L_0x7f97a36f7018;
L_0x560e4fa900e0 .cmp/eq 7, L_0x560e4fa8fd90, L_0x7f97a36f7060;
L_0x560e4fa902e0 .cmp/eq 7, L_0x560e4fa8fd90, L_0x7f97a36f70a8;
L_0x560e4fa905a0 .cmp/eq 7, L_0x560e4fa8fd90, L_0x7f97a36f70f0;
L_0x560e4fa906e0 .cmp/eq 7, L_0x560e4fa8fd90, L_0x7f97a36f7138;
L_0x560e4fa90930 .cmp/eq 7, L_0x560e4fa8fd90, L_0x7f97a36f7180;
L_0x560e4fa90b60 .cmp/eq 7, L_0x560e4fa8fd90, L_0x7f97a36f71c8;
L_0x560e4fa90d70 .cmp/eq 7, L_0x560e4fa8fd90, L_0x7f97a36f7210;
L_0x560e4fa90fb0 .cmp/eq 7, L_0x560e4fa8fd90, L_0x7f97a36f7258;
L_0x560e4fa911d0 .cmp/eq 7, L_0x560e4fa8fd90, L_0x7f97a36f72a0;
L_0x560e4fa91420 .cmp/eq 7, L_0x560e4fa8fd90, L_0x7f97a36f72e8;
L_0x560e4fa917e0 .cmp/eq 7, L_0x560e4fa8fd90, L_0x7f97a36f7330;
L_0x560e4fa918d0 .cmp/eq 7, L_0x560e4fa8fd90, L_0x7f97a36f7378;
L_0x560e4fa91cd0 .cmp/eq 7, L_0x560e4fa8fd90, L_0x7f97a36f73c0;
L_0x560e4fa91dc0 .cmp/eq 7, L_0x560e4fa8fd90, L_0x7f97a36f7450;
L_0x560e4fa91f80 .cmp/eq 7, L_0x560e4fa8fd90, L_0x7f97a36f74e0;
L_0x560e4fa920d0 .cmp/eq 7, L_0x560e4fa8fd90, L_0x7f97a36f7570;
L_0x560e4fa91eb0 .cmp/eq 7, L_0x560e4fa8fd90, L_0x7f97a36f7600;
L_0x560e4fa92380 .cmp/eq 7, L_0x560e4fa8fd90, L_0x7f97a36f7690;
L_0x560e4fa92590 .cmp/eq 7, L_0x560e4fa8fd90, L_0x7f97a36f7720;
L_0x560e4fa926e0 .cmp/eq 7, L_0x560e4fa8fd90, L_0x7f97a36f77b0;
L_0x560e4fa92900 .functor MUXZ 3, L_0x7f97a36f7840, L_0x7f97a36f77f8, L_0x560e4fa926e0, C4<>;
L_0x560e4fa92ac0 .functor MUXZ 3, L_0x560e4fa92900, L_0x7f97a36f7768, L_0x560e4fa92590, C4<>;
L_0x560e4fa92d30 .functor MUXZ 3, L_0x560e4fa92ac0, L_0x7f97a36f76d8, L_0x560e4fa92380, C4<>;
L_0x560e4fa92ec0 .functor MUXZ 3, L_0x560e4fa92d30, L_0x7f97a36f7648, L_0x560e4fa91eb0, C4<>;
L_0x560e4fa93140 .functor MUXZ 3, L_0x560e4fa92ec0, L_0x7f97a36f75b8, L_0x560e4fa920d0, C4<>;
L_0x560e4fa932d0 .functor MUXZ 3, L_0x560e4fa93140, L_0x7f97a36f7528, L_0x560e4fa91f80, C4<>;
L_0x560e4fa93560 .functor MUXZ 3, L_0x560e4fa932d0, L_0x7f97a36f7498, L_0x560e4fa91dc0, C4<>;
L_0x560e4fa936f0 .delay 3 (3,3,3) L_0x560e4fa936f0/d;
L_0x560e4fa936f0/d .functor MUXZ 3, L_0x560e4fa93560, L_0x7f97a36f7408, L_0x560e4fa91cd0, C4<>;
L_0x560e4fa93a30 .cmp/eq 7, L_0x560e4fa8fd90, L_0x7f97a36f7888;
L_0x560e4fa93b20 .cmp/eq 7, L_0x560e4fa8fd90, L_0x7f97a36f78d0;
L_0x560e4fa940c0 .cmp/eq 7, L_0x560e4fa8fd90, L_0x7f97a36f7918;
L_0x560e4fa94360 .concat8 [ 3 1 0 0], L_0x560e4fa94940, L_0x560e4fa941b0;
L_0x560e4fa93c10 .cmp/eq 7, L_0x560e4fa8fd90, L_0x7f97a36f7960;
L_0x560e4fa94580 .cmp/eq 7, L_0x560e4fa8fd90, L_0x7f97a36f79a8;
L_0x560e4fa94940 .delay 3 (3,3,3) L_0x560e4fa94940/d;
L_0x560e4fa94940/d .functor MUXZ 3, L_0x560e4fa8fe30, L_0x7f97a36f79f0, L_0x560e4fa947b0, C4<>;
L_0x560e4fa94bc0 .concat [ 7 3 7 0], L_0x560e4fa8fed0, L_0x560e4fa8fe30, L_0x560e4fa8fd90;
L_0x560e4faa4e10 .cmp/eq 17, L_0x560e4fa94bc0, L_0x7f97a36f7a38;
L_0x560e4faa4f00 .concat [ 7 3 7 0], L_0x560e4fa8fed0, L_0x560e4fa8fe30, L_0x560e4fa8fd90;
L_0x560e4faa5100 .cmp/eq 17, L_0x560e4faa4f00, L_0x7f97a36f7ac8;
L_0x560e4faa51f0 .concat [ 7 3 7 0], L_0x560e4fa8fed0, L_0x560e4fa8fe30, L_0x560e4fa8fd90;
L_0x560e4faa5400 .cmp/eq 17, L_0x560e4faa51f0, L_0x7f97a36f7b58;
L_0x560e4faa54f0 .concat [ 7 3 7 0], L_0x560e4fa8fed0, L_0x560e4fa8fe30, L_0x560e4fa8fd90;
L_0x560e4faa5710 .cmp/eq 17, L_0x560e4faa54f0, L_0x7f97a36f7be8;
L_0x560e4faa5850 .concat [ 7 3 7 0], L_0x560e4fa8fed0, L_0x560e4fa8fe30, L_0x560e4fa8fd90;
L_0x560e4faa5a80 .cmp/eq 17, L_0x560e4faa5850, L_0x7f97a36f7c78;
L_0x560e4faa5bc0 .concat [ 7 3 7 0], L_0x560e4fa8fed0, L_0x560e4fa8fe30, L_0x560e4fa8fd90;
L_0x560e4faa5e00 .cmp/eq 17, L_0x560e4faa5bc0, L_0x7f97a36f7d08;
L_0x560e4faa5f40 .concat [ 7 3 7 0], L_0x560e4fa8fed0, L_0x560e4fa8fe30, L_0x560e4fa8fd90;
L_0x560e4faa6220 .cmp/eq 17, L_0x560e4faa5f40, L_0x7f97a36f7d98;
L_0x560e4faa6390 .concat [ 7 3 7 0], L_0x560e4fa8fed0, L_0x560e4fa8fe30, L_0x560e4fa8fd90;
L_0x560e4faa6650 .cmp/eq 17, L_0x560e4faa6390, L_0x7f97a36f7e28;
L_0x560e4faa67c0 .concat [ 7 3 7 0], L_0x560e4fa8fed0, L_0x560e4fa8fe30, L_0x560e4fa8fd90;
L_0x560e4faa6a90 .cmp/eq 17, L_0x560e4faa67c0, L_0x7f97a36f7eb8;
L_0x560e4faa6c00 .concat [ 7 3 7 0], L_0x560e4fa8fed0, L_0x560e4fa8fe30, L_0x560e4fa8fd90;
L_0x560e4faa6ee0 .cmp/eq 17, L_0x560e4faa6c00, L_0x7f97a36f7f48;
L_0x560e4faa7050 .concat [ 3 7 0 0], L_0x560e4fa8fe30, L_0x560e4fa8fd90;
L_0x560e4faa7310 .cmp/eq 10, L_0x560e4faa7050, L_0x7f97a36f7fd8;
L_0x560e4faa7480 .concat [ 3 7 0 0], L_0x560e4fa8fe30, L_0x560e4fa8fd90;
L_0x560e4faa7750 .cmp/eq 10, L_0x560e4faa7480, L_0x7f97a36f8068;
L_0x560e4faa78c0 .concat [ 3 7 0 0], L_0x560e4fa8fe30, L_0x560e4fa8fd90;
L_0x560e4faa7ba0 .cmp/eq 10, L_0x560e4faa78c0, L_0x7f97a36f80f8;
L_0x560e4faa7d10 .concat [ 3 7 0 0], L_0x560e4fa8fe30, L_0x560e4fa8fd90;
L_0x560e4faa8000 .cmp/eq 10, L_0x560e4faa7d10, L_0x7f97a36f8188;
L_0x560e4faa8170 .concat [ 3 7 0 0], L_0x560e4fa8fe30, L_0x560e4fa8fd90;
L_0x560e4faa8880 .cmp/eq 10, L_0x560e4faa8170, L_0x7f97a36f8218;
L_0x560e4faa89c0 .concat [ 3 7 0 0], L_0x560e4fa8fe30, L_0x560e4fa8fd90;
L_0x560e4faa8cd0 .cmp/eq 10, L_0x560e4faa89c0, L_0x7f97a36f82a8;
L_0x560e4faa8e40 .concat [ 3 7 0 0], L_0x560e4fa8fe30, L_0x560e4fa8fd90;
L_0x560e4faa9160 .cmp/eq 10, L_0x560e4faa8e40, L_0x7f97a36f8338;
L_0x560e4faa92d0 .concat [ 3 7 0 0], L_0x560e4fa8fe30, L_0x560e4fa8fd90;
L_0x560e4faa9600 .cmp/eq 10, L_0x560e4faa92d0, L_0x7f97a36f83c8;
L_0x560e4faa9770 .concat [ 7 0 0 0], L_0x560e4fa8fd90;
L_0x560e4faa9ab0 .cmp/eq 7, L_0x560e4faa9770, L_0x7f97a36f8458;
L_0x560e4faa9c20 .concat [ 7 0 0 0], L_0x560e4fa8fd90;
L_0x560e4faa9f70 .cmp/eq 7, L_0x560e4faa9c20, L_0x7f97a36f84e8;
L_0x560e4faaa0e0 .concat [ 7 0 0 0], L_0x560e4fa8fd90;
L_0x560e4faaa440 .cmp/eq 7, L_0x560e4faaa0e0, L_0x7f97a36f8578;
L_0x560e4faaa5b0 .concat [ 7 0 0 0], L_0x560e4fa8fd90;
L_0x560e4faaa920 .cmp/eq 7, L_0x560e4faaa5b0, L_0x7f97a36f8608;
L_0x560e4faaaa90 .concat [ 7 0 0 0], L_0x560e4fa8fd90;
L_0x560e4faaae10 .cmp/eq 7, L_0x560e4faaaa90, L_0x7f97a36f8698;
L_0x560e4faaaf80 .concat [ 7 0 0 0], L_0x560e4fa8fd90;
L_0x560e4faab310 .cmp/eq 7, L_0x560e4faaaf80, L_0x7f97a36f8728;
L_0x560e4faab480 .concat [ 7 0 0 0], L_0x560e4fa8fd90;
L_0x560e4faab820 .cmp/eq 7, L_0x560e4faab480, L_0x7f97a36f87b8;
L_0x560e4faab990 .concat [ 3 7 0 0], L_0x560e4fa8fe30, L_0x560e4fa8fd90;
L_0x560e4faabd40 .cmp/eq 10, L_0x560e4faab990, L_0x7f97a36f8848;
L_0x560e4faabeb0 .concat [ 3 7 0 0], L_0x560e4fa8fe30, L_0x560e4fa8fd90;
L_0x560e4faac270 .cmp/eq 10, L_0x560e4faabeb0, L_0x7f97a36f88d8;
L_0x560e4faac3e0 .concat [ 3 7 0 0], L_0x560e4fa8fe30, L_0x560e4fa8fd90;
L_0x560e4faac7b0 .cmp/eq 10, L_0x560e4faac3e0, L_0x7f97a36f8968;
L_0x560e4faac920 .concat [ 3 7 0 0], L_0x560e4fa8fe30, L_0x560e4fa8fd90;
L_0x560e4faacd00 .cmp/eq 10, L_0x560e4faac920, L_0x7f97a36f89f8;
L_0x560e4faace70 .concat [ 3 7 0 0], L_0x560e4fa8fe30, L_0x560e4fa8fd90;
L_0x560e4faad260 .cmp/eq 10, L_0x560e4faace70, L_0x7f97a36f8a88;
L_0x560e4faad3d0 .concat [ 3 7 0 0], L_0x560e4fa8fe30, L_0x560e4fa8fd90;
L_0x560e4faad7d0 .cmp/eq 10, L_0x560e4faad3d0, L_0x7f97a36f8b18;
L_0x560e4faad940 .concat [ 7 3 7 0], L_0x560e4fa8fed0, L_0x560e4fa8fe30, L_0x560e4fa8fd90;
L_0x560e4faadd80 .cmp/eq 17, L_0x560e4faad940, L_0x7f97a36f8ba8;
L_0x560e4faadef0 .concat [ 7 3 7 0], L_0x560e4fa8fed0, L_0x560e4fa8fe30, L_0x560e4fa8fd90;
L_0x560e4faae340 .cmp/eq 17, L_0x560e4faadef0, L_0x7f97a36f8c38;
L_0x560e4faae4b0 .concat [ 7 3 7 0], L_0x560e4fa8fed0, L_0x560e4fa8fe30, L_0x560e4fa8fd90;
L_0x560e4faae910 .cmp/eq 17, L_0x560e4faae4b0, L_0x7f97a36f8cc8;
L_0x560e4faaea80 .functor MUXZ 5, L_0x7f97a36f8d58, L_0x7f97a36f8d10, L_0x560e4faae910, C4<>;
L_0x560e4faaefb0 .functor MUXZ 5, L_0x560e4faaea80, L_0x7f97a36f8c80, L_0x560e4faae340, C4<>;
L_0x560e4faaf140 .functor MUXZ 5, L_0x560e4faaefb0, L_0x7f97a36f8bf0, L_0x560e4faadd80, C4<>;
L_0x560e4faaf650 .functor MUXZ 5, L_0x560e4faaf140, L_0x7f97a36f8b60, L_0x560e4faad7d0, C4<>;
L_0x560e4faaf7e0 .functor MUXZ 5, L_0x560e4faaf650, L_0x7f97a36f8ad0, L_0x560e4faad260, C4<>;
L_0x560e4faafd00 .functor MUXZ 5, L_0x560e4faaf7e0, L_0x7f97a36f8a40, L_0x560e4faacd00, C4<>;
L_0x560e4faafe90 .functor MUXZ 5, L_0x560e4faafd00, L_0x7f97a36f89b0, L_0x560e4faac7b0, C4<>;
L_0x560e4fab03c0 .functor MUXZ 5, L_0x560e4faafe90, L_0x7f97a36f8920, L_0x560e4faac270, C4<>;
L_0x560e4fab0550 .functor MUXZ 5, L_0x560e4fab03c0, L_0x7f97a36f8890, L_0x560e4faabd40, C4<>;
L_0x560e4fab0a90 .functor MUXZ 5, L_0x560e4fab0550, L_0x7f97a36f8800, L_0x560e4faab820, C4<>;
L_0x560e4fab0c20 .functor MUXZ 5, L_0x560e4fab0a90, L_0x7f97a36f8770, L_0x560e4faab310, C4<>;
L_0x560e4fab1170 .functor MUXZ 5, L_0x560e4fab0c20, L_0x7f97a36f86e0, L_0x560e4faaae10, C4<>;
L_0x560e4fab1300 .functor MUXZ 5, L_0x560e4fab1170, L_0x7f97a36f8650, L_0x560e4faaa920, C4<>;
L_0x560e4fab1860 .functor MUXZ 5, L_0x560e4fab1300, L_0x7f97a36f85c0, L_0x560e4faaa440, C4<>;
L_0x560e4fab19f0 .functor MUXZ 5, L_0x560e4fab1860, L_0x7f97a36f8530, L_0x560e4faa9f70, C4<>;
L_0x560e4fab1f60 .functor MUXZ 5, L_0x560e4fab19f0, L_0x7f97a36f84a0, L_0x560e4faa9ab0, C4<>;
L_0x560e4fab20f0 .functor MUXZ 5, L_0x560e4fab1f60, L_0x7f97a36f8410, L_0x560e4faa9600, C4<>;
L_0x560e4fab2670 .functor MUXZ 5, L_0x560e4fab20f0, L_0x7f97a36f8380, L_0x560e4faa9160, C4<>;
L_0x560e4fab2800 .functor MUXZ 5, L_0x560e4fab2670, L_0x7f97a36f82f0, L_0x560e4faa8cd0, C4<>;
L_0x560e4fab2d90 .functor MUXZ 5, L_0x560e4fab2800, L_0x7f97a36f8260, L_0x560e4faa8880, C4<>;
L_0x560e4fab2f20 .functor MUXZ 5, L_0x560e4fab2d90, L_0x7f97a36f81d0, L_0x560e4faa8000, C4<>;
L_0x560e4fab34c0 .functor MUXZ 5, L_0x560e4fab2f20, L_0x7f97a36f8140, L_0x560e4faa7ba0, C4<>;
L_0x560e4fab3650 .functor MUXZ 5, L_0x560e4fab34c0, L_0x7f97a36f80b0, L_0x560e4faa7750, C4<>;
L_0x560e4fab3c00 .functor MUXZ 5, L_0x560e4fab3650, L_0x7f97a36f8020, L_0x560e4faa7310, C4<>;
L_0x560e4fab3d90 .functor MUXZ 5, L_0x560e4fab3c00, L_0x7f97a36f7f90, L_0x560e4faa6ee0, C4<>;
L_0x560e4fab37e0 .functor MUXZ 5, L_0x560e4fab3d90, L_0x7f97a36f7f00, L_0x560e4faa6a90, C4<>;
L_0x560e4fab3970 .functor MUXZ 5, L_0x560e4fab37e0, L_0x7f97a36f7e70, L_0x560e4faa6650, C4<>;
L_0x560e4fab4270 .functor MUXZ 5, L_0x560e4fab3970, L_0x7f97a36f7de0, L_0x560e4faa6220, C4<>;
L_0x560e4fab4400 .functor MUXZ 5, L_0x560e4fab4270, L_0x7f97a36f7d50, L_0x560e4faa5e00, C4<>;
L_0x560e4fab3f20 .functor MUXZ 5, L_0x560e4fab4400, L_0x7f97a36f7cc0, L_0x560e4faa5a80, C4<>;
L_0x560e4fab40b0 .functor MUXZ 5, L_0x560e4fab3f20, L_0x7f97a36f7c30, L_0x560e4faa5710, C4<>;
L_0x560e4fab4900 .functor MUXZ 5, L_0x560e4fab40b0, L_0x7f97a36f7ba0, L_0x560e4faa5400, C4<>;
L_0x560e4fab4a90 .functor MUXZ 5, L_0x560e4fab4900, L_0x7f97a36f7b10, L_0x560e4faa5100, C4<>;
L_0x560e4fab4590 .delay 5 (3,3,3) L_0x560e4fab4590/d;
L_0x560e4fab4590/d .functor MUXZ 5, L_0x560e4fab4a90, L_0x7f97a36f7a80, L_0x560e4faa4e10, C4<>;
L_0x560e4fab47c0 .delay 1 (3,3,3) L_0x560e4fab47c0/d;
L_0x560e4fab47c0/d .cmp/eq 7, L_0x560e4fa8fd90, L_0x7f97a36f8da0;
L_0x560e4fab4b30 .concat8 [ 2 1 0 0], L_0x560e4fab4c20, L_0x560e4fab47c0;
L_0x560e4fab4c20 .delay 2 (3,3,3) L_0x560e4fab4c20/d;
L_0x560e4fab4c20/d .part L_0x560e4fa8fe30, 0, 2;
L_0x560e4fab4db0 .delay 1 (3,3,3) L_0x560e4fab4db0/d;
L_0x560e4fab4db0/d .cmp/eq 7, L_0x560e4fa8fd90, L_0x7f97a36f8de8;
L_0x560e4fab5480 .concat8 [ 3 1 0 0], L_0x560e4fa93e40, L_0x560e4fab4db0;
L_0x560e4fab50e0 .cmp/eq 7, L_0x560e4fa8fd90, L_0x7f97a36f8e30;
L_0x560e4fab53c0 .concat8 [ 1 1 0 0], L_0x560e4fab51d0, L_0x560e4fab5900;
L_0x560e4fab5520 .cmp/eq 7, L_0x560e4fa8fd90, L_0x7f97a36f8e78;
L_0x560e4fab5610 .cmp/eq 7, L_0x560e4fa8fd90, L_0x7f97a36f8ec0;
L_0x560e4fab5810 .cmp/eq 7, L_0x560e4fa8fd90, L_0x7f97a36f8f08;
# The file index is used to find the file name in the following table.
:file_names 3;
    "N/A";
    "<interactive>";
    "control_unit.v";
