#! /usr/bin/vvp
:ivl_version "11.0 (stable)";
:ivl_delay_selection "TYPICAL";
:vpi_time_precision - 10;
:vpi_module "/usr/lib/x86_64-linux-gnu/ivl/system.vpi";
:vpi_module "/usr/lib/x86_64-linux-gnu/ivl/vhdl_sys.vpi";
:vpi_module "/usr/lib/x86_64-linux-gnu/ivl/vhdl_textio.vpi";
:vpi_module "/usr/lib/x86_64-linux-gnu/ivl/v2005_math.vpi";
:vpi_module "/usr/lib/x86_64-linux-gnu/ivl/va_math.vpi";
S_0x558c6fe7cfb0 .scope module, "ins_cache_memory" "ins_cache_memory" 2 3;
 .timescale -9 -10;
    .port_info 0 /INPUT 1 "clock";
    .port_info 1 /INPUT 1 "reset";
    .port_info 2 /INPUT 1 "in_read";
    .port_info 3 /INPUT 32 "in_address";
    .port_info 4 /OUTPUT 32 "out_readdata";
    .port_info 5 /OUTPUT 1 "out_busywait";
    .port_info 6 /OUTPUT 1 "out_MAIN_MEM_READ";
    .port_info 7 /OUTPUT 28 "out_MAIN_MEM_ADDRESS";
    .port_info 8 /INPUT 128 "in_MAIN_MEM_READ_DATA";
    .port_info 9 /INPUT 1 "in_MAIN_MEM_BUSY_WAIT";
P_0x558c6fe73b40 .param/l "IDLE" 0 2 22, C4<0>;
P_0x558c6fe73b80 .param/l "MEM_READ" 0 2 22, C4<1>;
v0x558c6fe7bb80_0 .var "CURRENT_DATA", 31 0;
v0x558c6fe7c550_0 .var "CURRENT_TAG", 24 0;
v0x558c6feafab0_0 .var "CURRENT_VALID", 0 0;
v0x558c6feafb50_0 .net "TAG_MATCH", 0 0, L_0x558c6feb16d0;  1 drivers
o0x7fb6446860d8 .functor BUFZ 1, C4<z>; HiZ drive
v0x558c6feafc10_0 .net "clock", 0 0, o0x7fb6446860d8;  0 drivers
v0x558c6feafd20 .array "data_array", 0 8, 127 0;
v0x558c6feaff50_0 .var/i "i", 31 0;
o0x7fb6446862e8 .functor BUFZ 1, C4<z>; HiZ drive
v0x558c6feb0030_0 .net "in_MAIN_MEM_BUSY_WAIT", 0 0, o0x7fb6446862e8;  0 drivers
o0x7fb644686318 .functor BUFZ 128, C4<zzzzzzzzzzzzzzzzzzzzzzzzzzzzzzzzzzzzzzzzzzzzzzzzzzzzzzzzzzzzzzzzzzzzzzzzzzzzzzzzzzzzzzzzzzzzzzzzzzzzzzzzzzzzzzzzzzzzzzzzzzzzzzzz>; HiZ drive
v0x558c6feb00f0_0 .net "in_MAIN_MEM_READ_DATA", 127 0, o0x7fb644686318;  0 drivers
o0x7fb644686348 .functor BUFZ 32, C4<zzzzzzzzzzzzzzzzzzzzzzzzzzzzzzzz>; HiZ drive
v0x558c6feb01d0_0 .net "in_address", 31 0, o0x7fb644686348;  0 drivers
o0x7fb644686378 .functor BUFZ 1, C4<z>; HiZ drive
v0x558c6feb02b0_0 .net "in_read", 0 0, o0x7fb644686378;  0 drivers
v0x558c6feb0370_0 .var "in_readaccess", 0 0;
v0x558c6feb0430_0 .net "index", 2 0, L_0x558c6feb1540;  1 drivers
v0x558c6feb0510_0 .var "next_state", 1 0;
v0x558c6feb05f0_0 .net "offset", 1 0, L_0x558c6feb1630;  1 drivers
v0x558c6feb06d0_0 .var "out_MAIN_MEM_ADDRESS", 27 0;
v0x558c6feb07b0_0 .var "out_MAIN_MEM_READ", 0 0;
v0x558c6feb0870_0 .var "out_busywait", 0 0;
v0x558c6feb0930_0 .var "out_readdata", 31 0;
v0x558c6feb0a10_0 .var "readCache", 0 0;
o0x7fb644686558 .functor BUFZ 1, C4<z>; HiZ drive
v0x558c6feb0ad0_0 .net "reset", 0 0, o0x7fb644686558;  0 drivers
v0x558c6feb0b90_0 .var "state", 1 0;
v0x558c6feb0c70_0 .net "tag", 24 0, L_0x558c6feb14a0;  1 drivers
v0x558c6feb0d50 .array "tag_array", 0 8, 24 0;
v0x558c6feb0f30_0 .var "temp", 127 0;
v0x558c6feb1010 .array "validBit_array", 0 8, 1 0;
v0x558c6feb1240_0 .var "writeCache_mem", 0 0;
E_0x558c6fe88d90 .event posedge, v0x558c6feafc10_0;
E_0x558c6fe88f60 .event posedge, v0x558c6feb0ad0_0;
E_0x558c6fe6fa30/0 .event edge, v0x558c6feb0370_0, v0x558c6feb0b90_0, v0x558c6feafb50_0, v0x558c6feafab0_0;
E_0x558c6fe6fa30/1 .event edge, v0x558c6feb0c70_0, v0x558c6feb0430_0, v0x558c6feb0030_0;
E_0x558c6fe6fa30 .event/or E_0x558c6fe6fa30/0, E_0x558c6fe6fa30/1;
E_0x558c6fe737e0/0 .event edge, v0x558c6feb0b90_0, v0x558c6feafab0_0, v0x558c6feb0370_0, v0x558c6feafb50_0;
E_0x558c6fe737e0/1 .event edge, v0x558c6feb0030_0;
E_0x558c6fe737e0 .event/or E_0x558c6fe737e0/0, E_0x558c6fe737e0/1;
E_0x558c6fe73f30 .event edge, v0x558c6feb02b0_0;
v0x558c6feafd20_0 .array/port v0x558c6feafd20, 0;
v0x558c6feafd20_1 .array/port v0x558c6feafd20, 1;
E_0x558c6fe743a0/0 .event edge, v0x558c6feb0370_0, v0x558c6feb0430_0, v0x558c6feafd20_0, v0x558c6feafd20_1;
v0x558c6feafd20_2 .array/port v0x558c6feafd20, 2;
v0x558c6feafd20_3 .array/port v0x558c6feafd20, 3;
v0x558c6feafd20_4 .array/port v0x558c6feafd20, 4;
v0x558c6feafd20_5 .array/port v0x558c6feafd20, 5;
E_0x558c6fe743a0/1 .event edge, v0x558c6feafd20_2, v0x558c6feafd20_3, v0x558c6feafd20_4, v0x558c6feafd20_5;
v0x558c6feafd20_6 .array/port v0x558c6feafd20, 6;
v0x558c6feafd20_7 .array/port v0x558c6feafd20, 7;
v0x558c6feafd20_8 .array/port v0x558c6feafd20, 8;
E_0x558c6fe743a0/2 .event edge, v0x558c6feafd20_6, v0x558c6feafd20_7, v0x558c6feafd20_8, v0x558c6feb05f0_0;
E_0x558c6fe743a0 .event/or E_0x558c6fe743a0/0, E_0x558c6fe743a0/1, E_0x558c6fe743a0/2;
v0x558c6feb1010_0 .array/port v0x558c6feb1010, 0;
v0x558c6feb1010_1 .array/port v0x558c6feb1010, 1;
v0x558c6feb1010_2 .array/port v0x558c6feb1010, 2;
E_0x558c6fe73c60/0 .event edge, v0x558c6feb0430_0, v0x558c6feb1010_0, v0x558c6feb1010_1, v0x558c6feb1010_2;
v0x558c6feb1010_3 .array/port v0x558c6feb1010, 3;
v0x558c6feb1010_4 .array/port v0x558c6feb1010, 4;
v0x558c6feb1010_5 .array/port v0x558c6feb1010, 5;
v0x558c6feb1010_6 .array/port v0x558c6feb1010, 6;
E_0x558c6fe73c60/1 .event edge, v0x558c6feb1010_3, v0x558c6feb1010_4, v0x558c6feb1010_5, v0x558c6feb1010_6;
v0x558c6feb1010_7 .array/port v0x558c6feb1010, 7;
v0x558c6feb1010_8 .array/port v0x558c6feb1010, 8;
E_0x558c6fe73c60/2 .event edge, v0x558c6feb1010_7, v0x558c6feb1010_8, v0x558c6feafd20_0, v0x558c6feafd20_1;
E_0x558c6fe73c60/3 .event edge, v0x558c6feafd20_2, v0x558c6feafd20_3, v0x558c6feafd20_4, v0x558c6feafd20_5;
v0x558c6feb0d50_0 .array/port v0x558c6feb0d50, 0;
E_0x558c6fe73c60/4 .event edge, v0x558c6feafd20_6, v0x558c6feafd20_7, v0x558c6feafd20_8, v0x558c6feb0d50_0;
v0x558c6feb0d50_1 .array/port v0x558c6feb0d50, 1;
v0x558c6feb0d50_2 .array/port v0x558c6feb0d50, 2;
v0x558c6feb0d50_3 .array/port v0x558c6feb0d50, 3;
v0x558c6feb0d50_4 .array/port v0x558c6feb0d50, 4;
E_0x558c6fe73c60/5 .event edge, v0x558c6feb0d50_1, v0x558c6feb0d50_2, v0x558c6feb0d50_3, v0x558c6feb0d50_4;
v0x558c6feb0d50_5 .array/port v0x558c6feb0d50, 5;
v0x558c6feb0d50_6 .array/port v0x558c6feb0d50, 6;
v0x558c6feb0d50_7 .array/port v0x558c6feb0d50, 7;
v0x558c6feb0d50_8 .array/port v0x558c6feb0d50, 8;
E_0x558c6fe73c60/6 .event edge, v0x558c6feb0d50_5, v0x558c6feb0d50_6, v0x558c6feb0d50_7, v0x558c6feb0d50_8;
E_0x558c6fe73c60 .event/or E_0x558c6fe73c60/0, E_0x558c6fe73c60/1, E_0x558c6fe73c60/2, E_0x558c6fe73c60/3, E_0x558c6fe73c60/4, E_0x558c6fe73c60/5, E_0x558c6fe73c60/6;
L_0x558c6feb14a0 .part o0x7fb644686348, 7, 25;
L_0x558c6feb1540 .part o0x7fb644686348, 4, 3;
L_0x558c6feb1630 .part o0x7fb644686348, 2, 2;
L_0x558c6feb16d0 .delay 1 (9,9,9) L_0x558c6feb16d0/d;
L_0x558c6feb16d0/d .cmp/eq 25, L_0x558c6feb14a0, v0x558c6fe7c550_0;
    .scope S_0x558c6fe7cfb0;
T_0 ;
    %wait E_0x558c6fe73c60;
    %delay 10, 0;
    %load/vec4 v0x558c6feb0430_0;
    %pad/u 5;
    %ix/vec4 4;
    %load/vec4a v0x558c6feb1010, 4;
    %pad/u 1;
    %store/vec4 v0x558c6feafab0_0, 0, 1;
    %load/vec4 v0x558c6feb0430_0;
    %pad/u 5;
    %ix/vec4 4;
    %load/vec4a v0x558c6feafd20, 4;
    %pad/u 32;
    %store/vec4 v0x558c6fe7bb80_0, 0, 32;
    %load/vec4 v0x558c6feb0430_0;
    %pad/u 5;
    %ix/vec4 4;
    %load/vec4a v0x558c6feb0d50, 4;
    %store/vec4 v0x558c6fe7c550_0, 0, 25;
    %jmp T_0;
    .thread T_0, $push;
    .scope S_0x558c6fe7cfb0;
T_1 ;
    %wait E_0x558c6fe743a0;
    %load/vec4 v0x558c6feb0370_0;
    %flag_set/vec4 8;
    %jmp/0xz  T_1.0, 8;
    %delay 10, 0;
    %load/vec4 v0x558c6feb0430_0;
    %pad/u 5;
    %ix/vec4 4;
    %load/vec4a v0x558c6feafd20, 4;
    %store/vec4 v0x558c6feb0f30_0, 0, 128;
    %load/vec4 v0x558c6feb05f0_0;
    %dup/vec4;
    %pushi/vec4 0, 0, 2;
    %cmp/u;
    %jmp/1 T_1.2, 6;
    %dup/vec4;
    %pushi/vec4 1, 0, 2;
    %cmp/u;
    %jmp/1 T_1.3, 6;
    %dup/vec4;
    %pushi/vec4 2, 0, 2;
    %cmp/u;
    %jmp/1 T_1.4, 6;
    %dup/vec4;
    %pushi/vec4 3, 0, 2;
    %cmp/u;
    %jmp/1 T_1.5, 6;
    %jmp T_1.6;
T_1.2 ;
    %load/vec4 v0x558c6feb0430_0;
    %pad/u 5;
    %ix/vec4 4;
    %load/vec4a v0x558c6feafd20, 4;
    %parti/s 32, 0, 2;
    %store/vec4 v0x558c6feb0930_0, 0, 32;
    %jmp T_1.6;
T_1.3 ;
    %load/vec4 v0x558c6feb0430_0;
    %pad/u 5;
    %ix/vec4 4;
    %load/vec4a v0x558c6feafd20, 4;
    %parti/s 32, 32, 7;
    %store/vec4 v0x558c6feb0930_0, 0, 32;
    %jmp T_1.6;
T_1.4 ;
    %load/vec4 v0x558c6feb0430_0;
    %pad/u 5;
    %ix/vec4 4;
    %load/vec4a v0x558c6feafd20, 4;
    %parti/s 32, 64, 8;
    %store/vec4 v0x558c6feb0930_0, 0, 32;
    %jmp T_1.6;
T_1.5 ;
    %load/vec4 v0x558c6feb0430_0;
    %pad/u 5;
    %ix/vec4 4;
    %load/vec4a v0x558c6feafd20, 4;
    %parti/s 32, 96, 8;
    %store/vec4 v0x558c6feb0930_0, 0, 32;
    %jmp T_1.6;
T_1.6 ;
    %pop/vec4 1;
T_1.0 ;
    %jmp T_1;
    .thread T_1, $push;
    .scope S_0x558c6fe7cfb0;
T_2 ;
    %wait E_0x558c6fe73f30;
    %load/vec4 v0x558c6feb02b0_0;
    %flag_set/vec4 8;
    %jmp/0xz  T_2.0, 8;
    %pushi/vec4 1, 0, 1;
    %store/vec4 v0x558c6feb0870_0, 0, 1;
    %pushi/vec4 1, 0, 1;
    %store/vec4 v0x558c6feb0370_0, 0, 1;
T_2.0 ;
    %jmp T_2;
    .thread T_2, $push;
    .scope S_0x558c6fe7cfb0;
T_3 ;
    %wait E_0x558c6fe737e0;
    %load/vec4 v0x558c6feb0b90_0;
    %dup/vec4;
    %pushi/vec4 0, 0, 2;
    %cmp/u;
    %jmp/1 T_3.0, 6;
    %dup/vec4;
    %pushi/vec4 1, 0, 2;
    %cmp/u;
    %jmp/1 T_3.1, 6;
    %jmp T_3.2;
T_3.0 ;
    %load/vec4 v0x558c6feafab0_0;
    %nor/r;
    %load/vec4 v0x558c6feb0370_0;
    %and;
    %flag_set/vec4 8;
    %jmp/0xz  T_3.3, 8;
    %pushi/vec4 1, 0, 2;
    %store/vec4 v0x558c6feb0510_0, 0, 2;
    %jmp T_3.4;
T_3.3 ;
    %load/vec4 v0x558c6feafab0_0;
    %load/vec4 v0x558c6feafb50_0;
    %and;
    %load/vec4 v0x558c6feb0370_0;
    %and;
    %flag_set/vec4 8;
    %jmp/0xz  T_3.5, 8;
    %pushi/vec4 0, 0, 2;
    %store/vec4 v0x558c6feb0510_0, 0, 2;
    %jmp T_3.6;
T_3.5 ;
    %load/vec4 v0x558c6feafab0_0;
    %load/vec4 v0x558c6feafb50_0;
    %nor/r;
    %and;
    %load/vec4 v0x558c6feb0370_0;
    %and;
    %flag_set/vec4 8;
    %jmp/0xz  T_3.7, 8;
    %pushi/vec4 1, 0, 2;
    %store/vec4 v0x558c6feb0510_0, 0, 2;
T_3.7 ;
T_3.6 ;
T_3.4 ;
    %jmp T_3.2;
T_3.1 ;
    %load/vec4 v0x558c6feb0030_0;
    %flag_set/vec4 8;
    %jmp/0xz  T_3.9, 8;
    %pushi/vec4 1, 0, 2;
    %store/vec4 v0x558c6feb0510_0, 0, 2;
    %jmp T_3.10;
T_3.9 ;
    %pushi/vec4 0, 0, 2;
    %store/vec4 v0x558c6feb0510_0, 0, 2;
T_3.10 ;
    %jmp T_3.2;
T_3.2 ;
    %pop/vec4 1;
    %jmp T_3;
    .thread T_3, $push;
    .scope S_0x558c6fe7cfb0;
T_4 ;
    %wait E_0x558c6fe6fa30;
    %load/vec4 v0x558c6feb0370_0;
    %flag_set/vec4 8;
    %jmp/0xz  T_4.0, 8;
    %load/vec4 v0x558c6feb0b90_0;
    %dup/vec4;
    %pushi/vec4 0, 0, 2;
    %cmp/u;
    %jmp/1 T_4.2, 6;
    %dup/vec4;
    %pushi/vec4 1, 0, 2;
    %cmp/u;
    %jmp/1 T_4.3, 6;
    %jmp T_4.4;
T_4.2 ;
    %pushi/vec4 0, 0, 1;
    %store/vec4 v0x558c6feb07b0_0, 0, 1;
    %load/vec4 v0x558c6feb0370_0;
    %load/vec4 v0x558c6feafb50_0;
    %and;
    %load/vec4 v0x558c6feafab0_0;
    %and;
    %flag_set/vec4 8;
    %jmp/0xz  T_4.5, 8;
    %pushi/vec4 1, 0, 1;
    %store/vec4 v0x558c6feb0a10_0, 0, 1;
    %jmp T_4.6;
T_4.5 ;
    %pushi/vec4 0, 0, 1;
    %store/vec4 v0x558c6feb0a10_0, 0, 1;
T_4.6 ;
    %jmp T_4.4;
T_4.3 ;
    %pushi/vec4 1, 0, 1;
    %store/vec4 v0x558c6feb07b0_0, 0, 1;
    %load/vec4 v0x558c6feb0c70_0;
    %load/vec4 v0x558c6feb0430_0;
    %concat/vec4; draw_concat_vec4
    %store/vec4 v0x558c6feb06d0_0, 0, 28;
    %load/vec4 v0x558c6feb0030_0;
    %nor/r;
    %flag_set/vec4 8;
    %jmp/0xz  T_4.7, 8;
    %pushi/vec4 1, 0, 1;
    %store/vec4 v0x558c6feb1240_0, 0, 1;
    %jmp T_4.8;
T_4.7 ;
    %pushi/vec4 0, 0, 1;
    %store/vec4 v0x558c6feb1240_0, 0, 1;
T_4.8 ;
    %jmp T_4.4;
T_4.4 ;
    %pop/vec4 1;
T_4.0 ;
    %jmp T_4;
    .thread T_4, $push;
    .scope S_0x558c6fe7cfb0;
T_5 ;
    %wait E_0x558c6fe88f60;
    %load/vec4 v0x558c6feb0ad0_0;
    %flag_set/vec4 8;
    %jmp/0xz  T_5.0, 8;
    %pushi/vec4 0, 0, 1;
    %store/vec4 v0x558c6feb0870_0, 0, 1;
    %pushi/vec4 0, 0, 32;
    %store/vec4 v0x558c6feaff50_0, 0, 32;
T_5.2 ;
    %load/vec4 v0x558c6feaff50_0;
    %cmpi/s 8, 0, 32;
    %jmp/0xz T_5.3, 5;
    %pushi/vec4 0, 0, 128;
    %ix/getv/s 4, v0x558c6feaff50_0;
    %store/vec4a v0x558c6feafd20, 4, 0;
    %pushi/vec4 0, 0, 2;
    %ix/getv/s 4, v0x558c6feaff50_0;
    %store/vec4a v0x558c6feb1010, 4, 0;
    %load/vec4 v0x558c6feaff50_0;
    %addi 1, 0, 32;
    %store/vec4 v0x558c6feaff50_0, 0, 32;
    %jmp T_5.2;
T_5.3 ;
T_5.0 ;
    %jmp T_5;
    .thread T_5;
    .scope S_0x558c6fe7cfb0;
T_6 ;
    %wait E_0x558c6fe88d90;
    %load/vec4 v0x558c6feb0ad0_0;
    %nor/r;
    %flag_set/vec4 8;
    %jmp/0xz  T_6.0, 8;
    %load/vec4 v0x558c6feb0510_0;
    %assign/vec4 v0x558c6feb0b90_0, 0;
    %jmp T_6.1;
T_6.0 ;
    %pushi/vec4 0, 0, 2;
    %assign/vec4 v0x558c6feb0b90_0, 0;
    %pushi/vec4 0, 0, 2;
    %assign/vec4 v0x558c6feb0510_0, 0;
T_6.1 ;
    %jmp T_6;
    .thread T_6;
    .scope S_0x558c6fe7cfb0;
T_7 ;
    %wait E_0x558c6fe88d90;
    %load/vec4 v0x558c6feb1240_0;
    %flag_set/vec4 8;
    %jmp/0xz  T_7.0, 8;
    %delay 10, 0;
    %load/vec4 v0x558c6feb00f0_0;
    %load/vec4 v0x558c6feb0430_0;
    %pad/u 5;
    %ix/vec4 4;
    %store/vec4a v0x558c6feafd20, 4, 0;
    %load/vec4 v0x558c6feb0c70_0;
    %load/vec4 v0x558c6feb0430_0;
    %pad/u 5;
    %ix/vec4 4;
    %store/vec4a v0x558c6feb0d50, 4, 0;
    %pushi/vec4 1, 0, 2;
    %load/vec4 v0x558c6feb0430_0;
    %pad/u 5;
    %ix/vec4 4;
    %store/vec4a v0x558c6feb1010, 4, 0;
    %pushi/vec4 0, 0, 1;
    %store/vec4 v0x558c6feb1240_0, 0, 1;
T_7.0 ;
    %jmp T_7;
    .thread T_7;
    .scope S_0x558c6fe7cfb0;
T_8 ;
    %wait E_0x558c6fe88d90;
    %load/vec4 v0x558c6feb0a10_0;
    %flag_set/vec4 8;
    %jmp/0xz  T_8.0, 8;
    %pushi/vec4 0, 0, 1;
    %store/vec4 v0x558c6feb0870_0, 0, 1;
    %pushi/vec4 0, 0, 1;
    %store/vec4 v0x558c6feb0a10_0, 0, 1;
    %pushi/vec4 0, 0, 1;
    %store/vec4 v0x558c6feb0370_0, 0, 1;
T_8.0 ;
    %jmp T_8;
    .thread T_8;
# The file index is used to find the file name in the following table.
:file_names 3;
    "N/A";
    "<interactive>";
    "icache.v";
