#! /usr/bin/vvp
:ivl_version "11.0 (stable)";
:ivl_delay_selection "TYPICAL";
:vpi_time_precision + 0;
:vpi_module "/usr/lib/x86_64-linux-gnu/ivl/system.vpi";
:vpi_module "/usr/lib/x86_64-linux-gnu/ivl/vhdl_sys.vpi";
:vpi_module "/usr/lib/x86_64-linux-gnu/ivl/vhdl_textio.vpi";
:vpi_module "/usr/lib/x86_64-linux-gnu/ivl/v2005_math.vpi";
:vpi_module "/usr/lib/x86_64-linux-gnu/ivl/va_math.vpi";
S_0x55bc49d70650 .scope module, "ins_memory" "ins_memory" 2 1;
 .timescale 0 0;
    .port_info 0 /INPUT 1 "clock";
    .port_info 1 /INPUT 1 "read";
    .port_info 2 /INPUT 28 "address";
    .port_info 3 /OUTPUT 128 "readdata";
    .port_info 4 /OUTPUT 1 "busywait";
o0x7f30841ee018 .functor BUFZ 28, C4<zzzzzzzzzzzzzzzzzzzzzzzzzzzz>; HiZ drive
v0x55bc49d4ac00_0 .net "address", 27 0, o0x7f30841ee018;  0 drivers
v0x55bc49d974e0_0 .var "busywait", 0 0;
o0x7f30841ee078 .functor BUFZ 1, C4<z>; HiZ drive
v0x55bc49d975a0_0 .net "clock", 0 0, o0x7f30841ee078;  0 drivers
v0x55bc49d97640 .array "memory_array", 1023 0, 7 0;
o0x7f30841ee0a8 .functor BUFZ 1, C4<z>; HiZ drive
v0x55bc49d97700_0 .net "read", 0 0, o0x7f30841ee0a8;  0 drivers
v0x55bc49d97810_0 .var "readaccess", 0 0;
v0x55bc49d978d0_0 .var "readdata", 127 0;
E_0x55bc49d82320 .event posedge, v0x55bc49d975a0_0;
E_0x55bc49d81e40 .event edge, v0x55bc49d97700_0;
    .scope S_0x55bc49d70650;
T_0 ;
    %vpi_call 2 16 "$readmemh", "instr_mem.mem", v0x55bc49d97640 {0 0 0};
    %pushi/vec4 0, 0, 1;
    %store/vec4 v0x55bc49d974e0_0, 0, 1;
    %pushi/vec4 0, 0, 1;
    %store/vec4 v0x55bc49d97810_0, 0, 1;
    %end;
    .thread T_0;
    .scope S_0x55bc49d70650;
T_1 ;
    %wait E_0x55bc49d81e40;
    %load/vec4 v0x55bc49d97700_0;
    %flag_set/vec4 8;
    %jmp/0 T_1.0, 8;
    %pushi/vec4 1, 0, 2;
    %jmp/1 T_1.1, 8;
T_1.0 ; End of true expr.
    %pushi/vec4 0, 0, 2;
    %jmp/0 T_1.1, 8;
 ; End of false expr.
    %blend;
T_1.1;
    %pad/s 1;
    %store/vec4 v0x55bc49d974e0_0, 0, 1;
    %load/vec4 v0x55bc49d97700_0;
    %flag_set/vec4 8;
    %jmp/0 T_1.2, 8;
    %pushi/vec4 1, 0, 2;
    %jmp/1 T_1.3, 8;
T_1.2 ; End of true expr.
    %pushi/vec4 0, 0, 2;
    %jmp/0 T_1.3, 8;
 ; End of false expr.
    %blend;
T_1.3;
    %pad/s 1;
    %store/vec4 v0x55bc49d97810_0, 0, 1;
    %jmp T_1;
    .thread T_1, $push;
    .scope S_0x55bc49d70650;
T_2 ;
    %wait E_0x55bc49d82320;
    %load/vec4 v0x55bc49d97810_0;
    %flag_set/vec4 8;
    %jmp/0xz  T_2.0, 8;
    %ix/getv 4, v0x55bc49d4ac00_0;
    %load/vec4a v0x55bc49d97640, 4;
    %concati/vec4 255, 255, 8;
    %concati/vec4 255, 255, 8;
    %concati/vec4 255, 255, 8;
    %concati/vec4 255, 255, 8;
    %concati/vec4 255, 255, 8;
    %concati/vec4 255, 255, 8;
    %concati/vec4 255, 255, 8;
    %concati/vec4 255, 255, 8;
    %concati/vec4 255, 255, 8;
    %concati/vec4 255, 255, 8;
    %concati/vec4 255, 255, 8;
    %concati/vec4 255, 255, 8;
    %concati/vec4 255, 255, 8;
    %concati/vec4 255, 255, 8;
    %concati/vec4 255, 255, 8;
    %assign/vec4 v0x55bc49d978d0_0, 0;
    %pushi/vec4 0, 0, 1;
    %store/vec4 v0x55bc49d974e0_0, 0, 1;
    %pushi/vec4 0, 0, 1;
    %store/vec4 v0x55bc49d97810_0, 0, 1;
T_2.0 ;
    %jmp T_2;
    .thread T_2;
# The file index is used to find the file name in the following table.
:file_names 3;
    "N/A";
    "<interactive>";
    "instr_memory.v";
