#! /usr/bin/vvp
:ivl_version "11.0 (stable)";
:ivl_delay_selection "TYPICAL";
:vpi_time_precision - 10;
:vpi_module "/usr/lib/x86_64-linux-gnu/ivl/system.vpi";
:vpi_module "/usr/lib/x86_64-linux-gnu/ivl/vhdl_sys.vpi";
:vpi_module "/usr/lib/x86_64-linux-gnu/ivl/vhdl_textio.vpi";
:vpi_module "/usr/lib/x86_64-linux-gnu/ivl/v2005_math.vpi";
:vpi_module "/usr/lib/x86_64-linux-gnu/ivl/va_math.vpi";
S_0x5630c1e3ed90 .scope module, "immediate_select" "immediate_select" 2 3;
 .timescale -9 -10;
    .port_info 0 /INPUT 32 "INST";
    .port_info 1 /INPUT 4 "SELECT";
    .port_info 2 /OUTPUT 32 "OUT";
o0x7f5100ca1018 .functor BUFZ 32, C4<zzzzzzzzzzzzzzzzzzzzzzzzzzzzzzzz>; HiZ drive
v0x5630c1e3ef70_0 .net "INST", 31 0, o0x7f5100ca1018;  0 drivers
v0x5630c1e94480_0 .var "OUT", 31 0;
o0x7f5100ca1078 .functor BUFZ 4, C4<zzzz>; HiZ drive
v0x5630c1e94560_0 .net "SELECT", 3 0, o0x7f5100ca1078;  0 drivers
v0x5630c1e94620_0 .net "TYPE1", 19 0, L_0x5630c1e94fb0;  1 drivers
v0x5630c1e94700_0 .net "TYPE2", 19 0, L_0x5630c1e95050;  1 drivers
v0x5630c1e94830_0 .net "TYPE3", 11 0, L_0x5630c1e950f0;  1 drivers
v0x5630c1e94910_0 .net "TYPE4", 11 0, L_0x5630c1e95390;  1 drivers
v0x5630c1e949f0_0 .net "TYPE5", 11 0, L_0x5630c1e95680;  1 drivers
v0x5630c1e94ad0_0 .net "TYPE6", 4 0, L_0x5630c1e957c0;  1 drivers
v0x5630c1e94bb0_0 .net *"_ivl_13", 6 0, L_0x5630c1e954f0;  1 drivers
v0x5630c1e94c90_0 .net *"_ivl_15", 4 0, L_0x5630c1e95590;  1 drivers
v0x5630c1e94d70_0 .net *"_ivl_7", 6 0, L_0x5630c1e95190;  1 drivers
v0x5630c1e94e50_0 .net *"_ivl_9", 4 0, L_0x5630c1e952f0;  1 drivers
E_0x5630c1e788e0/0 .event edge, v0x5630c1e94560_0, v0x5630c1e94620_0, v0x5630c1e94700_0, v0x5630c1e3ef70_0;
E_0x5630c1e788e0/1 .event edge, v0x5630c1e94830_0, v0x5630c1e949f0_0, v0x5630c1e94ad0_0;
E_0x5630c1e788e0 .event/or E_0x5630c1e788e0/0, E_0x5630c1e788e0/1;
L_0x5630c1e94fb0 .part o0x7f5100ca1018, 12, 20;
L_0x5630c1e95050 .part o0x7f5100ca1018, 12, 20;
L_0x5630c1e950f0 .part o0x7f5100ca1018, 20, 12;
L_0x5630c1e95190 .part o0x7f5100ca1018, 25, 7;
L_0x5630c1e952f0 .part o0x7f5100ca1018, 7, 5;
L_0x5630c1e95390 .concat [ 5 7 0 0], L_0x5630c1e952f0, L_0x5630c1e95190;
L_0x5630c1e954f0 .part o0x7f5100ca1018, 25, 7;
L_0x5630c1e95590 .part o0x7f5100ca1018, 7, 5;
L_0x5630c1e95680 .concat [ 5 7 0 0], L_0x5630c1e95590, L_0x5630c1e954f0;
L_0x5630c1e957c0 .part o0x7f5100ca1018, 25, 5;
    .scope S_0x5630c1e3ed90;
T_0 ;
    %wait E_0x5630c1e788e0;
    %load/vec4 v0x5630c1e94560_0;
    %parti/s 3, 0, 2;
    %dup/vec4;
    %pushi/vec4 0, 0, 3;
    %cmp/u;
    %jmp/1 T_0.0, 6;
    %dup/vec4;
    %pushi/vec4 1, 0, 3;
    %cmp/u;
    %jmp/1 T_0.1, 6;
    %dup/vec4;
    %pushi/vec4 2, 0, 3;
    %cmp/u;
    %jmp/1 T_0.2, 6;
    %dup/vec4;
    %pushi/vec4 3, 0, 3;
    %cmp/u;
    %jmp/1 T_0.3, 6;
    %dup/vec4;
    %pushi/vec4 4, 0, 3;
    %cmp/u;
    %jmp/1 T_0.4, 6;
    %dup/vec4;
    %pushi/vec4 5, 0, 3;
    %cmp/u;
    %jmp/1 T_0.5, 6;
    %jmp T_0.6;
T_0.0 ;
    %load/vec4 v0x5630c1e94620_0;
    %concati/vec4 0, 0, 12;
    %store/vec4 v0x5630c1e94480_0, 0, 32;
    %jmp T_0.6;
T_0.1 ;
    %load/vec4 v0x5630c1e94560_0;
    %parti/s 1, 3, 3;
    %cmpi/e 1, 0, 1;
    %jmp/0xz  T_0.7, 4;
    %pushi/vec4 0, 0, 11;
    %load/vec4 v0x5630c1e94700_0;
    %concat/vec4; draw_concat_vec4
    %concati/vec4 0, 0, 1;
    %store/vec4 v0x5630c1e94480_0, 0, 32;
    %jmp T_0.8;
T_0.7 ;
    %load/vec4 v0x5630c1e3ef70_0;
    %parti/s 1, 31, 6;
    %replicate 11;
    %load/vec4 v0x5630c1e3ef70_0;
    %parti/s 1, 31, 6;
    %concat/vec4; draw_concat_vec4
    %load/vec4 v0x5630c1e3ef70_0;
    %parti/s 8, 12, 5;
    %concat/vec4; draw_concat_vec4
    %load/vec4 v0x5630c1e3ef70_0;
    %parti/s 1, 20, 6;
    %concat/vec4; draw_concat_vec4
    %load/vec4 v0x5630c1e3ef70_0;
    %parti/s 10, 21, 6;
    %concat/vec4; draw_concat_vec4
    %concati/vec4 0, 0, 1;
    %store/vec4 v0x5630c1e94480_0, 0, 32;
T_0.8 ;
    %jmp T_0.6;
T_0.2 ;
    %load/vec4 v0x5630c1e94560_0;
    %parti/s 1, 3, 3;
    %cmpi/e 1, 0, 1;
    %jmp/0xz  T_0.9, 4;
    %pushi/vec4 0, 0, 20;
    %load/vec4 v0x5630c1e94830_0;
    %concat/vec4; draw_concat_vec4
    %store/vec4 v0x5630c1e94480_0, 0, 32;
    %jmp T_0.10;
T_0.9 ;
    %load/vec4 v0x5630c1e94830_0;
    %parti/s 1, 11, 5;
    %replicate 20;
    %load/vec4 v0x5630c1e94830_0;
    %concat/vec4; draw_concat_vec4
    %store/vec4 v0x5630c1e94480_0, 0, 32;
T_0.10 ;
    %jmp T_0.6;
T_0.3 ;
    %load/vec4 v0x5630c1e94560_0;
    %parti/s 1, 3, 3;
    %cmpi/e 1, 0, 1;
    %jmp/0xz  T_0.11, 4;
    %pushi/vec4 0, 0, 20;
    %load/vec4 v0x5630c1e3ef70_0;
    %parti/s 1, 31, 6;
    %concat/vec4; draw_concat_vec4
    %load/vec4 v0x5630c1e3ef70_0;
    %parti/s 1, 7, 4;
    %concat/vec4; draw_concat_vec4
    %load/vec4 v0x5630c1e3ef70_0;
    %parti/s 6, 25, 6;
    %concat/vec4; draw_concat_vec4
    %load/vec4 v0x5630c1e3ef70_0;
    %parti/s 4, 8, 5;
    %concat/vec4; draw_concat_vec4
    %concati/vec4 0, 0, 1;
    %pad/u 32;
    %store/vec4 v0x5630c1e94480_0, 0, 32;
    %jmp T_0.12;
T_0.11 ;
    %load/vec4 v0x5630c1e3ef70_0;
    %parti/s 1, 31, 6;
    %replicate 20;
    %load/vec4 v0x5630c1e3ef70_0;
    %parti/s 1, 31, 6;
    %concat/vec4; draw_concat_vec4
    %load/vec4 v0x5630c1e3ef70_0;
    %parti/s 1, 7, 4;
    %concat/vec4; draw_concat_vec4
    %load/vec4 v0x5630c1e3ef70_0;
    %parti/s 6, 25, 6;
    %concat/vec4; draw_concat_vec4
    %load/vec4 v0x5630c1e3ef70_0;
    %parti/s 4, 8, 5;
    %concat/vec4; draw_concat_vec4
    %concati/vec4 0, 0, 1;
    %pad/u 32;
    %store/vec4 v0x5630c1e94480_0, 0, 32;
T_0.12 ;
    %jmp T_0.6;
T_0.4 ;
    %load/vec4 v0x5630c1e94560_0;
    %parti/s 1, 3, 3;
    %cmpi/e 1, 0, 1;
    %jmp/0xz  T_0.13, 4;
    %pushi/vec4 0, 0, 20;
    %load/vec4 v0x5630c1e949f0_0;
    %concat/vec4; draw_concat_vec4
    %store/vec4 v0x5630c1e94480_0, 0, 32;
    %jmp T_0.14;
T_0.13 ;
    %load/vec4 v0x5630c1e949f0_0;
    %parti/s 1, 11, 5;
    %replicate 20;
    %load/vec4 v0x5630c1e949f0_0;
    %concat/vec4; draw_concat_vec4
    %store/vec4 v0x5630c1e94480_0, 0, 32;
T_0.14 ;
    %jmp T_0.6;
T_0.5 ;
    %pushi/vec4 0, 0, 27;
    %load/vec4 v0x5630c1e94ad0_0;
    %concat/vec4; draw_concat_vec4
    %store/vec4 v0x5630c1e94480_0, 0, 32;
    %jmp T_0.6;
T_0.6 ;
    %pop/vec4 1;
    %jmp T_0;
    .thread T_0, $push;
# The file index is used to find the file name in the following table.
:file_names 3;
    "N/A";
    "<interactive>";
    "branch_selection.v";
