#! /usr/bin/vvp
:ivl_version "11.0 (stable)";
:ivl_delay_selection "TYPICAL";
:vpi_time_precision + 0;
:vpi_module "/usr/lib/x86_64-linux-gnu/ivl/system.vpi";
:vpi_module "/usr/lib/x86_64-linux-gnu/ivl/vhdl_sys.vpi";
:vpi_module "/usr/lib/x86_64-linux-gnu/ivl/vhdl_textio.vpi";
:vpi_module "/usr/lib/x86_64-linux-gnu/ivl/v2005_math.vpi";
:vpi_module "/usr/lib/x86_64-linux-gnu/ivl/va_math.vpi";
S_0x555c1ceb5700 .scope module, "RV32IM_ALU_tb" "RV32IM_ALU_tb" 2 1;
 .timescale 0 0;
v0x555c1cedae10_0 .net "carry", 0 0, v0x555c1ce74c00_0;  1 drivers
v0x555c1cedaed0_0 .var "funct3", 2 0;
v0x555c1cedafa0_0 .var "funct7", 6 0;
v0x555c1cedb0a0_0 .var "op1", 31 0;
v0x555c1cedb170_0 .var "op2", 31 0;
v0x555c1cedb210_0 .var "opcode", 1 0;
v0x555c1cedb2e0_0 .net "overflow", 0 0, v0x555c1cedaa90_0;  1 drivers
v0x555c1cedb3b0_0 .net "result", 31 0, v0x555c1cedab50_0;  1 drivers
v0x555c1cedb480_0 .net "zero", 0 0, v0x555c1cedac30_0;  1 drivers
S_0x555c1ceb5890 .scope module, "dut" "RV32IM_ALU" 2 13, 3 1 0, S_0x555c1ceb5700;
 .timescale 0 0;
    .port_info 0 /INPUT 32 "op1";
    .port_info 1 /INPUT 32 "op2";
    .port_info 2 /INPUT 3 "funct3";
    .port_info 3 /INPUT 7 "funct7";
    .port_info 4 /INPUT 2 "opcode";
    .port_info 5 /OUTPUT 32 "result";
    .port_info 6 /OUTPUT 1 "zero";
    .port_info 7 /OUTPUT 1 "carry";
    .port_info 8 /OUTPUT 1 "overflow";
v0x555c1ce74c00_0 .var "carry", 0 0;
v0x555c1ceda600_0 .net "funct3", 2 0, v0x555c1cedaed0_0;  1 drivers
v0x555c1ceda6e0_0 .net "funct7", 6 0, v0x555c1cedafa0_0;  1 drivers
v0x555c1ceda7a0_0 .net "op1", 31 0, v0x555c1cedb0a0_0;  1 drivers
v0x555c1ceda880_0 .net "op2", 31 0, v0x555c1cedb170_0;  1 drivers
v0x555c1ceda9b0_0 .net "opcode", 1 0, v0x555c1cedb210_0;  1 drivers
v0x555c1cedaa90_0 .var "overflow", 0 0;
v0x555c1cedab50_0 .var "result", 31 0;
v0x555c1cedac30_0 .var "zero", 0 0;
E_0x555c1ce73800/0 .event edge, v0x555c1ceda9b0_0, v0x555c1ceda600_0, v0x555c1ceda7a0_0, v0x555c1ceda880_0;
E_0x555c1ce73800/1 .event edge, v0x555c1ceda6e0_0, v0x555c1cedab50_0;
E_0x555c1ce73800 .event/or E_0x555c1ce73800/0, E_0x555c1ce73800/1;
    .scope S_0x555c1ceb5890;
T_0 ;
    %wait E_0x555c1ce73800;
    %load/vec4 v0x555c1ceda9b0_0;
    %pad/u 3;
    %dup/vec4;
    %pushi/vec4 0, 0, 3;
    %cmp/u;
    %jmp/1 T_0.0, 6;
    %dup/vec4;
    %pushi/vec4 1, 0, 3;
    %cmp/u;
    %jmp/1 T_0.1, 6;
    %dup/vec4;
    %pushi/vec4 3, 0, 3;
    %cmp/u;
    %jmp/1 T_0.2, 6;
    %dup/vec4;
    %pushi/vec4 6, 0, 3;
    %cmp/u;
    %jmp/1 T_0.3, 6;
    %jmp T_0.4;
T_0.0 ;
    %load/vec4 v0x555c1ceda600_0;
    %dup/vec4;
    %pushi/vec4 0, 0, 3;
    %cmp/u;
    %jmp/1 T_0.5, 6;
    %dup/vec4;
    %pushi/vec4 1, 0, 3;
    %cmp/u;
    %jmp/1 T_0.6, 6;
    %dup/vec4;
    %pushi/vec4 2, 0, 3;
    %cmp/u;
    %jmp/1 T_0.7, 6;
    %dup/vec4;
    %pushi/vec4 3, 0, 3;
    %cmp/u;
    %jmp/1 T_0.8, 6;
    %dup/vec4;
    %pushi/vec4 4, 0, 3;
    %cmp/u;
    %jmp/1 T_0.9, 6;
    %dup/vec4;
    %pushi/vec4 5, 0, 3;
    %cmp/u;
    %jmp/1 T_0.10, 6;
    %dup/vec4;
    %pushi/vec4 6, 0, 3;
    %cmp/u;
    %jmp/1 T_0.11, 6;
    %dup/vec4;
    %pushi/vec4 7, 0, 3;
    %cmp/u;
    %jmp/1 T_0.12, 6;
    %jmp T_0.13;
T_0.5 ;
    %load/vec4 v0x555c1ceda7a0_0;
    %load/vec4 v0x555c1ceda880_0;
    %add;
    %store/vec4 v0x555c1cedab50_0, 0, 32;
    %jmp T_0.13;
T_0.6 ;
    %load/vec4 v0x555c1ceda7a0_0;
    %load/vec4 v0x555c1ceda880_0;
    %parti/s 5, 0, 2;
    %ix/vec4 4;
    %shiftl 4;
    %store/vec4 v0x555c1cedab50_0, 0, 32;
    %jmp T_0.13;
T_0.7 ;
    %load/vec4 v0x555c1ceda7a0_0;
    %load/vec4 v0x555c1ceda880_0;
    %cmp/u;
    %flag_mov 8, 5;
    %jmp/0 T_0.14, 8;
    %pushi/vec4 1, 0, 32;
    %jmp/1 T_0.15, 8;
T_0.14 ; End of true expr.
    %pushi/vec4 0, 0, 32;
    %jmp/0 T_0.15, 8;
 ; End of false expr.
    %blend;
T_0.15;
    %store/vec4 v0x555c1cedab50_0, 0, 32;
    %jmp T_0.13;
T_0.8 ;
    %load/vec4 v0x555c1ceda7a0_0;
    %load/vec4 v0x555c1ceda880_0;
    %cmp/u;
    %flag_mov 8, 5;
    %jmp/0 T_0.16, 8;
    %pushi/vec4 1, 0, 32;
    %jmp/1 T_0.17, 8;
T_0.16 ; End of true expr.
    %pushi/vec4 0, 0, 32;
    %jmp/0 T_0.17, 8;
 ; End of false expr.
    %blend;
T_0.17;
    %store/vec4 v0x555c1cedab50_0, 0, 32;
    %jmp T_0.13;
T_0.9 ;
    %load/vec4 v0x555c1ceda7a0_0;
    %load/vec4 v0x555c1ceda880_0;
    %xor;
    %store/vec4 v0x555c1cedab50_0, 0, 32;
    %jmp T_0.13;
T_0.10 ;
    %load/vec4 v0x555c1ceda6e0_0;
    %parti/s 1, 5, 4;
    %pad/u 32;
    %cmpi/e 1, 0, 32;
    %jmp/0xz  T_0.18, 4;
    %load/vec4 v0x555c1ceda7a0_0;
    %load/vec4 v0x555c1ceda880_0;
    %parti/s 5, 0, 2;
    %ix/vec4 4;
    %shiftr/s 4;
    %store/vec4 v0x555c1cedab50_0, 0, 32;
    %jmp T_0.19;
T_0.18 ;
    %load/vec4 v0x555c1ceda7a0_0;
    %load/vec4 v0x555c1ceda880_0;
    %parti/s 5, 0, 2;
    %ix/vec4 4;
    %shiftr 4;
    %store/vec4 v0x555c1cedab50_0, 0, 32;
T_0.19 ;
    %jmp T_0.13;
T_0.11 ;
    %load/vec4 v0x555c1ceda7a0_0;
    %load/vec4 v0x555c1ceda880_0;
    %or;
    %store/vec4 v0x555c1cedab50_0, 0, 32;
    %jmp T_0.13;
T_0.12 ;
    %load/vec4 v0x555c1ceda7a0_0;
    %load/vec4 v0x555c1ceda880_0;
    %and;
    %store/vec4 v0x555c1cedab50_0, 0, 32;
    %jmp T_0.13;
T_0.13 ;
    %pop/vec4 1;
    %load/vec4 v0x555c1cedab50_0;
    %cmpi/e 0, 0, 32;
    %flag_mov 8, 4;
    %jmp/0 T_0.20, 8;
    %pushi/vec4 1, 0, 2;
    %jmp/1 T_0.21, 8;
T_0.20 ; End of true expr.
    %pushi/vec4 0, 0, 2;
    %jmp/0 T_0.21, 8;
 ; End of false expr.
    %blend;
T_0.21;
    %pad/s 1;
    %store/vec4 v0x555c1cedac30_0, 0, 1;
    %pushi/vec4 0, 0, 1;
    %store/vec4 v0x555c1ce74c00_0, 0, 1;
    %pushi/vec4 0, 0, 1;
    %store/vec4 v0x555c1cedaa90_0, 0, 1;
    %jmp T_0.4;
T_0.1 ;
    %load/vec4 v0x555c1ceda600_0;
    %dup/vec4;
    %pushi/vec4 0, 0, 3;
    %cmp/u;
    %jmp/1 T_0.22, 6;
    %dup/vec4;
    %pushi/vec4 2, 0, 3;
    %cmp/u;
    %jmp/1 T_0.23, 6;
    %dup/vec4;
    %pushi/vec4 3, 0, 3;
    %cmp/u;
    %jmp/1 T_0.24, 6;
    %dup/vec4;
    %pushi/vec4 4, 0, 3;
    %cmp/u;
    %jmp/1 T_0.25, 6;
    %dup/vec4;
    %pushi/vec4 6, 0, 3;
    %cmp/u;
    %jmp/1 T_0.26, 6;
    %dup/vec4;
    %pushi/vec4 7, 0, 3;
    %cmp/u;
    %jmp/1 T_0.27, 6;
    %load/vec4 v0x555c1ceda7a0_0;
    %store/vec4 v0x555c1cedab50_0, 0, 32;
    %jmp T_0.29;
T_0.22 ;
    %load/vec4 v0x555c1ceda7a0_0;
    %load/vec4 v0x555c1ceda880_0;
    %add;
    %store/vec4 v0x555c1cedab50_0, 0, 32;
    %jmp T_0.29;
T_0.23 ;
    %load/vec4 v0x555c1ceda7a0_0;
    %load/vec4 v0x555c1ceda880_0;
    %cmp/u;
    %flag_get/vec4 5;
    %pad/u 32;
    %store/vec4 v0x555c1cedab50_0, 0, 32;
    %jmp T_0.29;
T_0.24 ;
    %load/vec4 v0x555c1ceda7a0_0;
    %load/vec4 v0x555c1ceda880_0;
    %cmp/u;
    %flag_get/vec4 5;
    %pad/u 32;
    %store/vec4 v0x555c1cedab50_0, 0, 32;
    %jmp T_0.29;
T_0.25 ;
    %load/vec4 v0x555c1ceda7a0_0;
    %load/vec4 v0x555c1ceda880_0;
    %xor;
    %store/vec4 v0x555c1cedab50_0, 0, 32;
    %jmp T_0.29;
T_0.26 ;
    %load/vec4 v0x555c1ceda7a0_0;
    %load/vec4 v0x555c1ceda880_0;
    %or;
    %store/vec4 v0x555c1cedab50_0, 0, 32;
    %jmp T_0.29;
T_0.27 ;
    %load/vec4 v0x555c1ceda7a0_0;
    %load/vec4 v0x555c1ceda880_0;
    %and;
    %store/vec4 v0x555c1cedab50_0, 0, 32;
    %jmp T_0.29;
T_0.29 ;
    %pop/vec4 1;
    %load/vec4 v0x555c1cedab50_0;
    %cmpi/e 0, 0, 32;
    %flag_mov 8, 4;
    %jmp/0 T_0.30, 8;
    %pushi/vec4 1, 0, 2;
    %jmp/1 T_0.31, 8;
T_0.30 ; End of true expr.
    %pushi/vec4 0, 0, 2;
    %jmp/0 T_0.31, 8;
 ; End of false expr.
    %blend;
T_0.31;
    %pad/s 1;
    %store/vec4 v0x555c1cedac30_0, 0, 1;
    %pushi/vec4 0, 0, 1;
    %store/vec4 v0x555c1ce74c00_0, 0, 1;
    %pushi/vec4 0, 0, 1;
    %store/vec4 v0x555c1cedaa90_0, 0, 1;
    %jmp T_0.4;
T_0.2 ;
    %load/vec4 v0x555c1ceda880_0;
    %parti/s 20, 12, 5;
    %concati/vec4 0, 0, 12;
    %store/vec4 v0x555c1cedab50_0, 0, 32;
    %load/vec4 v0x555c1cedab50_0;
    %cmpi/e 0, 0, 32;
    %flag_mov 8, 4;
    %jmp/0 T_0.32, 8;
    %pushi/vec4 1, 0, 2;
    %jmp/1 T_0.33, 8;
T_0.32 ; End of true expr.
    %pushi/vec4 0, 0, 2;
    %jmp/0 T_0.33, 8;
 ; End of false expr.
    %blend;
T_0.33;
    %pad/s 1;
    %store/vec4 v0x555c1cedac30_0, 0, 1;
    %pushi/vec4 0, 0, 1;
    %store/vec4 v0x555c1ce74c00_0, 0, 1;
    %pushi/vec4 0, 0, 1;
    %store/vec4 v0x555c1cedaa90_0, 0, 1;
    %jmp T_0.4;
T_0.3 ;
    %load/vec4 v0x555c1ceda7a0_0;
    %addi 4, 0, 32;
    %store/vec4 v0x555c1cedab50_0, 0, 32;
    %pushi/vec4 0, 0, 1;
    %store/vec4 v0x555c1cedac30_0, 0, 1;
    %load/vec4 v0x555c1cedab50_0;
    %cmpi/e 0, 0, 32;
    %flag_mov 8, 4;
    %jmp/0 T_0.34, 8;
    %pushi/vec4 1, 0, 2;
    %jmp/1 T_0.35, 8;
T_0.34 ; End of true expr.
    %pushi/vec4 0, 0, 2;
    %jmp/0 T_0.35, 8;
 ; End of false expr.
    %blend;
T_0.35;
    %pad/s 1;
    %store/vec4 v0x555c1cedac30_0, 0, 1;
    %pushi/vec4 0, 0, 1;
    %store/vec4 v0x555c1ce74c00_0, 0, 1;
    %pushi/vec4 0, 0, 1;
    %store/vec4 v0x555c1cedaa90_0, 0, 1;
    %jmp T_0.4;
T_0.4 ;
    %pop/vec4 1;
    %jmp T_0;
    .thread T_0, $push;
    .scope S_0x555c1ceb5700;
T_1 ;
    %pushi/vec4 1, 0, 32;
    %store/vec4 v0x555c1cedb0a0_0, 0, 32;
    %pushi/vec4 2, 0, 32;
    %store/vec4 v0x555c1cedb170_0, 0, 32;
    %pushi/vec4 0, 0, 3;
    %store/vec4 v0x555c1cedaed0_0, 0, 3;
    %pushi/vec4 0, 0, 7;
    %store/vec4 v0x555c1cedafa0_0, 0, 7;
    %pushi/vec4 0, 0, 2;
    %store/vec4 v0x555c1cedb210_0, 0, 2;
    %delay 10, 0;
    %load/vec4 v0x555c1cedb3b0_0;
    %cmpi/ne 3, 0, 32;
    %flag_mov 8, 6;
    %load/vec4 v0x555c1cedb480_0;
    %pad/u 32;
    %cmpi/ne 0, 0, 32;
    %flag_or 6, 8;
    %flag_mov 8, 6;
    %load/vec4 v0x555c1cedae10_0;
    %pad/u 32;
    %cmpi/ne 0, 0, 32;
    %flag_or 6, 8;
    %flag_mov 8, 6;
    %load/vec4 v0x555c1cedb2e0_0;
    %pad/u 32;
    %cmpi/ne 0, 0, 32;
    %flag_or 6, 8;
    %jmp/0xz  T_1.0, 6;
    %vpi_call 2 33 "$display", "ADD instruction failed" {0 0 0};
T_1.0 ;
    %pushi/vec4 1, 0, 32;
    %store/vec4 v0x555c1cedb0a0_0, 0, 32;
    %pushi/vec4 2, 0, 32;
    %store/vec4 v0x555c1cedb170_0, 0, 32;
    %pushi/vec4 2, 0, 3;
    %store/vec4 v0x555c1cedaed0_0, 0, 3;
    %pushi/vec4 0, 0, 7;
    %store/vec4 v0x555c1cedafa0_0, 0, 7;
    %pushi/vec4 1, 0, 2;
    %store/vec4 v0x555c1cedb210_0, 0, 2;
    %delay 10, 0;
    %load/vec4 v0x555c1cedb3b0_0;
    %cmpi/ne 1, 0, 32;
    %flag_mov 8, 6;
    %load/vec4 v0x555c1cedb480_0;
    %pad/u 32;
    %cmpi/ne 0, 0, 32;
    %flag_or 6, 8;
    %flag_mov 8, 6;
    %load/vec4 v0x555c1cedae10_0;
    %pad/u 32;
    %cmpi/ne 0, 0, 32;
    %flag_or 6, 8;
    %flag_mov 8, 6;
    %load/vec4 v0x555c1cedb2e0_0;
    %pad/u 32;
    %cmpi/ne 0, 0, 32;
    %flag_or 6, 8;
    %jmp/0xz  T_1.2, 6;
    %vpi_call 2 42 "$display", "SLTI instruction failed" {0 0 0};
T_1.2 ;
    %pushi/vec4 4294967295, 0, 32;
    %store/vec4 v0x555c1cedb0a0_0, 0, 32;
    %pushi/vec4 1, 0, 32;
    %store/vec4 v0x555c1cedb170_0, 0, 32;
    %pushi/vec4 3, 0, 3;
    %store/vec4 v0x555c1cedaed0_0, 0, 3;
    %pushi/vec4 0, 0, 7;
    %store/vec4 v0x555c1cedafa0_0, 0, 7;
    %pushi/vec4 1, 0, 2;
    %store/vec4 v0x555c1cedb210_0, 0, 2;
    %delay 10, 0;
    %load/vec4 v0x555c1cedb3b0_0;
    %cmpi/ne 0, 0, 32;
    %flag_mov 8, 6;
    %load/vec4 v0x555c1cedb480_0;
    %pad/u 32;
    %cmpi/ne 1, 0, 32;
    %flag_or 6, 8;
    %flag_mov 8, 6;
    %load/vec4 v0x555c1cedae10_0;
    %pad/u 32;
    %cmpi/ne 0, 0, 32;
    %flag_or 6, 8;
    %flag_mov 8, 6;
    %load/vec4 v0x555c1cedb2e0_0;
    %pad/u 32;
    %cmpi/ne 0, 0, 32;
    %flag_or 6, 8;
    %jmp/0xz  T_1.4, 6;
    %vpi_call 2 51 "$display", "SLTIU instruction failed" {0 0 0};
T_1.4 ;
    %pushi/vec4 2863311530, 0, 32;
    %store/vec4 v0x555c1cedb0a0_0, 0, 32;
    %pushi/vec4 1431655765, 0, 32;
    %store/vec4 v0x555c1cedb170_0, 0, 32;
    %pushi/vec4 4, 0, 3;
    %store/vec4 v0x555c1cedaed0_0, 0, 3;
    %pushi/vec4 0, 0, 7;
    %store/vec4 v0x555c1cedafa0_0, 0, 7;
    %pushi/vec4 0, 0, 2;
    %store/vec4 v0x555c1cedb210_0, 0, 2;
    %delay 10, 0;
    %load/vec4 v0x555c1cedb3b0_0;
    %cmpi/ne 4294967295, 0, 32;
    %flag_mov 8, 6;
    %load/vec4 v0x555c1cedb480_0;
    %pad/u 32;
    %cmpi/ne 0, 0, 32;
    %flag_or 6, 8;
    %flag_mov 8, 6;
    %load/vec4 v0x555c1cedae10_0;
    %pad/u 32;
    %cmpi/ne 0, 0, 32;
    %flag_or 6, 8;
    %flag_mov 8, 6;
    %load/vec4 v0x555c1cedb2e0_0;
    %pad/u 32;
    %cmpi/ne 0, 0, 32;
    %flag_or 6, 8;
    %jmp/0xz  T_1.6, 6;
    %vpi_call 2 60 "$display", "XOR instruction failed" {0 0 0};
T_1.6 ;
    %pushi/vec4 2863311530, 0, 32;
    %store/vec4 v0x555c1cedb0a0_0, 0, 32;
    %pushi/vec4 65535, 0, 32;
    %store/vec4 v0x555c1cedb170_0, 0, 32;
    %pushi/vec4 6, 0, 3;
    %store/vec4 v0x555c1cedaed0_0, 0, 3;
    %pushi/vec4 0, 0, 7;
    %store/vec4 v0x555c1cedafa0_0, 0, 7;
    %pushi/vec4 1, 0, 2;
    %store/vec4 v0x555c1cedb210_0, 0, 2;
    %delay 10, 0;
    %load/vec4 v0x555c1cedb3b0_0;
    %cmpi/ne 2863311530, 0, 32;
    %flag_mov 8, 6;
    %load/vec4 v0x555c1cedb480_0;
    %pad/u 32;
    %cmpi/ne 0, 0, 32;
    %flag_or 6, 8;
    %flag_mov 8, 6;
    %load/vec4 v0x555c1cedae10_0;
    %pad/u 32;
    %cmpi/ne 0, 0, 32;
    %flag_or 6, 8;
    %flag_mov 8, 6;
    %load/vec4 v0x555c1cedb2e0_0;
    %pad/u 32;
    %cmpi/ne 0, 0, 32;
    %flag_or 6, 8;
    %jmp/0xz  T_1.8, 6;
    %vpi_call 2 69 "$display", "ORI instruction failed" {0 0 0};
T_1.8 ;
    %pushi/vec4 2863311530, 0, 32;
    %store/vec4 v0x555c1cedb0a0_0, 0, 32;
    %pushi/vec4 65535, 0, 32;
    %store/vec4 v0x555c1cedb170_0, 0, 32;
    %pushi/vec4 7, 0, 3;
    %store/vec4 v0x555c1cedaed0_0, 0, 3;
    %pushi/vec4 0, 0, 7;
    %store/vec4 v0x555c1cedafa0_0, 0, 7;
    %pushi/vec4 1, 0, 2;
    %store/vec4 v0x555c1cedb210_0, 0, 2;
    %delay 10, 0;
    %load/vec4 v0x555c1cedb3b0_0;
    %cmpi/ne 43690, 0, 32;
    %flag_mov 8, 6;
    %load/vec4 v0x555c1cedb480_0;
    %pad/u 32;
    %cmpi/ne 0, 0, 32;
    %flag_or 6, 8;
    %flag_mov 8, 6;
    %load/vec4 v0x555c1cedae10_0;
    %pad/u 32;
    %cmpi/ne 0, 0, 32;
    %flag_or 6, 8;
    %flag_mov 8, 6;
    %load/vec4 v0x555c1cedb2e0_0;
    %pad/u 32;
    %cmpi/ne 0, 0, 32;
    %flag_or 6, 8;
    %jmp/0xz  T_1.10, 6;
    %vpi_call 2 78 "$display", "ANDI instruction failed" {0 0 0};
T_1.10 ;
    %vpi_call 2 80 "$display", "All tests passed" {0 0 0};
    %vpi_call 2 81 "$finish" {0 0 0};
    %end;
    .thread T_1;
# The file index is used to find the file name in the following table.
:file_names 4;
    "N/A";
    "<interactive>";
    "alu_tb.v";
    "alu-new.v";
