#! /usr/bin/vvp
:ivl_version "11.0 (stable)";
:ivl_delay_selection "TYPICAL";
:vpi_time_precision + 0;
:vpi_module "/usr/lib/x86_64-linux-gnu/ivl/system.vpi";
:vpi_module "/usr/lib/x86_64-linux-gnu/ivl/vhdl_sys.vpi";
:vpi_module "/usr/lib/x86_64-linux-gnu/ivl/vhdl_textio.vpi";
:vpi_module "/usr/lib/x86_64-linux-gnu/ivl/v2005_math.vpi";
:vpi_module "/usr/lib/x86_64-linux-gnu/ivl/va_math.vpi";
S_0x55e88d4e8810 .scope module, "alu" "alu" 2 5;
 .timescale 0 0;
    .port_info 0 /INPUT 32 "DATA1";
    .port_info 1 /INPUT 32 "DATA2";
    .port_info 2 /OUTPUT 32 "RESULT";
    .port_info 3 /INPUT 5 "SELECT";
o0x7fe0bf24d048 .functor BUFZ 32, C4<zzzzzzzzzzzzzzzzzzzzzzzzzzzzzzzz>; HiZ drive
L_0x55e88d520a00/d .functor BUFZ 32, o0x7fe0bf24d048, C4<00000000000000000000000000000000>, C4<00000000000000000000000000000000>, C4<00000000000000000000000000000000>;
L_0x55e88d520a00 .delay 32 (1,1,1) L_0x55e88d520a00/d;
o0x7fe0bf24d018 .functor BUFZ 32, C4<zzzzzzzzzzzzzzzzzzzzzzzzzzzzzzzz>; HiZ drive
L_0x55e88d520b80/d .functor AND 32, o0x7fe0bf24d018, o0x7fe0bf24d048, C4<11111111111111111111111111111111>, C4<11111111111111111111111111111111>;
L_0x55e88d520b80 .delay 32 (2,2,2) L_0x55e88d520b80/d;
L_0x55e88d520ec0/d .functor OR 32, o0x7fe0bf24d018, o0x7fe0bf24d048, C4<00000000000000000000000000000000>, C4<00000000000000000000000000000000>;
L_0x55e88d520ec0 .delay 32 (2,2,2) L_0x55e88d520ec0/d;
L_0x55e88d520fb0/d .functor BUFZ 32, o0x7fe0bf24d048, C4<00000000000000000000000000000000>, C4<00000000000000000000000000000000>, C4<00000000000000000000000000000000>;
L_0x55e88d520fb0 .delay 32 (2,2,2) L_0x55e88d520fb0/d;
L_0x55e88d521120/d .functor XOR 32, o0x7fe0bf24d018, o0x7fe0bf24d048, C4<00000000000000000000000000000000>, C4<00000000000000000000000000000000>;
L_0x55e88d521120 .delay 32 (2,2,2) L_0x55e88d521120/d;
v0x55e88d4f0c80_0 .net "DATA1", 31 0, o0x7fe0bf24d018;  0 drivers
v0x55e88d51eaa0_0 .net "DATA2", 31 0, o0x7fe0bf24d048;  0 drivers
v0x55e88d51eb80_0 .net "INNER_BUS_ADD", 31 0, L_0x55e88d520ae0;  1 drivers
v0x55e88d51ec40_0 .net "INNER_BUS_AND", 31 0, L_0x55e88d520b80;  1 drivers
v0x55e88d51ed20_0 .net "INNER_BUS_DIV", 31 0, L_0x55e88d532b40;  1 drivers
v0x55e88d51ee50_0 .net "INNER_BUS_DIVU", 31 0, L_0x55e88d532f50;  1 drivers
v0x55e88d51ef30_0 .net "INNER_BUS_FORWARD", 31 0, L_0x55e88d520a00;  1 drivers
v0x55e88d51f010_0 .net "INNER_BUS_FWD", 31 0, L_0x55e88d520fb0;  1 drivers
v0x55e88d51f0f0_0 .net "INNER_BUS_MUL", 31 0, L_0x55e88d532060;  1 drivers
v0x55e88d51f1d0_0 .net "INNER_BUS_MULH", 63 0, L_0x55e88d532450;  1 drivers
v0x55e88d51f2b0_0 .net "INNER_BUS_MULHSU", 31 0, L_0x55e88d532630;  1 drivers
v0x55e88d51f390_0 .net "INNER_BUS_MULHU", 31 0, L_0x55e88d5327f0;  1 drivers
v0x55e88d51f470_0 .net "INNER_BUS_OR", 31 0, L_0x55e88d520ec0;  1 drivers
v0x55e88d51f550_0 .net "INNER_BUS_REM", 31 0, L_0x55e88d5330c0;  1 drivers
v0x55e88d51f630_0 .net "INNER_BUS_REMU", 31 0, L_0x55e88d5332d0;  1 drivers
v0x55e88d51f710_0 .net "INNER_BUS_SLL", 31 0, L_0x55e88d521260;  1 drivers
v0x55e88d51f7f0_0 .net "INNER_BUS_SLT", 31 0, L_0x55e88d531a80;  1 drivers
v0x55e88d51f8d0_0 .net "INNER_BUS_SLTU", 31 0, L_0x55e88d531e00;  1 drivers
v0x55e88d51f9b0_0 .net "INNER_BUS_SRA", 31 0, L_0x55e88d521680;  1 drivers
v0x55e88d51fa90_0 .net "INNER_BUS_SRL", 31 0, L_0x55e88d5214e0;  1 drivers
v0x55e88d51fb70_0 .net "INNER_BUS_SUB", 31 0, L_0x55e88d520ce0;  1 drivers
v0x55e88d51fc50_0 .net "INNER_BUS_XOR", 31 0, L_0x55e88d521120;  1 drivers
v0x55e88d51fd30_0 .var "RESULT", 31 0;
o0x7fe0bf24d468 .functor BUFZ 5, C4<zzzzz>; HiZ drive
v0x55e88d51fe10_0 .net "SELECT", 4 0, o0x7fe0bf24d468;  0 drivers
v0x55e88d51fef0_0 .net *"_ivl_20", 0 0, L_0x55e88d521900;  1 drivers
L_0x7fe0bedd6018 .functor BUFT 1, C4<00000000000000000000000000000001>, C4<0>, C4<0>, C4<0>;
v0x55e88d51ffb0_0 .net/2u *"_ivl_22", 31 0, L_0x7fe0bedd6018;  1 drivers
L_0x7fe0bedd6060 .functor BUFT 1, C4<00000000000000000000000000000000>, C4<0>, C4<0>, C4<0>;
v0x55e88d520090_0 .net/2u *"_ivl_24", 31 0, L_0x7fe0bedd6060;  1 drivers
v0x55e88d520170_0 .net *"_ivl_28", 0 0, L_0x55e88d531ce0;  1 drivers
L_0x7fe0bedd60a8 .functor BUFT 1, C4<00000000000000000000000000000001>, C4<0>, C4<0>, C4<0>;
v0x55e88d520230_0 .net/2u *"_ivl_30", 31 0, L_0x7fe0bedd60a8;  1 drivers
L_0x7fe0bedd60f0 .functor BUFT 1, C4<00000000000000000000000000000000>, C4<0>, C4<0>, C4<0>;
v0x55e88d520310_0 .net/2u *"_ivl_32", 31 0, L_0x7fe0bedd60f0;  1 drivers
v0x55e88d5203f0_0 .net *"_ivl_38", 63 0, L_0x55e88d532200;  1 drivers
L_0x7fe0bedd6138 .functor BUFT 1, C4<00000000000000000000000000000000>, C4<0>, C4<0>, C4<0>;
v0x55e88d5204d0_0 .net *"_ivl_41", 31 0, L_0x7fe0bedd6138;  1 drivers
v0x55e88d5205b0_0 .net *"_ivl_42", 63 0, L_0x55e88d5322f0;  1 drivers
L_0x7fe0bedd6180 .functor BUFT 1, C4<00000000000000000000000000000000>, C4<0>, C4<0>, C4<0>;
v0x55e88d5208a0_0 .net *"_ivl_45", 31 0, L_0x7fe0bedd6180;  1 drivers
E_0x55e88d4f9c10/0 .event edge, v0x55e88d51fe10_0, v0x55e88d51ef30_0, v0x55e88d51eb80_0, v0x55e88d51fb70_0;
E_0x55e88d4f9c10/1 .event edge, v0x55e88d51f710_0, v0x55e88d51f7f0_0, v0x55e88d51f8d0_0, v0x55e88d51fc50_0;
E_0x55e88d4f9c10/2 .event edge, v0x55e88d51fa90_0, v0x55e88d51f9b0_0, v0x55e88d51f470_0, v0x55e88d51ec40_0;
E_0x55e88d4f9c10/3 .event edge, v0x55e88d51f0f0_0, v0x55e88d51f1d0_0, v0x55e88d51f390_0, v0x55e88d51f2b0_0;
E_0x55e88d4f9c10/4 .event edge, v0x55e88d51ed20_0, v0x55e88d51ee50_0, v0x55e88d51f550_0, v0x55e88d51f630_0;
E_0x55e88d4f9c10 .event/or E_0x55e88d4f9c10/0, E_0x55e88d4f9c10/1, E_0x55e88d4f9c10/2, E_0x55e88d4f9c10/3, E_0x55e88d4f9c10/4;
L_0x55e88d520ae0 .delay 32 (2,2,2) L_0x55e88d520ae0/d;
L_0x55e88d520ae0/d .arith/sum 32, o0x7fe0bf24d018, o0x7fe0bf24d048;
L_0x55e88d520ce0 .delay 32 (2,2,2) L_0x55e88d520ce0/d;
L_0x55e88d520ce0/d .arith/sub 32, o0x7fe0bf24d018, o0x7fe0bf24d048;
L_0x55e88d521260 .delay 32 (3,3,3) L_0x55e88d521260/d;
L_0x55e88d521260/d .shift/l 32, o0x7fe0bf24d018, o0x7fe0bf24d048;
L_0x55e88d5214e0 .delay 32 (3,3,3) L_0x55e88d5214e0/d;
L_0x55e88d5214e0/d .shift/r 32, o0x7fe0bf24d018, o0x7fe0bf24d048;
L_0x55e88d521680 .delay 32 (3,3,3) L_0x55e88d521680/d;
L_0x55e88d521680/d .shift/r 32, o0x7fe0bf24d018, o0x7fe0bf24d048;
L_0x55e88d521900 .cmp/gt.s 32, o0x7fe0bf24d048, o0x7fe0bf24d018;
L_0x55e88d531a80 .delay 32 (2,2,2) L_0x55e88d531a80/d;
L_0x55e88d531a80/d .functor MUXZ 32, L_0x7fe0bedd6060, L_0x7fe0bedd6018, L_0x55e88d521900, C4<>;
L_0x55e88d531ce0 .cmp/gt 32, o0x7fe0bf24d048, o0x7fe0bf24d018;
L_0x55e88d531e00 .delay 32 (2,2,2) L_0x55e88d531e00/d;
L_0x55e88d531e00/d .functor MUXZ 32, L_0x7fe0bedd60f0, L_0x7fe0bedd60a8, L_0x55e88d531ce0, C4<>;
L_0x55e88d532060 .delay 32 (4,4,4) L_0x55e88d532060/d;
L_0x55e88d532060/d .arith/mult 32, o0x7fe0bf24d018, o0x7fe0bf24d048;
L_0x55e88d532200 .concat [ 32 32 0 0], o0x7fe0bf24d018, L_0x7fe0bedd6138;
L_0x55e88d5322f0 .concat [ 32 32 0 0], o0x7fe0bf24d048, L_0x7fe0bedd6180;
L_0x55e88d532450 .delay 64 (4,4,4) L_0x55e88d532450/d;
L_0x55e88d532450/d .arith/mult 64, L_0x55e88d532200, L_0x55e88d5322f0;
L_0x55e88d532630 .delay 32 (4,4,4) L_0x55e88d532630/d;
L_0x55e88d532630/d .arith/mult 32, o0x7fe0bf24d018, o0x7fe0bf24d048;
L_0x55e88d5327f0 .delay 32 (4,4,4) L_0x55e88d5327f0/d;
L_0x55e88d5327f0/d .arith/mult 32, o0x7fe0bf24d018, o0x7fe0bf24d048;
L_0x55e88d532b40 .delay 32 (4,4,4) L_0x55e88d532b40/d;
L_0x55e88d532b40/d .arith/div.s 32, o0x7fe0bf24d018, o0x7fe0bf24d018;
L_0x55e88d532f50 .delay 32 (4,4,4) L_0x55e88d532f50/d;
L_0x55e88d532f50/d .arith/div 32, o0x7fe0bf24d018, o0x7fe0bf24d048;
L_0x55e88d5330c0 .delay 32 (4,4,4) L_0x55e88d5330c0/d;
L_0x55e88d5330c0/d .arith/mod.s 32, o0x7fe0bf24d018, o0x7fe0bf24d018;
L_0x55e88d5332d0 .delay 32 (4,4,4) L_0x55e88d5332d0/d;
L_0x55e88d5332d0/d .arith/mod 32, o0x7fe0bf24d018, o0x7fe0bf24d018;
    .scope S_0x55e88d4e8810;
T_0 ;
    %wait E_0x55e88d4f9c10;
    %load/vec4 v0x55e88d51fe10_0;
    %dup/vec4;
    %pushi/vec4 31, 0, 5;
    %cmp/u;
    %jmp/1 T_0.0, 6;
    %dup/vec4;
    %pushi/vec4 0, 0, 5;
    %cmp/u;
    %jmp/1 T_0.1, 6;
    %dup/vec4;
    %pushi/vec4 2, 0, 5;
    %cmp/u;
    %jmp/1 T_0.2, 6;
    %dup/vec4;
    %pushi/vec4 4, 0, 5;
    %cmp/u;
    %jmp/1 T_0.3, 6;
    %dup/vec4;
    %pushi/vec4 8, 0, 5;
    %cmp/u;
    %jmp/1 T_0.4, 6;
    %dup/vec4;
    %pushi/vec4 12, 0, 5;
    %cmp/u;
    %jmp/1 T_0.5, 6;
    %dup/vec4;
    %pushi/vec4 16, 0, 5;
    %cmp/u;
    %jmp/1 T_0.6, 6;
    %dup/vec4;
    %pushi/vec4 20, 0, 5;
    %cmp/u;
    %jmp/1 T_0.7, 6;
    %dup/vec4;
    %pushi/vec4 22, 0, 5;
    %cmp/u;
    %jmp/1 T_0.8, 6;
    %dup/vec4;
    %pushi/vec4 24, 0, 5;
    %cmp/u;
    %jmp/1 T_0.9, 6;
    %dup/vec4;
    %pushi/vec4 28, 0, 5;
    %cmp/u;
    %jmp/1 T_0.10, 6;
    %dup/vec4;
    %pushi/vec4 1, 0, 5;
    %cmp/u;
    %jmp/1 T_0.11, 6;
    %dup/vec4;
    %pushi/vec4 5, 0, 5;
    %cmp/u;
    %jmp/1 T_0.12, 6;
    %dup/vec4;
    %pushi/vec4 9, 0, 5;
    %cmp/u;
    %jmp/1 T_0.13, 6;
    %dup/vec4;
    %pushi/vec4 13, 0, 5;
    %cmp/u;
    %jmp/1 T_0.14, 6;
    %dup/vec4;
    %pushi/vec4 17, 0, 5;
    %cmp/u;
    %jmp/1 T_0.15, 6;
    %dup/vec4;
    %pushi/vec4 21, 0, 5;
    %cmp/u;
    %jmp/1 T_0.16, 6;
    %dup/vec4;
    %pushi/vec4 25, 0, 5;
    %cmp/u;
    %jmp/1 T_0.17, 6;
    %dup/vec4;
    %pushi/vec4 29, 0, 5;
    %cmp/u;
    %jmp/1 T_0.18, 6;
    %pushi/vec4 0, 0, 32;
    %store/vec4 v0x55e88d51fd30_0, 0, 32;
    %jmp T_0.20;
T_0.0 ;
    %load/vec4 v0x55e88d51ef30_0;
    %store/vec4 v0x55e88d51fd30_0, 0, 32;
    %jmp T_0.20;
T_0.1 ;
    %load/vec4 v0x55e88d51eb80_0;
    %store/vec4 v0x55e88d51fd30_0, 0, 32;
    %jmp T_0.20;
T_0.2 ;
    %load/vec4 v0x55e88d51fb70_0;
    %store/vec4 v0x55e88d51fd30_0, 0, 32;
    %jmp T_0.20;
T_0.3 ;
    %load/vec4 v0x55e88d51f710_0;
    %store/vec4 v0x55e88d51fd30_0, 0, 32;
    %jmp T_0.20;
T_0.4 ;
    %load/vec4 v0x55e88d51f7f0_0;
    %store/vec4 v0x55e88d51fd30_0, 0, 32;
    %jmp T_0.20;
T_0.5 ;
    %load/vec4 v0x55e88d51f8d0_0;
    %store/vec4 v0x55e88d51fd30_0, 0, 32;
    %jmp T_0.20;
T_0.6 ;
    %load/vec4 v0x55e88d51fc50_0;
    %store/vec4 v0x55e88d51fd30_0, 0, 32;
    %jmp T_0.20;
T_0.7 ;
    %load/vec4 v0x55e88d51fa90_0;
    %store/vec4 v0x55e88d51fd30_0, 0, 32;
    %jmp T_0.20;
T_0.8 ;
    %load/vec4 v0x55e88d51f9b0_0;
    %store/vec4 v0x55e88d51fd30_0, 0, 32;
    %jmp T_0.20;
T_0.9 ;
    %load/vec4 v0x55e88d51f470_0;
    %store/vec4 v0x55e88d51fd30_0, 0, 32;
    %jmp T_0.20;
T_0.10 ;
    %load/vec4 v0x55e88d51ec40_0;
    %store/vec4 v0x55e88d51fd30_0, 0, 32;
    %jmp T_0.20;
T_0.11 ;
    %load/vec4 v0x55e88d51f0f0_0;
    %store/vec4 v0x55e88d51fd30_0, 0, 32;
    %jmp T_0.20;
T_0.12 ;
    %load/vec4 v0x55e88d51f1d0_0;
    %parti/s 32, 32, 7;
    %store/vec4 v0x55e88d51fd30_0, 0, 32;
    %jmp T_0.20;
T_0.13 ;
    %load/vec4 v0x55e88d51f390_0;
    %store/vec4 v0x55e88d51fd30_0, 0, 32;
    %jmp T_0.20;
T_0.14 ;
    %load/vec4 v0x55e88d51f2b0_0;
    %store/vec4 v0x55e88d51fd30_0, 0, 32;
    %jmp T_0.20;
T_0.15 ;
    %load/vec4 v0x55e88d51ed20_0;
    %store/vec4 v0x55e88d51fd30_0, 0, 32;
    %jmp T_0.20;
T_0.16 ;
    %load/vec4 v0x55e88d51ee50_0;
    %store/vec4 v0x55e88d51fd30_0, 0, 32;
    %jmp T_0.20;
T_0.17 ;
    %load/vec4 v0x55e88d51f550_0;
    %store/vec4 v0x55e88d51fd30_0, 0, 32;
    %jmp T_0.20;
T_0.18 ;
    %load/vec4 v0x55e88d51f630_0;
    %store/vec4 v0x55e88d51fd30_0, 0, 32;
    %jmp T_0.20;
T_0.20 ;
    %pop/vec4 1;
    %jmp T_0;
    .thread T_0, $push;
# The file index is used to find the file name in the following table.
:file_names 3;
    "N/A";
    "<interactive>";
    "alu.v";
