#! /usr/bin/vvp
:ivl_version "11.0 (stable)";
:ivl_delay_selection "TYPICAL";
:vpi_time_precision + 0;
:vpi_module "/usr/lib/x86_64-linux-gnu/ivl/system.vpi";
:vpi_module "/usr/lib/x86_64-linux-gnu/ivl/vhdl_sys.vpi";
:vpi_module "/usr/lib/x86_64-linux-gnu/ivl/vhdl_textio.vpi";
:vpi_module "/usr/lib/x86_64-linux-gnu/ivl/v2005_math.vpi";
:vpi_module "/usr/lib/x86_64-linux-gnu/ivl/va_math.vpi";
S_0x558afb989460 .scope module, "alu_tb" "alu_tb" 2 7;
 .timescale 0 0;
v0x558afb9c9470_0 .var "ALU_OP", 4 0;
v0x558afb9c9550_0 .var "DATA1", 31 0;
v0x558afb9c95f0_0 .var "DATA2", 31 0;
v0x558afb9c96c0_0 .net "RESULT", 31 0, v0x558afb9c8360_0;  1 drivers
S_0x558afb98e130 .scope module, "myalu" "alu" 2 17, 3 5 0, S_0x558afb989460;
 .timescale 0 0;
    .port_info 0 /INPUT 32 "DATA1";
    .port_info 1 /INPUT 32 "DATA2";
    .port_info 2 /OUTPUT 32 "RESULT";
    .port_info 3 /INPUT 5 "SELECT";
L_0x558afb9c9790/d .functor BUFZ 32, v0x558afb9c95f0_0, C4<00000000000000000000000000000000>, C4<00000000000000000000000000000000>, C4<00000000000000000000000000000000>;
L_0x558afb9c9790 .delay 32 (1,1,1) L_0x558afb9c9790/d;
L_0x558afb9c99c0/d .functor AND 32, v0x558afb9c9550_0, v0x558afb9c95f0_0, C4<11111111111111111111111111111111>, C4<11111111111111111111111111111111>;
L_0x558afb9c99c0 .delay 32 (2,2,2) L_0x558afb9c99c0/d;
L_0x558afb9c9d20/d .functor OR 32, v0x558afb9c9550_0, v0x558afb9c95f0_0, C4<00000000000000000000000000000000>, C4<00000000000000000000000000000000>;
L_0x558afb9c9d20 .delay 32 (2,2,2) L_0x558afb9c9d20/d;
L_0x558afb9c9e60/d .functor BUFZ 32, v0x558afb9c95f0_0, C4<00000000000000000000000000000000>, C4<00000000000000000000000000000000>, C4<00000000000000000000000000000000>;
L_0x558afb9c9e60 .delay 32 (2,2,2) L_0x558afb9c9e60/d;
L_0x558afb9c9fd0/d .functor XOR 32, v0x558afb9c9550_0, v0x558afb9c95f0_0, C4<00000000000000000000000000000000>, C4<00000000000000000000000000000000>;
L_0x558afb9c9fd0 .delay 32 (2,2,2) L_0x558afb9c9fd0/d;
v0x558afb989990_0 .net "DATA1", 31 0, v0x558afb9c9550_0;  1 drivers
v0x558afb9c70d0_0 .net "DATA2", 31 0, v0x558afb9c95f0_0;  1 drivers
v0x558afb9c71b0_0 .net "INNER_BUS_ADD", 31 0, L_0x558afb9c9920;  1 drivers
v0x558afb9c7270_0 .net "INNER_BUS_AND", 31 0, L_0x558afb9c99c0;  1 drivers
v0x558afb9c7350_0 .net "INNER_BUS_DIV", 31 0, L_0x558afb9db9f0;  1 drivers
v0x558afb9c7480_0 .net "INNER_BUS_DIVU", 31 0, L_0x558afb9dbe00;  1 drivers
v0x558afb9c7560_0 .net "INNER_BUS_FORWARD", 31 0, L_0x558afb9c9790;  1 drivers
v0x558afb9c7640_0 .net "INNER_BUS_FWD", 31 0, L_0x558afb9c9e60;  1 drivers
v0x558afb9c7720_0 .net "INNER_BUS_MUL", 31 0, L_0x558afb9daf10;  1 drivers
v0x558afb9c7800_0 .net "INNER_BUS_MULH", 63 0, L_0x558afb9db300;  1 drivers
v0x558afb9c78e0_0 .net "INNER_BUS_MULHSU", 31 0, L_0x558afb9db4e0;  1 drivers
v0x558afb9c79c0_0 .net "INNER_BUS_MULHU", 31 0, L_0x558afb9db8b0;  1 drivers
v0x558afb9c7aa0_0 .net "INNER_BUS_OR", 31 0, L_0x558afb9c9d20;  1 drivers
v0x558afb9c7b80_0 .net "INNER_BUS_REM", 31 0, L_0x558afb9dbf70;  1 drivers
v0x558afb9c7c60_0 .net "INNER_BUS_REMU", 31 0, L_0x558afb9dc180;  1 drivers
v0x558afb9c7d40_0 .net "INNER_BUS_SLL", 31 0, L_0x558afb9ca220;  1 drivers
v0x558afb9c7e20_0 .net "INNER_BUS_SLT", 31 0, L_0x558afb9da930;  1 drivers
v0x558afb9c7f00_0 .net "INNER_BUS_SLTU", 31 0, L_0x558afb9dacb0;  1 drivers
v0x558afb9c7fe0_0 .net "INNER_BUS_SRA", 31 0, L_0x558afb9ca640;  1 drivers
v0x558afb9c80c0_0 .net "INNER_BUS_SRL", 31 0, L_0x558afb9ca390;  1 drivers
v0x558afb9c81a0_0 .net "INNER_BUS_SUB", 31 0, L_0x558afb9c9b20;  1 drivers
v0x558afb9c8280_0 .net "INNER_BUS_XOR", 31 0, L_0x558afb9c9fd0;  1 drivers
v0x558afb9c8360_0 .var "RESULT", 31 0;
v0x558afb9c8440_0 .net "SELECT", 4 0, v0x558afb9c9470_0;  1 drivers
v0x558afb9c8520_0 .net *"_ivl_20", 0 0, L_0x558afb9ca7b0;  1 drivers
L_0x7f40bfc97018 .functor BUFT 1, C4<00000000000000000000000000000001>, C4<0>, C4<0>, C4<0>;
v0x558afb9c85e0_0 .net/2u *"_ivl_22", 31 0, L_0x7f40bfc97018;  1 drivers
L_0x7f40bfc97060 .functor BUFT 1, C4<00000000000000000000000000000000>, C4<0>, C4<0>, C4<0>;
v0x558afb9c86c0_0 .net/2u *"_ivl_24", 31 0, L_0x7f40bfc97060;  1 drivers
v0x558afb9c87a0_0 .net *"_ivl_28", 0 0, L_0x558afb9dab90;  1 drivers
L_0x7f40bfc970a8 .functor BUFT 1, C4<00000000000000000000000000000001>, C4<0>, C4<0>, C4<0>;
v0x558afb9c8860_0 .net/2u *"_ivl_30", 31 0, L_0x7f40bfc970a8;  1 drivers
L_0x7f40bfc970f0 .functor BUFT 1, C4<00000000000000000000000000000000>, C4<0>, C4<0>, C4<0>;
v0x558afb9c8940_0 .net/2u *"_ivl_32", 31 0, L_0x7f40bfc970f0;  1 drivers
v0x558afb9c8a20_0 .net *"_ivl_38", 63 0, L_0x558afb9db0b0;  1 drivers
L_0x7f40bfc97138 .functor BUFT 1, C4<00000000000000000000000000000000>, C4<0>, C4<0>, C4<0>;
v0x558afb9c8b00_0 .net *"_ivl_41", 31 0, L_0x7f40bfc97138;  1 drivers
v0x558afb9c8be0_0 .net *"_ivl_42", 63 0, L_0x558afb9db1a0;  1 drivers
L_0x7f40bfc97180 .functor BUFT 1, C4<00000000000000000000000000000000>, C4<0>, C4<0>, C4<0>;
v0x558afb9c8ed0_0 .net *"_ivl_45", 31 0, L_0x7f40bfc97180;  1 drivers
E_0x558afb9973b0/0 .event edge, v0x558afb9c8440_0, v0x558afb9c7560_0, v0x558afb9c71b0_0, v0x558afb9c81a0_0;
E_0x558afb9973b0/1 .event edge, v0x558afb9c7d40_0, v0x558afb9c7e20_0, v0x558afb9c7f00_0, v0x558afb9c8280_0;
E_0x558afb9973b0/2 .event edge, v0x558afb9c80c0_0, v0x558afb9c7fe0_0, v0x558afb9c7aa0_0, v0x558afb9c7270_0;
E_0x558afb9973b0/3 .event edge, v0x558afb9c7720_0, v0x558afb9c7800_0, v0x558afb9c79c0_0, v0x558afb9c78e0_0;
E_0x558afb9973b0/4 .event edge, v0x558afb9c7350_0, v0x558afb9c7480_0, v0x558afb9c7b80_0, v0x558afb9c7c60_0;
E_0x558afb9973b0 .event/or E_0x558afb9973b0/0, E_0x558afb9973b0/1, E_0x558afb9973b0/2, E_0x558afb9973b0/3, E_0x558afb9973b0/4;
L_0x558afb9c9920 .delay 32 (2,2,2) L_0x558afb9c9920/d;
L_0x558afb9c9920/d .arith/sum 32, v0x558afb9c9550_0, v0x558afb9c95f0_0;
L_0x558afb9c9b20 .delay 32 (2,2,2) L_0x558afb9c9b20/d;
L_0x558afb9c9b20/d .arith/sub 32, v0x558afb9c9550_0, v0x558afb9c95f0_0;
L_0x558afb9ca220 .delay 32 (3,3,3) L_0x558afb9ca220/d;
L_0x558afb9ca220/d .shift/l 32, v0x558afb9c9550_0, v0x558afb9c95f0_0;
L_0x558afb9ca390 .delay 32 (3,3,3) L_0x558afb9ca390/d;
L_0x558afb9ca390/d .shift/r 32, v0x558afb9c9550_0, v0x558afb9c95f0_0;
L_0x558afb9ca640 .delay 32 (3,3,3) L_0x558afb9ca640/d;
L_0x558afb9ca640/d .shift/r 32, v0x558afb9c9550_0, v0x558afb9c95f0_0;
L_0x558afb9ca7b0 .cmp/gt.s 32, v0x558afb9c95f0_0, v0x558afb9c9550_0;
L_0x558afb9da930 .delay 32 (2,2,2) L_0x558afb9da930/d;
L_0x558afb9da930/d .functor MUXZ 32, L_0x7f40bfc97060, L_0x7f40bfc97018, L_0x558afb9ca7b0, C4<>;
L_0x558afb9dab90 .cmp/gt 32, v0x558afb9c95f0_0, v0x558afb9c9550_0;
L_0x558afb9dacb0 .delay 32 (2,2,2) L_0x558afb9dacb0/d;
L_0x558afb9dacb0/d .functor MUXZ 32, L_0x7f40bfc970f0, L_0x7f40bfc970a8, L_0x558afb9dab90, C4<>;
L_0x558afb9daf10 .delay 32 (4,4,4) L_0x558afb9daf10/d;
L_0x558afb9daf10/d .arith/mult 32, v0x558afb9c9550_0, v0x558afb9c95f0_0;
L_0x558afb9db0b0 .concat [ 32 32 0 0], v0x558afb9c9550_0, L_0x7f40bfc97138;
L_0x558afb9db1a0 .concat [ 32 32 0 0], v0x558afb9c95f0_0, L_0x7f40bfc97180;
L_0x558afb9db300 .delay 64 (4,4,4) L_0x558afb9db300/d;
L_0x558afb9db300/d .arith/mult 64, L_0x558afb9db0b0, L_0x558afb9db1a0;
L_0x558afb9db4e0 .delay 32 (4,4,4) L_0x558afb9db4e0/d;
L_0x558afb9db4e0/d .arith/mult 32, v0x558afb9c9550_0, v0x558afb9c95f0_0;
L_0x558afb9db8b0 .delay 32 (4,4,4) L_0x558afb9db8b0/d;
L_0x558afb9db8b0/d .arith/mult 32, v0x558afb9c9550_0, v0x558afb9c95f0_0;
L_0x558afb9db9f0 .delay 32 (4,4,4) L_0x558afb9db9f0/d;
L_0x558afb9db9f0/d .arith/div.s 32, v0x558afb9c9550_0, v0x558afb9c9550_0;
L_0x558afb9dbe00 .delay 32 (4,4,4) L_0x558afb9dbe00/d;
L_0x558afb9dbe00/d .arith/div 32, v0x558afb9c9550_0, v0x558afb9c95f0_0;
L_0x558afb9dbf70 .delay 32 (4,4,4) L_0x558afb9dbf70/d;
L_0x558afb9dbf70/d .arith/mod.s 32, v0x558afb9c9550_0, v0x558afb9c9550_0;
L_0x558afb9dc180 .delay 32 (4,4,4) L_0x558afb9dc180/d;
L_0x558afb9dc180/d .arith/mod 32, v0x558afb9c9550_0, v0x558afb9c9550_0;
S_0x558afb988e20 .scope task, "run_test" "run_test" 2 20, 2 20 0, S_0x558afb989460;
 .timescale 0 0;
P_0x558afb9c9050 .param/l "UNKNOWN_OPCODE" 1 2 26, C4<00000>;
v0x558afb9c9110_0 .var "data1", 31 0;
v0x558afb9c91f0_0 .var "data2", 31 0;
v0x558afb9c92d0_0 .var "expected_result", 31 0;
v0x558afb9c9390_0 .var "opcode", 4 0;
TD_alu_tb.run_test ;
    %delay 5, 0;
    %load/vec4 v0x558afb9c9110_0;
    %store/vec4 v0x558afb9c9550_0, 0, 32;
    %load/vec4 v0x558afb9c91f0_0;
    %store/vec4 v0x558afb9c95f0_0, 0, 32;
    %load/vec4 v0x558afb9c9390_0;
    %store/vec4 v0x558afb9c9470_0, 0, 5;
    %delay 10, 0;
    %load/vec4 v0x558afb9c96c0_0;
    %load/vec4 v0x558afb9c92d0_0;
    %cmp/ne;
    %jmp/0xz  T_0.0, 6;
    %vpi_func/s 2 37 "$sformatf", "Test case FAILED for opcode %05b", v0x558afb9c9390_0 {0 0 0};
    %vpi_call 2 37 "$error", S<0,str> {0 0 1};
T_0.0 ;
    %vpi_func/s 2 41 "$sformatf", "Test case PASSED for opcode %b\012Data1 == %d\012Data2 = %d\012Result = %d", v0x558afb9c9390_0, v0x558afb9c96c0_0, v0x558afb9c9110_0, v0x558afb9c91f0_0 {0 0 0};
    %vpi_call 2 41 "$display", S<0,str> {0 0 1};
    %end;
    .scope S_0x558afb98e130;
T_1 ;
    %wait E_0x558afb9973b0;
    %load/vec4 v0x558afb9c8440_0;
    %dup/vec4;
    %pushi/vec4 31, 0, 5;
    %cmp/u;
    %jmp/1 T_1.0, 6;
    %dup/vec4;
    %pushi/vec4 0, 0, 5;
    %cmp/u;
    %jmp/1 T_1.1, 6;
    %dup/vec4;
    %pushi/vec4 2, 0, 5;
    %cmp/u;
    %jmp/1 T_1.2, 6;
    %dup/vec4;
    %pushi/vec4 4, 0, 5;
    %cmp/u;
    %jmp/1 T_1.3, 6;
    %dup/vec4;
    %pushi/vec4 8, 0, 5;
    %cmp/u;
    %jmp/1 T_1.4, 6;
    %dup/vec4;
    %pushi/vec4 12, 0, 5;
    %cmp/u;
    %jmp/1 T_1.5, 6;
    %dup/vec4;
    %pushi/vec4 16, 0, 5;
    %cmp/u;
    %jmp/1 T_1.6, 6;
    %dup/vec4;
    %pushi/vec4 20, 0, 5;
    %cmp/u;
    %jmp/1 T_1.7, 6;
    %dup/vec4;
    %pushi/vec4 22, 0, 5;
    %cmp/u;
    %jmp/1 T_1.8, 6;
    %dup/vec4;
    %pushi/vec4 24, 0, 5;
    %cmp/u;
    %jmp/1 T_1.9, 6;
    %dup/vec4;
    %pushi/vec4 28, 0, 5;
    %cmp/u;
    %jmp/1 T_1.10, 6;
    %dup/vec4;
    %pushi/vec4 1, 0, 5;
    %cmp/u;
    %jmp/1 T_1.11, 6;
    %dup/vec4;
    %pushi/vec4 5, 0, 5;
    %cmp/u;
    %jmp/1 T_1.12, 6;
    %dup/vec4;
    %pushi/vec4 9, 0, 5;
    %cmp/u;
    %jmp/1 T_1.13, 6;
    %dup/vec4;
    %pushi/vec4 13, 0, 5;
    %cmp/u;
    %jmp/1 T_1.14, 6;
    %dup/vec4;
    %pushi/vec4 17, 0, 5;
    %cmp/u;
    %jmp/1 T_1.15, 6;
    %dup/vec4;
    %pushi/vec4 21, 0, 5;
    %cmp/u;
    %jmp/1 T_1.16, 6;
    %dup/vec4;
    %pushi/vec4 25, 0, 5;
    %cmp/u;
    %jmp/1 T_1.17, 6;
    %dup/vec4;
    %pushi/vec4 29, 0, 5;
    %cmp/u;
    %jmp/1 T_1.18, 6;
    %pushi/vec4 0, 0, 32;
    %store/vec4 v0x558afb9c8360_0, 0, 32;
    %jmp T_1.20;
T_1.0 ;
    %load/vec4 v0x558afb9c7560_0;
    %store/vec4 v0x558afb9c8360_0, 0, 32;
    %jmp T_1.20;
T_1.1 ;
    %load/vec4 v0x558afb9c71b0_0;
    %store/vec4 v0x558afb9c8360_0, 0, 32;
    %jmp T_1.20;
T_1.2 ;
    %load/vec4 v0x558afb9c81a0_0;
    %store/vec4 v0x558afb9c8360_0, 0, 32;
    %jmp T_1.20;
T_1.3 ;
    %load/vec4 v0x558afb9c7d40_0;
    %store/vec4 v0x558afb9c8360_0, 0, 32;
    %jmp T_1.20;
T_1.4 ;
    %load/vec4 v0x558afb9c7e20_0;
    %store/vec4 v0x558afb9c8360_0, 0, 32;
    %jmp T_1.20;
T_1.5 ;
    %load/vec4 v0x558afb9c7f00_0;
    %store/vec4 v0x558afb9c8360_0, 0, 32;
    %jmp T_1.20;
T_1.6 ;
    %load/vec4 v0x558afb9c8280_0;
    %store/vec4 v0x558afb9c8360_0, 0, 32;
    %jmp T_1.20;
T_1.7 ;
    %load/vec4 v0x558afb9c80c0_0;
    %store/vec4 v0x558afb9c8360_0, 0, 32;
    %jmp T_1.20;
T_1.8 ;
    %load/vec4 v0x558afb9c7fe0_0;
    %store/vec4 v0x558afb9c8360_0, 0, 32;
    %jmp T_1.20;
T_1.9 ;
    %load/vec4 v0x558afb9c7aa0_0;
    %store/vec4 v0x558afb9c8360_0, 0, 32;
    %jmp T_1.20;
T_1.10 ;
    %load/vec4 v0x558afb9c7270_0;
    %store/vec4 v0x558afb9c8360_0, 0, 32;
    %jmp T_1.20;
T_1.11 ;
    %load/vec4 v0x558afb9c7720_0;
    %store/vec4 v0x558afb9c8360_0, 0, 32;
    %jmp T_1.20;
T_1.12 ;
    %load/vec4 v0x558afb9c7800_0;
    %parti/s 32, 32, 7;
    %store/vec4 v0x558afb9c8360_0, 0, 32;
    %jmp T_1.20;
T_1.13 ;
    %load/vec4 v0x558afb9c79c0_0;
    %store/vec4 v0x558afb9c8360_0, 0, 32;
    %jmp T_1.20;
T_1.14 ;
    %load/vec4 v0x558afb9c78e0_0;
    %store/vec4 v0x558afb9c8360_0, 0, 32;
    %jmp T_1.20;
T_1.15 ;
    %load/vec4 v0x558afb9c7350_0;
    %store/vec4 v0x558afb9c8360_0, 0, 32;
    %jmp T_1.20;
T_1.16 ;
    %load/vec4 v0x558afb9c7480_0;
    %store/vec4 v0x558afb9c8360_0, 0, 32;
    %jmp T_1.20;
T_1.17 ;
    %load/vec4 v0x558afb9c7b80_0;
    %store/vec4 v0x558afb9c8360_0, 0, 32;
    %jmp T_1.20;
T_1.18 ;
    %load/vec4 v0x558afb9c7c60_0;
    %store/vec4 v0x558afb9c8360_0, 0, 32;
    %jmp T_1.20;
T_1.20 ;
    %pop/vec4 1;
    %jmp T_1;
    .thread T_1, $push;
    .scope S_0x558afb989460;
T_2 ;
    %pushi/vec4 15, 0, 32;
    %store/vec4 v0x558afb9c92d0_0, 0, 32;
    %pushi/vec4 0, 0, 5;
    %store/vec4 v0x558afb9c9390_0, 0, 5;
    %pushi/vec4 10, 0, 32;
    %store/vec4 v0x558afb9c9110_0, 0, 32;
    %pushi/vec4 5, 0, 32;
    %store/vec4 v0x558afb9c91f0_0, 0, 32;
    %fork TD_alu_tb.run_test, S_0x558afb988e20;
    %join;
    %pushi/vec4 5, 0, 32;
    %store/vec4 v0x558afb9c92d0_0, 0, 32;
    %pushi/vec4 2, 0, 5;
    %store/vec4 v0x558afb9c9390_0, 0, 5;
    %pushi/vec4 10, 0, 32;
    %store/vec4 v0x558afb9c9110_0, 0, 32;
    %pushi/vec4 5, 0, 32;
    %store/vec4 v0x558afb9c91f0_0, 0, 32;
    %fork TD_alu_tb.run_test, S_0x558afb988e20;
    %join;
    %pushi/vec4 40, 0, 32;
    %store/vec4 v0x558afb9c92d0_0, 0, 32;
    %pushi/vec4 4, 0, 5;
    %store/vec4 v0x558afb9c9390_0, 0, 5;
    %pushi/vec4 10, 0, 32;
    %store/vec4 v0x558afb9c9110_0, 0, 32;
    %pushi/vec4 2, 0, 32;
    %store/vec4 v0x558afb9c91f0_0, 0, 32;
    %fork TD_alu_tb.run_test, S_0x558afb988e20;
    %join;
    %pushi/vec4 1, 0, 32;
    %store/vec4 v0x558afb9c92d0_0, 0, 32;
    %pushi/vec4 8, 0, 5;
    %store/vec4 v0x558afb9c9390_0, 0, 5;
    %pushi/vec4 5, 0, 32;
    %store/vec4 v0x558afb9c9110_0, 0, 32;
    %pushi/vec4 10, 0, 32;
    %store/vec4 v0x558afb9c91f0_0, 0, 32;
    %fork TD_alu_tb.run_test, S_0x558afb988e20;
    %join;
    %pushi/vec4 0, 0, 32;
    %store/vec4 v0x558afb9c92d0_0, 0, 32;
    %pushi/vec4 12, 0, 5;
    %store/vec4 v0x558afb9c9390_0, 0, 5;
    %pushi/vec4 4294967286, 0, 32;
    %store/vec4 v0x558afb9c9110_0, 0, 32;
    %pushi/vec4 5, 0, 32;
    %store/vec4 v0x558afb9c91f0_0, 0, 32;
    %fork TD_alu_tb.run_test, S_0x558afb988e20;
    %join;
    %pushi/vec4 4294967295, 0, 32;
    %store/vec4 v0x558afb9c92d0_0, 0, 32;
    %pushi/vec4 16, 0, 5;
    %store/vec4 v0x558afb9c9390_0, 0, 5;
    %pushi/vec4 252645135, 0, 32;
    %store/vec4 v0x558afb9c9110_0, 0, 32;
    %pushi/vec4 4042322160, 0, 32;
    %store/vec4 v0x558afb9c91f0_0, 0, 32;
    %fork TD_alu_tb.run_test, S_0x558afb988e20;
    %join;
    %pushi/vec4 19088743, 0, 32;
    %store/vec4 v0x558afb9c92d0_0, 0, 32;
    %pushi/vec4 20, 0, 5;
    %store/vec4 v0x558afb9c9390_0, 0, 5;
    %pushi/vec4 305419896, 0, 32;
    %store/vec4 v0x558afb9c9110_0, 0, 32;
    %pushi/vec4 4, 0, 32;
    %store/vec4 v0x558afb9c91f0_0, 0, 32;
    %fork TD_alu_tb.run_test, S_0x558afb988e20;
    %join;
    %end;
    .thread T_2;
# The file index is used to find the file name in the following table.
:file_names 4;
    "N/A";
    "<interactive>";
    "alu_tb.v";
    "./alu.v";
