#! /usr/bin/vvp
:ivl_version "11.0 (stable)";
:ivl_delay_selection "TYPICAL";
:vpi_time_precision + 0;
:vpi_module "/usr/lib/x86_64-linux-gnu/ivl/system.vpi";
:vpi_module "/usr/lib/x86_64-linux-gnu/ivl/vhdl_sys.vpi";
:vpi_module "/usr/lib/x86_64-linux-gnu/ivl/vhdl_textio.vpi";
:vpi_module "/usr/lib/x86_64-linux-gnu/ivl/v2005_math.vpi";
:vpi_module "/usr/lib/x86_64-linux-gnu/ivl/va_math.vpi";
S_0x56444e298cf0 .scope module, "reg_file" "reg_file" 2 1;
 .timescale 0 0;
    .port_info 0 /INPUT 32 "IN";
    .port_info 1 /OUTPUT 32 "OUT1";
    .port_info 2 /OUTPUT 32 "OUT2";
    .port_info 3 /INPUT 5 "INADDRESS";
    .port_info 4 /INPUT 5 "OUT1ADDRESS";
    .port_info 5 /INPUT 5 "OUT2ADDRESS";
    .port_info 6 /INPUT 1 "WRITE";
    .port_info 7 /INPUT 1 "CLK";
    .port_info 8 /INPUT 1 "RESET";
o0x7f596346c018 .functor BUFZ 1, C4<z>; HiZ drive
v0x56444e29ac00_0 .net "CLK", 0 0, o0x7f596346c018;  0 drivers
o0x7f596346c048 .functor BUFZ 32, C4<zzzzzzzzzzzzzzzzzzzzzzzzzzzzzzzz>; HiZ drive
v0x56444e2e8df0_0 .net "IN", 31 0, o0x7f596346c048;  0 drivers
o0x7f596346c078 .functor BUFZ 5, C4<zzzzz>; HiZ drive
v0x56444e2e8ed0_0 .net "INADDRESS", 4 0, o0x7f596346c078;  0 drivers
v0x56444e2e8f90_0 .var "OUT1", 31 0;
o0x7f596346c0d8 .functor BUFZ 5, C4<zzzzz>; HiZ drive
v0x56444e2e9070_0 .net "OUT1ADDRESS", 4 0, o0x7f596346c0d8;  0 drivers
v0x56444e2e91a0_0 .var "OUT2", 31 0;
o0x7f596346c138 .functor BUFZ 5, C4<zzzzz>; HiZ drive
v0x56444e2e9280_0 .net "OUT2ADDRESS", 4 0, o0x7f596346c138;  0 drivers
o0x7f596346c168 .functor BUFZ 1, C4<z>; HiZ drive
v0x56444e2e9360_0 .net "RESET", 0 0, o0x7f596346c168;  0 drivers
o0x7f596346c198 .functor BUFZ 1, C4<z>; HiZ drive
v0x56444e2e9420_0 .net "WRITE", 0 0, o0x7f596346c198;  0 drivers
v0x56444e2e94e0_0 .var/i "i", 31 0;
v0x56444e2e95c0 .array "regFile", 31 0, 31 0;
v0x56444e2e95c0_0 .array/port v0x56444e2e95c0, 0;
v0x56444e2e95c0_1 .array/port v0x56444e2e95c0, 1;
v0x56444e2e95c0_2 .array/port v0x56444e2e95c0, 2;
E_0x56444e2d22e0/0 .event edge, v0x56444e2e9070_0, v0x56444e2e95c0_0, v0x56444e2e95c0_1, v0x56444e2e95c0_2;
v0x56444e2e95c0_3 .array/port v0x56444e2e95c0, 3;
v0x56444e2e95c0_4 .array/port v0x56444e2e95c0, 4;
v0x56444e2e95c0_5 .array/port v0x56444e2e95c0, 5;
v0x56444e2e95c0_6 .array/port v0x56444e2e95c0, 6;
E_0x56444e2d22e0/1 .event edge, v0x56444e2e95c0_3, v0x56444e2e95c0_4, v0x56444e2e95c0_5, v0x56444e2e95c0_6;
v0x56444e2e95c0_7 .array/port v0x56444e2e95c0, 7;
v0x56444e2e95c0_8 .array/port v0x56444e2e95c0, 8;
v0x56444e2e95c0_9 .array/port v0x56444e2e95c0, 9;
v0x56444e2e95c0_10 .array/port v0x56444e2e95c0, 10;
E_0x56444e2d22e0/2 .event edge, v0x56444e2e95c0_7, v0x56444e2e95c0_8, v0x56444e2e95c0_9, v0x56444e2e95c0_10;
v0x56444e2e95c0_11 .array/port v0x56444e2e95c0, 11;
v0x56444e2e95c0_12 .array/port v0x56444e2e95c0, 12;
v0x56444e2e95c0_13 .array/port v0x56444e2e95c0, 13;
v0x56444e2e95c0_14 .array/port v0x56444e2e95c0, 14;
E_0x56444e2d22e0/3 .event edge, v0x56444e2e95c0_11, v0x56444e2e95c0_12, v0x56444e2e95c0_13, v0x56444e2e95c0_14;
v0x56444e2e95c0_15 .array/port v0x56444e2e95c0, 15;
v0x56444e2e95c0_16 .array/port v0x56444e2e95c0, 16;
v0x56444e2e95c0_17 .array/port v0x56444e2e95c0, 17;
v0x56444e2e95c0_18 .array/port v0x56444e2e95c0, 18;
E_0x56444e2d22e0/4 .event edge, v0x56444e2e95c0_15, v0x56444e2e95c0_16, v0x56444e2e95c0_17, v0x56444e2e95c0_18;
v0x56444e2e95c0_19 .array/port v0x56444e2e95c0, 19;
v0x56444e2e95c0_20 .array/port v0x56444e2e95c0, 20;
v0x56444e2e95c0_21 .array/port v0x56444e2e95c0, 21;
v0x56444e2e95c0_22 .array/port v0x56444e2e95c0, 22;
E_0x56444e2d22e0/5 .event edge, v0x56444e2e95c0_19, v0x56444e2e95c0_20, v0x56444e2e95c0_21, v0x56444e2e95c0_22;
v0x56444e2e95c0_23 .array/port v0x56444e2e95c0, 23;
v0x56444e2e95c0_24 .array/port v0x56444e2e95c0, 24;
v0x56444e2e95c0_25 .array/port v0x56444e2e95c0, 25;
v0x56444e2e95c0_26 .array/port v0x56444e2e95c0, 26;
E_0x56444e2d22e0/6 .event edge, v0x56444e2e95c0_23, v0x56444e2e95c0_24, v0x56444e2e95c0_25, v0x56444e2e95c0_26;
v0x56444e2e95c0_27 .array/port v0x56444e2e95c0, 27;
v0x56444e2e95c0_28 .array/port v0x56444e2e95c0, 28;
v0x56444e2e95c0_29 .array/port v0x56444e2e95c0, 29;
v0x56444e2e95c0_30 .array/port v0x56444e2e95c0, 30;
E_0x56444e2d22e0/7 .event edge, v0x56444e2e95c0_27, v0x56444e2e95c0_28, v0x56444e2e95c0_29, v0x56444e2e95c0_30;
v0x56444e2e95c0_31 .array/port v0x56444e2e95c0, 31;
E_0x56444e2d22e0/8 .event edge, v0x56444e2e95c0_31, v0x56444e2e9280_0;
E_0x56444e2d22e0 .event/or E_0x56444e2d22e0/0, E_0x56444e2d22e0/1, E_0x56444e2d22e0/2, E_0x56444e2d22e0/3, E_0x56444e2d22e0/4, E_0x56444e2d22e0/5, E_0x56444e2d22e0/6, E_0x56444e2d22e0/7, E_0x56444e2d22e0/8;
E_0x56444e2d2730 .event posedge, v0x56444e29ac00_0;
    .scope S_0x56444e298cf0;
T_0 ;
    %wait E_0x56444e2d2730;
    %load/vec4 v0x56444e2e9360_0;
    %pad/u 32;
    %cmpi/e 1, 0, 32;
    %jmp/0xz  T_0.0, 4;
    %pushi/vec4 0, 0, 32;
    %store/vec4 v0x56444e2e94e0_0, 0, 32;
T_0.2 ;
    %load/vec4 v0x56444e2e94e0_0;
    %cmpi/s 32, 0, 32;
    %jmp/0xz T_0.3, 5;
    %pushi/vec4 0, 0, 32;
    %ix/getv/s 4, v0x56444e2e94e0_0;
    %store/vec4a v0x56444e2e95c0, 4, 0;
    %load/vec4 v0x56444e2e94e0_0;
    %addi 1, 0, 32;
    %store/vec4 v0x56444e2e94e0_0, 0, 32;
    %jmp T_0.2;
T_0.3 ;
    %jmp T_0.1;
T_0.0 ;
    %load/vec4 v0x56444e2e9420_0;
    %pad/u 32;
    %cmpi/e 1, 0, 32;
    %jmp/0xz  T_0.4, 4;
    %delay 1, 0;
    %load/vec4 v0x56444e2e8df0_0;
    %load/vec4 v0x56444e2e8ed0_0;
    %pad/u 7;
    %ix/vec4 4;
    %store/vec4a v0x56444e2e95c0, 4, 0;
T_0.4 ;
T_0.1 ;
    %jmp T_0;
    .thread T_0;
    .scope S_0x56444e298cf0;
T_1 ;
    %wait E_0x56444e2d22e0;
    %delay 2, 0;
    %load/vec4 v0x56444e2e9070_0;
    %pad/u 7;
    %ix/vec4 4;
    %load/vec4a v0x56444e2e95c0, 4;
    %store/vec4 v0x56444e2e8f90_0, 0, 32;
    %load/vec4 v0x56444e2e9280_0;
    %pad/u 7;
    %ix/vec4 4;
    %load/vec4a v0x56444e2e95c0, 4;
    %store/vec4 v0x56444e2e91a0_0, 0, 32;
    %jmp T_1;
    .thread T_1, $push;
    .scope S_0x56444e298cf0;
T_2 ;
    %vpi_call 2 50 "$dumpfile", "cpu_wavedata_with_regFile.vcd" {0 0 0};
    %pushi/vec4 0, 0, 32;
    %store/vec4 v0x56444e2e94e0_0, 0, 32;
T_2.0 ;
    %load/vec4 v0x56444e2e94e0_0;
    %cmpi/s 32, 0, 32;
    %jmp/0xz T_2.1, 5;
    %vpi_call 2 53 "$dumpvars", 32'sb00000000000000000000000000000001, &A<v0x56444e2e95c0, v0x56444e2e94e0_0 > {0 0 0};
    %load/vec4 v0x56444e2e94e0_0;
    %addi 1, 0, 32;
    %store/vec4 v0x56444e2e94e0_0, 0, 32;
    %jmp T_2.0;
T_2.1 ;
    %end;
    .thread T_2;
# The file index is used to find the file name in the following table.
:file_names 3;
    "N/A";
    "<interactive>";
    "reg_file.v";
