#! /usr/bin/vvp
:ivl_version "11.0 (stable)";
:ivl_delay_selection "TYPICAL";
:vpi_time_precision + 0;
:vpi_module "/usr/lib/x86_64-linux-gnu/ivl/system.vpi";
:vpi_module "/usr/lib/x86_64-linux-gnu/ivl/vhdl_sys.vpi";
:vpi_module "/usr/lib/x86_64-linux-gnu/ivl/vhdl_textio.vpi";
:vpi_module "/usr/lib/x86_64-linux-gnu/ivl/v2005_math.vpi";
:vpi_module "/usr/lib/x86_64-linux-gnu/ivl/va_math.vpi";
S_0x560d775ab2c0 .scope module, "RV32IM_ALU" "RV32IM_ALU" 2 5;
 .timescale 0 0;
    .port_info 0 /INPUT 32 "DATA1";
    .port_info 1 /INPUT 32 "DATA2";
    .port_info 2 /OUTPUT 32 "RESULT";
    .port_info 3 /INPUT 5 "SELECT";
o0x7fd99f65a018 .functor BUFZ 32, C4<zzzzzzzzzzzzzzzzzzzzzzzzzzzzzzzz>; HiZ drive
o0x7fd99f65a048 .functor BUFZ 32, C4<zzzzzzzzzzzzzzzzzzzzzzzzzzzzzzzz>; HiZ drive
L_0x560d775e0b60 .functor AND 32, o0x7fd99f65a018, o0x7fd99f65a048, C4<11111111111111111111111111111111>, C4<11111111111111111111111111111111>;
L_0x560d775e0cc0 .functor OR 32, o0x7fd99f65a018, o0x7fd99f65a048, C4<00000000000000000000000000000000>, C4<00000000000000000000000000000000>;
L_0x560d775e0d30 .functor BUFZ 32, o0x7fd99f65a048, C4<00000000000000000000000000000000>, C4<00000000000000000000000000000000>, C4<00000000000000000000000000000000>;
L_0x560d775e0dd0 .functor XOR 32, o0x7fd99f65a018, o0x7fd99f65a048, C4<00000000000000000000000000000000>, C4<00000000000000000000000000000000>;
v0x560d775b1f40_0 .net "DATA1", 31 0, o0x7fd99f65a018;  0 drivers
v0x560d775deb80_0 .net "DATA2", 31 0, o0x7fd99f65a048;  0 drivers
v0x560d775dec60_0 .net "INNER_BUS_ADD", 31 0, L_0x560d775e0ac0;  1 drivers
v0x560d775ded20_0 .net "INNER_BUS_AND", 31 0, L_0x560d775e0b60;  1 drivers
v0x560d775dee00_0 .net "INNER_BUS_DIV", 31 0, L_0x560d775f1e20;  1 drivers
v0x560d775def30_0 .net "INNER_BUS_DIVU", 0 0, L_0x560d775f2470;  1 drivers
v0x560d775deff0_0 .net "INNER_BUS_FWD", 31 0, L_0x560d775e0d30;  1 drivers
v0x560d775df0d0_0 .net "INNER_BUS_MUL", 31 0, L_0x560d775f17d0;  1 drivers
v0x560d775df1b0_0 .net "INNER_BUS_MULH", 63 0, L_0x560d775f1b20;  1 drivers
v0x560d775df290_0 .net "INNER_BUS_MULHSU", 31 0, L_0x560d775f1c60;  1 drivers
v0x560d775df370_0 .net "INNER_BUS_MULHU", 31 0, L_0x560d775f1d80;  1 drivers
v0x560d775df450_0 .net "INNER_BUS_OR", 31 0, L_0x560d775e0cc0;  1 drivers
v0x560d775df530_0 .net "INNER_BUS_REM", 31 0, L_0x560d775f2630;  1 drivers
v0x560d775df610_0 .net "INNER_BUS_REMU", 31 0, L_0x560d775f26d0;  1 drivers
v0x560d775df6f0_0 .net "INNER_BUS_SLL", 31 0, L_0x560d775e0ea0;  1 drivers
v0x560d775df7d0_0 .net "INNER_BUS_SLT", 31 0, L_0x560d775f13d0;  1 drivers
v0x560d775df8b0_0 .net "INNER_BUS_SLTU", 31 0, L_0x560d775f1610;  1 drivers
v0x560d775df990_0 .net "INNER_BUS_SRA", 31 0, L_0x560d775e1070;  1 drivers
v0x560d775dfa70_0 .net "INNER_BUS_SRL", 31 0, L_0x560d775e0f70;  1 drivers
v0x560d775dfb50_0 .net "INNER_BUS_SUB", 31 0, L_0x560d775e0bd0;  1 drivers
v0x560d775dfc30_0 .net "INNER_BUS_XOR", 31 0, L_0x560d775e0dd0;  1 drivers
v0x560d775dfd10_0 .var "RESULT", 31 0;
o0x7fd99f65a438 .functor BUFZ 5, C4<zzzzz>; HiZ drive
v0x560d775dfdf0_0 .net "SELECT", 4 0, o0x7fd99f65a438;  0 drivers
v0x560d775dfed0_0 .net *"_ivl_18", 0 0, L_0x560d775e1250;  1 drivers
L_0x7fd99f1d6018 .functor BUFT 1, C4<00000000000000000000000000000001>, C4<0>, C4<0>, C4<0>;
v0x560d775dff90_0 .net/2u *"_ivl_20", 31 0, L_0x7fd99f1d6018;  1 drivers
L_0x7fd99f1d6060 .functor BUFT 1, C4<00000000000000000000000000000000>, C4<0>, C4<0>, C4<0>;
v0x560d775e0070_0 .net/2u *"_ivl_22", 31 0, L_0x7fd99f1d6060;  1 drivers
v0x560d775e0150_0 .net *"_ivl_26", 0 0, L_0x560d775f14f0;  1 drivers
L_0x7fd99f1d60a8 .functor BUFT 1, C4<00000000000000000000000000000001>, C4<0>, C4<0>, C4<0>;
v0x560d775e0210_0 .net/2u *"_ivl_28", 31 0, L_0x7fd99f1d60a8;  1 drivers
L_0x7fd99f1d60f0 .functor BUFT 1, C4<00000000000000000000000000000000>, C4<0>, C4<0>, C4<0>;
v0x560d775e02f0_0 .net/2u *"_ivl_30", 31 0, L_0x7fd99f1d60f0;  1 drivers
v0x560d775e03d0_0 .net *"_ivl_36", 63 0, L_0x560d775f18d0;  1 drivers
L_0x7fd99f1d6138 .functor BUFT 1, C4<00000000000000000000000000000000>, C4<0>, C4<0>, C4<0>;
v0x560d775e04b0_0 .net *"_ivl_39", 31 0, L_0x7fd99f1d6138;  1 drivers
v0x560d775e0590_0 .net *"_ivl_40", 63 0, L_0x560d775f19c0;  1 drivers
L_0x7fd99f1d6180 .functor BUFT 1, C4<00000000000000000000000000000000>, C4<0>, C4<0>, C4<0>;
v0x560d775e0670_0 .net *"_ivl_43", 31 0, L_0x7fd99f1d6180;  1 drivers
v0x560d775e0960_0 .net *"_ivl_52", 31 0, L_0x560d775f2190;  1 drivers
E_0x560d775bca90/0 .event edge, v0x560d775dfdf0_0, v0x560d775dec60_0, v0x560d775dfb50_0, v0x560d775df6f0_0;
E_0x560d775bca90/1 .event edge, v0x560d775df7d0_0, v0x560d775df8b0_0, v0x560d775dfc30_0, v0x560d775dfa70_0;
E_0x560d775bca90/2 .event edge, v0x560d775df990_0, v0x560d775df450_0, v0x560d775ded20_0, v0x560d775df0d0_0;
E_0x560d775bca90/3 .event edge, v0x560d775df1b0_0, v0x560d775df370_0, v0x560d775df290_0, v0x560d775dee00_0;
E_0x560d775bca90/4 .event edge, v0x560d775def30_0, v0x560d775df530_0, v0x560d775df610_0;
E_0x560d775bca90 .event/or E_0x560d775bca90/0, E_0x560d775bca90/1, E_0x560d775bca90/2, E_0x560d775bca90/3, E_0x560d775bca90/4;
L_0x560d775e0ac0 .arith/sum 32, o0x7fd99f65a018, o0x7fd99f65a048;
L_0x560d775e0bd0 .arith/sub 32, o0x7fd99f65a018, o0x7fd99f65a048;
L_0x560d775e0ea0 .shift/l 32, o0x7fd99f65a018, o0x7fd99f65a048;
L_0x560d775e0f70 .shift/r 32, o0x7fd99f65a018, o0x7fd99f65a048;
L_0x560d775e1070 .shift/r 32, o0x7fd99f65a018, o0x7fd99f65a048;
L_0x560d775e1250 .cmp/gt.s 32, o0x7fd99f65a048, o0x7fd99f65a018;
L_0x560d775f13d0 .functor MUXZ 32, L_0x7fd99f1d6060, L_0x7fd99f1d6018, L_0x560d775e1250, C4<>;
L_0x560d775f14f0 .cmp/gt 32, o0x7fd99f65a048, o0x7fd99f65a018;
L_0x560d775f1610 .functor MUXZ 32, L_0x7fd99f1d60f0, L_0x7fd99f1d60a8, L_0x560d775f14f0, C4<>;
L_0x560d775f17d0 .arith/mult 32, o0x7fd99f65a018, o0x7fd99f65a048;
L_0x560d775f18d0 .concat [ 32 32 0 0], o0x7fd99f65a018, L_0x7fd99f1d6138;
L_0x560d775f19c0 .concat [ 32 32 0 0], o0x7fd99f65a048, L_0x7fd99f1d6180;
L_0x560d775f1b20 .arith/mult 64, L_0x560d775f18d0, L_0x560d775f19c0;
L_0x560d775f1c60 .arith/mult 32, o0x7fd99f65a018, o0x7fd99f65a048;
L_0x560d775f1d80 .arith/mult 32, o0x7fd99f65a018, o0x7fd99f65a048;
L_0x560d775f1e20 .arith/div.s 32, o0x7fd99f65a018, o0x7fd99f65a018;
L_0x560d775f2190 .arith/div 32, o0x7fd99f65a018, o0x7fd99f65a048;
L_0x560d775f2470 .part L_0x560d775f2190, 0, 1;
L_0x560d775f2630 .arith/mod.s 32, o0x7fd99f65a018, o0x7fd99f65a018;
L_0x560d775f26d0 .arith/mod 32, o0x7fd99f65a018, o0x7fd99f65a018;
    .scope S_0x560d775ab2c0;
T_0 ;
    %wait E_0x560d775bca90;
    %load/vec4 v0x560d775dfdf0_0;
    %dup/vec4;
    %pushi/vec4 0, 0, 5;
    %cmp/u;
    %jmp/1 T_0.0, 6;
    %dup/vec4;
    %pushi/vec4 2, 0, 5;
    %cmp/u;
    %jmp/1 T_0.1, 6;
    %dup/vec4;
    %pushi/vec4 4, 0, 5;
    %cmp/u;
    %jmp/1 T_0.2, 6;
    %dup/vec4;
    %pushi/vec4 8, 0, 5;
    %cmp/u;
    %jmp/1 T_0.3, 6;
    %dup/vec4;
    %pushi/vec4 12, 0, 5;
    %cmp/u;
    %jmp/1 T_0.4, 6;
    %dup/vec4;
    %pushi/vec4 16, 0, 5;
    %cmp/u;
    %jmp/1 T_0.5, 6;
    %dup/vec4;
    %pushi/vec4 20, 0, 5;
    %cmp/u;
    %jmp/1 T_0.6, 6;
    %dup/vec4;
    %pushi/vec4 22, 0, 5;
    %cmp/u;
    %jmp/1 T_0.7, 6;
    %dup/vec4;
    %pushi/vec4 24, 0, 5;
    %cmp/u;
    %jmp/1 T_0.8, 6;
    %dup/vec4;
    %pushi/vec4 28, 0, 5;
    %cmp/u;
    %jmp/1 T_0.9, 6;
    %dup/vec4;
    %pushi/vec4 1, 0, 5;
    %cmp/u;
    %jmp/1 T_0.10, 6;
    %dup/vec4;
    %pushi/vec4 5, 0, 5;
    %cmp/u;
    %jmp/1 T_0.11, 6;
    %dup/vec4;
    %pushi/vec4 9, 0, 5;
    %cmp/u;
    %jmp/1 T_0.12, 6;
    %dup/vec4;
    %pushi/vec4 13, 0, 5;
    %cmp/u;
    %jmp/1 T_0.13, 6;
    %dup/vec4;
    %pushi/vec4 17, 0, 5;
    %cmp/u;
    %jmp/1 T_0.14, 6;
    %dup/vec4;
    %pushi/vec4 21, 0, 5;
    %cmp/u;
    %jmp/1 T_0.15, 6;
    %dup/vec4;
    %pushi/vec4 25, 0, 5;
    %cmp/u;
    %jmp/1 T_0.16, 6;
    %dup/vec4;
    %pushi/vec4 29, 0, 5;
    %cmp/u;
    %jmp/1 T_0.17, 6;
    %pushi/vec4 0, 0, 32;
    %store/vec4 v0x560d775dfd10_0, 0, 32;
    %jmp T_0.19;
T_0.0 ;
    %load/vec4 v0x560d775dec60_0;
    %store/vec4 v0x560d775dfd10_0, 0, 32;
    %jmp T_0.19;
T_0.1 ;
    %load/vec4 v0x560d775dfb50_0;
    %store/vec4 v0x560d775dfd10_0, 0, 32;
    %jmp T_0.19;
T_0.2 ;
    %load/vec4 v0x560d775df6f0_0;
    %store/vec4 v0x560d775dfd10_0, 0, 32;
    %jmp T_0.19;
T_0.3 ;
    %load/vec4 v0x560d775df7d0_0;
    %store/vec4 v0x560d775dfd10_0, 0, 32;
    %jmp T_0.19;
T_0.4 ;
    %load/vec4 v0x560d775df8b0_0;
    %store/vec4 v0x560d775dfd10_0, 0, 32;
    %jmp T_0.19;
T_0.5 ;
    %load/vec4 v0x560d775dfc30_0;
    %store/vec4 v0x560d775dfd10_0, 0, 32;
    %jmp T_0.19;
T_0.6 ;
    %load/vec4 v0x560d775dfa70_0;
    %store/vec4 v0x560d775dfd10_0, 0, 32;
    %jmp T_0.19;
T_0.7 ;
    %load/vec4 v0x560d775df990_0;
    %store/vec4 v0x560d775dfd10_0, 0, 32;
    %jmp T_0.19;
T_0.8 ;
    %load/vec4 v0x560d775df450_0;
    %store/vec4 v0x560d775dfd10_0, 0, 32;
    %jmp T_0.19;
T_0.9 ;
    %load/vec4 v0x560d775ded20_0;
    %store/vec4 v0x560d775dfd10_0, 0, 32;
    %jmp T_0.19;
T_0.10 ;
    %load/vec4 v0x560d775df0d0_0;
    %store/vec4 v0x560d775dfd10_0, 0, 32;
    %jmp T_0.19;
T_0.11 ;
    %load/vec4 v0x560d775df1b0_0;
    %parti/s 32, 32, 7;
    %store/vec4 v0x560d775dfd10_0, 0, 32;
    %jmp T_0.19;
T_0.12 ;
    %load/vec4 v0x560d775df370_0;
    %store/vec4 v0x560d775dfd10_0, 0, 32;
    %jmp T_0.19;
T_0.13 ;
    %load/vec4 v0x560d775df290_0;
    %store/vec4 v0x560d775dfd10_0, 0, 32;
    %jmp T_0.19;
T_0.14 ;
    %load/vec4 v0x560d775dee00_0;
    %store/vec4 v0x560d775dfd10_0, 0, 32;
    %jmp T_0.19;
T_0.15 ;
    %load/vec4 v0x560d775def30_0;
    %pad/u 32;
    %store/vec4 v0x560d775dfd10_0, 0, 32;
    %jmp T_0.19;
T_0.16 ;
    %load/vec4 v0x560d775df530_0;
    %store/vec4 v0x560d775dfd10_0, 0, 32;
    %jmp T_0.19;
T_0.17 ;
    %load/vec4 v0x560d775df610_0;
    %store/vec4 v0x560d775dfd10_0, 0, 32;
    %jmp T_0.19;
T_0.19 ;
    %pop/vec4 1;
    %jmp T_0;
    .thread T_0, $push;
# The file index is used to find the file name in the following table.
:file_names 3;
    "N/A";
    "<interactive>";
    "alu.v";
